#
# There is insufficient memory for the Java Runtime Environment to continue.
# Native memory allocation (malloc) failed to allocate 1060496 bytes for Chunk::new
# Possible reasons:
#   The system is out of physical RAM or swap space
#   The process is running with CompressedOops enabled, and the Java Heap may be blocking the growth of the native heap
# Possible solutions:
#   Reduce memory load on the system
#   Increase physical memory or swap space
#   Check if swap backing store is full
#   Decrease Java heap size (-Xmx/-Xms)
#   Decrease number of Java threads
#   Decrease Java thread stack sizes (-Xss)
#   Set larger code cache with -XX:ReservedCodeCacheSize=
#   JVM is running with Unscaled Compressed Oops mode in which the Java heap is
#     placed in the first 4GB address space. The Java Heap base address is the
#     maximum limit for the native heap growth. Please use -XX:HeapBaseMinAddress
#     to set the Java Heap base and to place the Java Heap above 4GB virtual address.
# This output file may be truncated or incomplete.
#
#  Out of Memory Error (src/hotspot/share/memory/arena.cpp:197), pid=13192, tid=11572
#
# JRE version: OpenJDK Runtime Environment (11.0.15) (build 11.0.15+0-b2043.56-9505619)
# Java VM: OpenJDK 64-Bit Server VM (11.0.15+0-b2043.56-9505619, mixed mode, tiered, compressed oops, g1 gc, windows-amd64)
# No core dump will be written. Minidumps are not enabled by default on client versions of Windows
#

---------------  S U M M A R Y ------------

Command Line: --add-opens=java.base/java.util=ALL-UNNAMED --add-opens=java.base/java.lang=ALL-UNNAMED --add-opens=java.base/java.lang.invoke=ALL-UNNAMED --add-opens=java.base/java.util=ALL-UNNAMED --add-opens=java.prefs/java.util.prefs=ALL-UNNAMED --add-opens=java.prefs/java.util.prefs=ALL-UNNAMED --add-opens=java.base/java.nio.charset=ALL-UNNAMED --add-opens=java.base/java.net=ALL-UNNAMED --add-opens=java.base/java.util.concurrent.atomic=ALL-UNNAMED -Xmx2048m -Dfile.encoding=UTF-8 -Duser.country=US -Duser.language=en -Duser.variant org.gradle.launcher.daemon.bootstrap.GradleDaemon 7.5

Host: Intel(R) Core(TM) i7-3770 CPU @ 3.40GHz, 8 cores, 7G,  Windows 10 , 64 bit Build 18362 (10.0.18362.2274)
Time: Thu Apr 13 10:58:57 2023 Arab Standard Time elapsed time: 39.651169 seconds (0d 0h 0m 39s)

---------------  T H R E A D  ---------------

Current thread (0x000001a47a74d800):  JavaThread "C2 CompilerThread1" daemon [_thread_in_native, id=11572, stack(0x000000774bc00000,0x000000774bd00000)]


Current CompileTask:
C2:  39651 10768 % !   4       com.android.ide.common.resources.DataMerger::mergeData @ 247 (611 bytes)

Stack: [0x000000774bc00000,0x000000774bd00000]
Native frames: (J=compiled Java code, j=interpreted, Vv=VM code, C=native code)
V  [jvm.dll+0x64135a]
V  [jvm.dll+0x7d39f9]
V  [jvm.dll+0x7d51b9]
V  [jvm.dll+0x7d58a3]
V  [jvm.dll+0x2691c5]
V  [jvm.dll+0xc1a5c]
V  [jvm.dll+0xc200c]
V  [jvm.dll+0x2da2c2]
V  [jvm.dll+0x54cad9]
V  [jvm.dll+0x22a011]
V  [jvm.dll+0x223809]
V  [jvm.dll+0x220384]
V  [jvm.dll+0x19e851]
V  [jvm.dll+0x230479]
V  [jvm.dll+0x22e5ef]
V  [jvm.dll+0x794de1]
V  [jvm.dll+0x78dc24]
V  [jvm.dll+0x6400f6]
C  [ucrtbase.dll+0x210b2]
C  [KERNEL32.DLL+0x17c24]
C  [ntdll.dll+0x6d721]


---------------  P R O C E S S  ---------------

Threads class SMR info:
_java_thread_list=0x000001a4006fc790, length=142, elements={
0x000001a45c0e6800, 0x000001a4765ae800, 0x000001a47659d800, 0x000001a476e0a000,
0x000001a476e0d800, 0x000001a476e0f800, 0x000001a476e1e000, 0x000001a476e21800,
0x000001a476e32800, 0x000001a476592000, 0x000001a476590000, 0x000001a476591000,
0x000001a476592800, 0x000001a479c4c000, 0x000001a479c4f800, 0x000001a479c4d000,
0x000001a479c4b800, 0x000001a479c51000, 0x000001a479c4e800, 0x000001a479c50800,
0x000001a479c52000, 0x000001a479c4e000, 0x000001a479c55000, 0x000001a479c54800,
0x000001a479c56000, 0x000001a479c57000, 0x000001a479c57800, 0x000001a479c58800,
0x000001a479c53800, 0x000001a479c52800, 0x000001a479c5a000, 0x000001a479c59800,
0x000001a47cd0e000, 0x000001a47cd0a000, 0x000001a47cd0b800, 0x000001a47cd10800,
0x000001a47cd0f800, 0x000001a47cd0b000, 0x000001a47cd11800, 0x000001a47cd0c800,
0x000001a47cd0d000, 0x000001a47cd12000, 0x000001a47cd18000, 0x000001a47cd16000,
0x000001a47cd17000, 0x000001a47cd13000, 0x000001a47cd13800, 0x000001a47cd14800,
0x000001a47cd15800, 0x000001a47ac59000, 0x000001a47ac5c800, 0x000001a47ac5d800,
0x000001a47ac5e000, 0x000001a47ac5b000, 0x000001a47ac5b800, 0x000001a47ac58800,
0x000001a47ac5f000, 0x000001a47ac5f800, 0x000001a47ac5a000, 0x000001a47ac64800,
0x000001a47ac65800, 0x000001a47ac66000, 0x000001a47ac63000, 0x000001a47ac64000,
0x000001a47ac60800, 0x000001a47ac61800, 0x000001a47ac62000, 0x000001a47ac67000,
0x000001a478946800, 0x000001a478947000, 0x000001a478945000, 0x000001a478945800,
0x000001a478943000, 0x000001a478948000, 0x000001a478949800, 0x000001a478944000,
0x000001a47894a800, 0x000001a47894e800, 0x000001a47894b800, 0x000001a47894c000,
0x000001a47894d000, 0x000001a47894e000, 0x000001a478949000, 0x000001a478952000,
0x000001a47894f800, 0x000001a478950000, 0x000001a478951000, 0x000001a479e92000,
0x000001a479e91000, 0x000001a479e92800, 0x000001a479e93800, 0x000001a479e96000,
0x000001a479e94800, 0x000001a479e95000, 0x000001a479e90800, 0x000001a479e9a000,
0x000001a479e9c800, 0x000001a479e9b800, 0x000001a479e97000, 0x000001a479e98800,
0x000001a479e9d800, 0x000001a479e99800, 0x000001a479e9b000, 0x000001a479e97800,
0x000001a479e9e000, 0x000001a479e9f000, 0x000001a4795e5800, 0x000001a4795e4800,
0x000001a4795e4000, 0x000001a4795e3000, 0x000001a4795e6800, 0x000001a4795e7000,
0x000001a4795e8000, 0x000001a4795e2000, 0x000001a4795ed000, 0x000001a4795ee800,
0x000001a4795eb000, 0x000001a4795ea800, 0x000001a4795ed800, 0x000001a4795e9000,
0x000001a4795ef800, 0x000001a4795e9800, 0x000001a4795f0000, 0x000001a4002ba800,
0x000001a4002bb800, 0x000001a4002b6800, 0x000001a4002bd000, 0x000001a4002bc800,
0x000001a4002b8000, 0x000001a4002be000, 0x000001a4002b9000, 0x000001a4002bf000,
0x000001a4002bf800, 0x000001a4002ba000, 0x000001a47a74d800, 0x000001a4002c1000,
0x000001a4002c0800, 0x000001a4002c2000, 0x000001a4002c4800, 0x000001a4002c3000,
0x000001a4002c3800, 0x000001a47acf8800
}

Java Threads: ( => current thread )
  0x000001a45c0e6800 JavaThread "main" [_thread_blocked, id=9060, stack(0x0000007748600000,0x0000007748700000)]
  0x000001a4765ae800 JavaThread "Reference Handler" daemon [_thread_blocked, id=6524, stack(0x0000007748d00000,0x0000007748e00000)]
  0x000001a47659d800 JavaThread "Finalizer" daemon [_thread_blocked, id=9180, stack(0x0000007748e00000,0x0000007748f00000)]
  0x000001a476e0a000 JavaThread "Signal Dispatcher" daemon [_thread_blocked, id=12380, stack(0x0000007748f00000,0x0000007749000000)]
  0x000001a476e0d800 JavaThread "Attach Listener" daemon [_thread_blocked, id=11560, stack(0x0000007749000000,0x0000007749100000)]
  0x000001a476e0f800 JavaThread "Service Thread" daemon [_thread_blocked, id=1272, stack(0x0000007749100000,0x0000007749200000)]
  0x000001a476e1e000 JavaThread "C2 CompilerThread0" daemon [_thread_in_native, id=7928, stack(0x0000007749200000,0x0000007749300000)]
  0x000001a476e21800 JavaThread "C1 CompilerThread0" daemon [_thread_in_native, id=12344, stack(0x0000007749300000,0x0000007749400000)]
  0x000001a476e32800 JavaThread "Sweeper thread" daemon [_thread_blocked, id=1512, stack(0x0000007749400000,0x0000007749500000)]
  0x000001a476592000 JavaThread "Common-Cleaner" daemon [_thread_blocked, id=152, stack(0x0000007749500000,0x0000007749600000)]
  0x000001a476590000 JavaThread "Daemon health stats" [_thread_blocked, id=12948, stack(0x0000007749b00000,0x0000007749c00000)]
  0x000001a476591000 JavaThread "Incoming local TCP Connector on port 28518" [_thread_in_native, id=11444, stack(0x0000007749700000,0x0000007749800000)]
  0x000001a476592800 JavaThread "Daemon periodic checks" [_thread_blocked, id=5360, stack(0x0000007749c00000,0x0000007749d00000)]
  0x000001a479c4c000 JavaThread "Daemon" [_thread_blocked, id=4508, stack(0x0000007749d00000,0x0000007749e00000)]
  0x000001a479c4f800 JavaThread "Handler for socket connection from /127.0.0.1:28518 to /127.0.0.1:28520" [_thread_in_native, id=8876, stack(0x0000007749e00000,0x0000007749f00000)]
  0x000001a479c4d000 JavaThread "Cancel handler" [_thread_blocked, id=8244, stack(0x0000007749800000,0x0000007749900000)]
  0x000001a479c4b800 JavaThread "Daemon worker" [_thread_blocked, id=6528, stack(0x0000007749f00000,0x000000774a000000)]
  0x000001a479c51000 JavaThread "Asynchronous log dispatcher for DefaultDaemonConnection: socket connection from /127.0.0.1:28518 to /127.0.0.1:28520" [_thread_blocked, id=11884, stack(0x000000774a000000,0x000000774a100000)]
  0x000001a479c4e800 JavaThread "Stdin handler" [_thread_blocked, id=9976, stack(0x000000774a100000,0x000000774a200000)]
  0x000001a479c50800 JavaThread "Daemon client event forwarder" [_thread_blocked, id=9760, stack(0x000000774a300000,0x000000774a400000)]
  0x000001a479c52000 JavaThread "Cache worker for journal cache (C:\Users\442200404\.gradle\caches\journal-1)" [_thread_blocked, id=5164, stack(0x000000774a400000,0x000000774a500000)]
  0x000001a479c4e000 JavaThread "File lock request listener" [_thread_in_native, id=13008, stack(0x000000774aa00000,0x000000774ab00000)]
  0x000001a479c55000 JavaThread "Cache worker for file hash cache (C:\Users\442200404\.gradle\caches\7.5\fileHashes)" [_thread_blocked, id=12008, stack(0x000000774ac00000,0x000000774ad00000)]
  0x000001a479c54800 JavaThread "File watcher server" daemon [_thread_in_native, id=10312, stack(0x000000774ae00000,0x000000774af00000)]
  0x000001a479c56000 JavaThread "File watcher consumer" daemon [_thread_blocked, id=6876, stack(0x000000774af00000,0x000000774b000000)]
  0x000001a479c57000 JavaThread "Cache worker for checksums cache (C:\Users\442200404\AndroidStudioProjects\SQLDemo\.gradle\7.5\checksums)" [_thread_blocked, id=6608, stack(0x000000774b000000,0x000000774b100000)]
  0x000001a479c57800 JavaThread "Cache worker for cache directory md-rule (C:\Users\442200404\.gradle\caches\7.5\md-rule)" [_thread_blocked, id=11012, stack(0x000000774b100000,0x000000774b200000)]
  0x000001a479c58800 JavaThread "Cache worker for file content cache (C:\Users\442200404\.gradle\caches\7.5\fileContent)" [_thread_blocked, id=3564, stack(0x000000774b200000,0x000000774b300000)]
  0x000001a479c53800 JavaThread "Cache worker for file hash cache (C:\Users\442200404\AndroidStudioProjects\SQLDemo\.gradle\7.5\fileHashes)" [_thread_blocked, id=852, stack(0x000000774b300000,0x000000774b400000)]
  0x000001a479c52800 JavaThread "Cache worker for cache directory md-supplier (C:\Users\442200404\.gradle\caches\7.5\md-supplier)" [_thread_blocked, id=4972, stack(0x000000774b400000,0x000000774b500000)]
  0x000001a479c5a000 JavaThread "Cache worker for execution history cache (C:\Users\442200404\.gradle\caches\7.5\executionHistory)" [_thread_blocked, id=1780, stack(0x000000774b500000,0x000000774b600000)]
  0x000001a479c59800 JavaThread "jar transforms" [_thread_blocked, id=8920, stack(0x000000774b600000,0x000000774b700000)]
  0x000001a47cd0e000 JavaThread "jar transforms Thread 2" [_thread_blocked, id=7040, stack(0x000000774b700000,0x000000774b800000)]
  0x000001a47cd0a000 JavaThread "jar transforms Thread 3" [_thread_blocked, id=4300, stack(0x000000774b800000,0x000000774b900000)]
  0x000001a47cd0b800 JavaThread "jar transforms Thread 4" [_thread_blocked, id=9172, stack(0x000000774b900000,0x000000774ba00000)]
  0x000001a47cd10800 JavaThread "Cache worker for dependencies-accessors (C:\Users\442200404\AndroidStudioProjects\SQLDemo\.gradle\7.5\dependencies-accessors)" [_thread_blocked, id=2356, stack(0x000000774ba00000,0x000000774bb00000)]
  0x000001a47cd0f800 JavaThread "jar transforms Thread 5" [_thread_blocked, id=7132, stack(0x000000774bb00000,0x000000774bc00000)]
  0x000001a47cd0b000 JavaThread "Cache worker for Build Output Cleanup Cache (C:\Users\442200404\AndroidStudioProjects\SQLDemo\.gradle\buildOutputCleanup)" [_thread_blocked, id=4520, stack(0x000000774a200000,0x000000774a300000)]
  0x000001a47cd11800 JavaThread "Unconstrained build operations" [_thread_blocked, id=9020, stack(0x000000774bd00000,0x000000774be00000)]
  0x000001a47cd0c800 JavaThread "Unconstrained build operations Thread 2" [_thread_blocked, id=9840, stack(0x000000774be00000,0x000000774bf00000)]
  0x000001a47cd0d000 JavaThread "Unconstrained build operations Thread 3" [_thread_blocked, id=5392, stack(0x000000774bf00000,0x000000774c000000)]
  0x000001a47cd12000 JavaThread "Unconstrained build operations Thread 4" [_thread_blocked, id=3852, stack(0x000000774c000000,0x000000774c100000)]
  0x000001a47cd18000 JavaThread "Unconstrained build operations Thread 5" [_thread_blocked, id=4556, stack(0x000000774c100000,0x000000774c200000)]
  0x000001a47cd16000 JavaThread "Unconstrained build operations Thread 6" [_thread_blocked, id=3204, stack(0x000000774c200000,0x000000774c300000)]
  0x000001a47cd17000 JavaThread "Unconstrained build operations Thread 7" [_thread_blocked, id=8088, stack(0x000000774c300000,0x000000774c400000)]
  0x000001a47cd13000 JavaThread "Unconstrained build operations Thread 8" [_thread_blocked, id=3884, stack(0x000000774c400000,0x000000774c500000)]
  0x000001a47cd13800 JavaThread "Unconstrained build operations Thread 9" [_thread_blocked, id=5892, stack(0x000000774c500000,0x000000774c600000)]
  0x000001a47cd14800 JavaThread "Unconstrained build operations Thread 10" [_thread_blocked, id=11272, stack(0x000000774c600000,0x000000774c700000)]
  0x000001a47cd15800 JavaThread "Unconstrained build operations Thread 11" [_thread_blocked, id=9192, stack(0x000000774c700000,0x000000774c800000)]
  0x000001a47ac59000 JavaThread "Unconstrained build operations Thread 12" [_thread_blocked, id=5816, stack(0x000000774c800000,0x000000774c900000)]
  0x000001a47ac5c800 JavaThread "Unconstrained build operations Thread 13" [_thread_blocked, id=1776, stack(0x000000774c900000,0x000000774ca00000)]
  0x000001a47ac5d800 JavaThread "Unconstrained build operations Thread 14" [_thread_blocked, id=7544, stack(0x000000774ca00000,0x000000774cb00000)]
  0x000001a47ac5e000 JavaThread "Unconstrained build operations Thread 15" [_thread_blocked, id=7596, stack(0x000000774cb00000,0x000000774cc00000)]
  0x000001a47ac5b000 JavaThread "Unconstrained build operations Thread 16" [_thread_blocked, id=10732, stack(0x000000774cc00000,0x000000774cd00000)]
  0x000001a47ac5b800 JavaThread "Unconstrained build operations Thread 17" [_thread_blocked, id=412, stack(0x000000774cd00000,0x000000774ce00000)]
  0x000001a47ac58800 JavaThread "Unconstrained build operations Thread 18" [_thread_blocked, id=12720, stack(0x000000774ce00000,0x000000774cf00000)]
  0x000001a47ac5f000 JavaThread "Unconstrained build operations Thread 19" [_thread_blocked, id=11764, stack(0x000000774cf00000,0x000000774d000000)]
  0x000001a47ac5f800 JavaThread "Unconstrained build operations Thread 20" [_thread_blocked, id=2740, stack(0x000000774d000000,0x000000774d100000)]
  0x000001a47ac5a000 JavaThread "Unconstrained build operations Thread 21" [_thread_blocked, id=348, stack(0x000000774d100000,0x000000774d200000)]
  0x000001a47ac64800 JavaThread "Unconstrained build operations Thread 22" [_thread_blocked, id=9680, stack(0x000000774d200000,0x000000774d300000)]
  0x000001a47ac65800 JavaThread "Unconstrained build operations Thread 23" [_thread_blocked, id=7392, stack(0x000000774d300000,0x000000774d400000)]
  0x000001a47ac66000 JavaThread "Unconstrained build operations Thread 24" [_thread_blocked, id=13292, stack(0x000000774d400000,0x000000774d500000)]
  0x000001a47ac63000 JavaThread "Unconstrained build operations Thread 25" [_thread_blocked, id=9380, stack(0x000000774d500000,0x000000774d600000)]
  0x000001a47ac64000 JavaThread "Unconstrained build operations Thread 26" [_thread_blocked, id=7784, stack(0x000000774d600000,0x000000774d700000)]
  0x000001a47ac60800 JavaThread "Unconstrained build operations Thread 27" [_thread_blocked, id=10048, stack(0x000000774d700000,0x000000774d800000)]
  0x000001a47ac61800 JavaThread "Unconstrained build operations Thread 28" [_thread_blocked, id=11448, stack(0x000000774d800000,0x000000774d900000)]
  0x000001a47ac62000 JavaThread "Unconstrained build operations Thread 29" [_thread_blocked, id=2172, stack(0x000000774d900000,0x000000774da00000)]
  0x000001a47ac67000 JavaThread "Unconstrained build operations Thread 30" [_thread_blocked, id=10316, stack(0x000000774da00000,0x000000774db00000)]
  0x000001a478946800 JavaThread "Unconstrained build operations Thread 31" [_thread_blocked, id=10780, stack(0x000000774db00000,0x000000774dc00000)]
  0x000001a478947000 JavaThread "Unconstrained build operations Thread 32" [_thread_blocked, id=11748, stack(0x000000774dc00000,0x000000774dd00000)]
  0x000001a478945000 JavaThread "Unconstrained build operations Thread 33" [_thread_blocked, id=2524, stack(0x000000774dd00000,0x000000774de00000)]
  0x000001a478945800 JavaThread "Unconstrained build operations Thread 34" [_thread_blocked, id=9244, stack(0x000000774de00000,0x000000774df00000)]
  0x000001a478943000 JavaThread "Unconstrained build operations Thread 35" [_thread_blocked, id=11096, stack(0x000000774df00000,0x000000774e000000)]
  0x000001a478948000 JavaThread "Unconstrained build operations Thread 36" [_thread_blocked, id=8944, stack(0x000000774e000000,0x000000774e100000)]
  0x000001a478949800 JavaThread "Unconstrained build operations Thread 37" [_thread_blocked, id=7780, stack(0x000000774e100000,0x000000774e200000)]
  0x000001a478944000 JavaThread "Unconstrained build operations Thread 38" [_thread_blocked, id=13020, stack(0x000000774e200000,0x000000774e300000)]
  0x000001a47894a800 JavaThread "Unconstrained build operations Thread 39" [_thread_blocked, id=10540, stack(0x000000774e300000,0x000000774e400000)]
  0x000001a47894e800 JavaThread "Unconstrained build operations Thread 40" [_thread_blocked, id=3532, stack(0x000000774e400000,0x000000774e500000)]
  0x000001a47894b800 JavaThread "Unconstrained build operations Thread 41" [_thread_blocked, id=4216, stack(0x000000774e500000,0x000000774e600000)]
  0x000001a47894c000 JavaThread "Unconstrained build operations Thread 42" [_thread_blocked, id=5476, stack(0x000000774e600000,0x000000774e700000)]
  0x000001a47894d000 JavaThread "Unconstrained build operations Thread 43" [_thread_blocked, id=784, stack(0x000000774e700000,0x000000774e800000)]
  0x000001a47894e000 JavaThread "Unconstrained build operations Thread 44" [_thread_blocked, id=3132, stack(0x000000774e800000,0x000000774e900000)]
  0x000001a478949000 JavaThread "Unconstrained build operations Thread 45" [_thread_blocked, id=3988, stack(0x000000774e900000,0x000000774ea00000)]
  0x000001a478952000 JavaThread "Unconstrained build operations Thread 46" [_thread_blocked, id=3972, stack(0x000000774ea00000,0x000000774eb00000)]
  0x000001a47894f800 JavaThread "Unconstrained build operations Thread 47" [_thread_blocked, id=968, stack(0x000000774eb00000,0x000000774ec00000)]
  0x000001a478950000 JavaThread "Unconstrained build operations Thread 48" [_thread_blocked, id=10000, stack(0x000000774ec00000,0x000000774ed00000)]
  0x000001a478951000 JavaThread "Unconstrained build operations Thread 49" [_thread_blocked, id=11892, stack(0x000000774ed00000,0x000000774ee00000)]
  0x000001a479e92000 JavaThread "Unconstrained build operations Thread 50" [_thread_blocked, id=2484, stack(0x000000774ee00000,0x000000774ef00000)]
  0x000001a479e91000 JavaThread "Unconstrained build operations Thread 51" [_thread_blocked, id=9392, stack(0x000000774ef00000,0x000000774f000000)]
  0x000001a479e92800 JavaThread "Unconstrained build operations Thread 52" [_thread_blocked, id=5644, stack(0x000000774f000000,0x000000774f100000)]
  0x000001a479e93800 JavaThread "Unconstrained build operations Thread 53" [_thread_blocked, id=1892, stack(0x000000774f100000,0x000000774f200000)]
  0x000001a479e96000 JavaThread "Unconstrained build operations Thread 54" [_thread_blocked, id=12520, stack(0x000000774f200000,0x000000774f300000)]
  0x000001a479e94800 JavaThread "Unconstrained build operations Thread 55" [_thread_blocked, id=7576, stack(0x000000774f300000,0x000000774f400000)]
  0x000001a479e95000 JavaThread "Unconstrained build operations Thread 56" [_thread_blocked, id=9276, stack(0x000000774f400000,0x000000774f500000)]
  0x000001a479e90800 JavaThread "Unconstrained build operations Thread 57" [_thread_blocked, id=5612, stack(0x000000774f500000,0x000000774f600000)]
  0x000001a479e9a000 JavaThread "Unconstrained build operations Thread 58" [_thread_blocked, id=11288, stack(0x000000774f600000,0x000000774f700000)]
  0x000001a479e9c800 JavaThread "Unconstrained build operations Thread 59" [_thread_blocked, id=12780, stack(0x000000774f700000,0x000000774f800000)]
  0x000001a479e9b800 JavaThread "Unconstrained build operations Thread 60" [_thread_blocked, id=8664, stack(0x000000774f800000,0x000000774f900000)]
  0x000001a479e97000 JavaThread "Unconstrained build operations Thread 61" [_thread_blocked, id=5876, stack(0x000000774f900000,0x000000774fa00000)]
  0x000001a479e98800 JavaThread "Unconstrained build operations Thread 62" [_thread_blocked, id=1884, stack(0x000000774fa00000,0x000000774fb00000)]
  0x000001a479e9d800 JavaThread "Unconstrained build operations Thread 63" [_thread_blocked, id=6596, stack(0x000000774fb00000,0x000000774fc00000)]
  0x000001a479e99800 JavaThread "Unconstrained build operations Thread 64" [_thread_blocked, id=10716, stack(0x000000774fc00000,0x000000774fd00000)]
  0x000001a479e9b000 JavaThread "Unconstrained build operations Thread 65" [_thread_blocked, id=12228, stack(0x000000774fd00000,0x000000774fe00000)]
  0x000001a479e97800 JavaThread "Unconstrained build operations Thread 66" [_thread_blocked, id=8432, stack(0x000000774fe00000,0x000000774ff00000)]
  0x000001a479e9e000 JavaThread "Unconstrained build operations Thread 67" [_thread_blocked, id=10760, stack(0x000000774ff00000,0x0000007750000000)]
  0x000001a479e9f000 JavaThread "Unconstrained build operations Thread 68" [_thread_blocked, id=8420, stack(0x0000007750000000,0x0000007750100000)]
  0x000001a4795e5800 JavaThread "Unconstrained build operations Thread 69" [_thread_blocked, id=10512, stack(0x0000007750100000,0x0000007750200000)]
  0x000001a4795e4800 JavaThread "Unconstrained build operations Thread 70" [_thread_blocked, id=8448, stack(0x0000007750200000,0x0000007750300000)]
  0x000001a4795e4000 JavaThread "Unconstrained build operations Thread 71" [_thread_blocked, id=11360, stack(0x0000007750300000,0x0000007750400000)]
  0x000001a4795e3000 JavaThread "Unconstrained build operations Thread 72" [_thread_blocked, id=7404, stack(0x0000007750400000,0x0000007750500000)]
  0x000001a4795e6800 JavaThread "Unconstrained build operations Thread 73" [_thread_blocked, id=12620, stack(0x0000007750500000,0x0000007750600000)]
  0x000001a4795e7000 JavaThread "Unconstrained build operations Thread 74" [_thread_blocked, id=9424, stack(0x0000007750600000,0x0000007750700000)]
  0x000001a4795e8000 JavaThread "Unconstrained build operations Thread 75" [_thread_blocked, id=13100, stack(0x0000007750700000,0x0000007750800000)]
  0x000001a4795e2000 JavaThread "Unconstrained build operations Thread 76" [_thread_blocked, id=12920, stack(0x0000007750800000,0x0000007750900000)]
  0x000001a4795ed000 JavaThread "Unconstrained build operations Thread 77" [_thread_blocked, id=12712, stack(0x0000007750900000,0x0000007750a00000)]
  0x000001a4795ee800 JavaThread "Unconstrained build operations Thread 78" [_thread_blocked, id=7844, stack(0x0000007750a00000,0x0000007750b00000)]
  0x000001a4795eb000 JavaThread "Unconstrained build operations Thread 79" [_thread_blocked, id=8720, stack(0x0000007750b00000,0x0000007750c00000)]
  0x000001a4795ea800 JavaThread "Unconstrained build operations Thread 80" [_thread_blocked, id=5776, stack(0x0000007750c00000,0x0000007750d00000)]
  0x000001a4795ed800 JavaThread "jar transforms Thread 6" [_thread_blocked, id=6960, stack(0x0000007750d00000,0x0000007750e00000)]
  0x000001a4795e9000 JavaThread "jar transforms Thread 7" [_thread_blocked, id=5584, stack(0x0000007750e00000,0x0000007750f00000)]
  0x000001a4795ef800 JavaThread "jar transforms Thread 8" [_thread_blocked, id=3776, stack(0x0000007750f00000,0x0000007751000000)]
  0x000001a4795e9800 JavaThread "build event listener" [_thread_blocked, id=13048, stack(0x000000774ad00000,0x000000774ae00000)]
  0x000001a4795f0000 JavaThread "Memory manager" [_thread_blocked, id=4164, stack(0x0000007751000000,0x0000007751100000)]
  0x000001a4002ba800 JavaThread "included builds" [_thread_blocked, id=6696, stack(0x0000007748400000,0x0000007748500000)]
  0x000001a4002bb800 JavaThread "Execution worker" [_thread_blocked, id=12796, stack(0x0000007751100000,0x0000007751200000)]
  0x000001a4002b6800 JavaThread "Execution worker Thread 2" [_thread_in_Java, id=8732, stack(0x0000007751200000,0x0000007751300000)]
  0x000001a4002bd000 JavaThread "Execution worker Thread 3" [_thread_blocked, id=5132, stack(0x0000007751300000,0x0000007751400000)]
  0x000001a4002bc800 JavaThread "Execution worker Thread 4" [_thread_blocked, id=7156, stack(0x0000007751400000,0x0000007751500000)]
  0x000001a4002b8000 JavaThread "Execution worker Thread 5" [_thread_blocked, id=2284, stack(0x0000007751500000,0x0000007751600000)]
  0x000001a4002be000 JavaThread "Execution worker Thread 6" [_thread_blocked, id=6476, stack(0x0000007751600000,0x0000007751700000)]
  0x000001a4002b9000 JavaThread "Execution worker Thread 7" [_thread_blocked, id=9888, stack(0x0000007751700000,0x0000007751800000)]
  0x000001a4002bf000 JavaThread "Cache worker for execution history cache (C:\Users\442200404\AndroidStudioProjects\SQLDemo\.gradle\7.5\executionHistory)" [_thread_blocked, id=5384, stack(0x0000007751800000,0x0000007751900000)]
  0x000001a4002bf800 JavaThread "WorkerExecutor Queue" [_thread_blocked, id=11796, stack(0x0000007751900000,0x0000007751a00000)]
  0x000001a4002ba000 JavaThread "WorkerExecutor Queue Thread 2" [_thread_in_Java, id=2136, stack(0x0000007751b00000,0x0000007751c00000)]
=>0x000001a47a74d800 JavaThread "C2 CompilerThread1" daemon [_thread_in_native, id=11572, stack(0x000000774bc00000,0x000000774bd00000)]
  0x000001a4002c1000 JavaThread "WorkerExecutor Queue Thread 3" [_thread_blocked, id=12668, stack(0x0000007751d00000,0x0000007751e00000)]
  0x000001a4002c0800 JavaThread "WorkerExecutor Queue Thread 4" [_thread_in_Java, id=12084, stack(0x0000007751e00000,0x0000007751f00000)]
  0x000001a4002c2000 JavaThread "WorkerExecutor Queue Thread 5" [_thread_in_Java, id=12752, stack(0x0000007751f00000,0x0000007752000000)]
  0x000001a4002c4800 JavaThread "WorkerExecutor Queue Thread 6" [_thread_in_vm, id=11256, stack(0x0000007752000000,0x0000007752100000)]
  0x000001a4002c3000 JavaThread "WorkerExecutor Queue Thread 7" [_thread_blocked, id=8100, stack(0x0000007752100000,0x0000007752200000)]
  0x000001a4002c3800 JavaThread "WorkerExecutor Queue Thread 8" [_thread_in_Java, id=9780, stack(0x0000007752200000,0x0000007752300000)]
  0x000001a47acf8800 JavaThread "Java2D Disposer" daemon [_thread_blocked, id=11632, stack(0x0000007752400000,0x0000007752500000)]

Other Threads:
  0x000001a47659c000 VMThread "VM Thread" [stack: 0x0000007748c00000,0x0000007748d00000] [id=7956]
  0x000001a476fbe000 WatcherThread [stack: 0x0000007749600000,0x0000007749700000] [id=6952]
  0x000001a45c101800 GCTaskThread "GC Thread#0" [stack: 0x0000007748700000,0x0000007748800000] [id=1976]
  0x000001a4783b3800 GCTaskThread "GC Thread#1" [stack: 0x0000007749900000,0x0000007749a00000] [id=6060]
  0x000001a477d76800 GCTaskThread "GC Thread#2" [stack: 0x0000007749a00000,0x0000007749b00000] [id=2868]
  0x000001a478e83800 GCTaskThread "GC Thread#3" [stack: 0x000000774a500000,0x000000774a600000] [id=4028]
  0x000001a479b66800 GCTaskThread "GC Thread#4" [stack: 0x000000774a600000,0x000000774a700000] [id=9316]
  0x000001a477f99800 GCTaskThread "GC Thread#5" [stack: 0x000000774a700000,0x000000774a800000] [id=1328]
  0x000001a479031800 GCTaskThread "GC Thread#6" [stack: 0x000000774a800000,0x000000774a900000] [id=10256]
  0x000001a479433800 GCTaskThread "GC Thread#7" [stack: 0x000000774a900000,0x000000774aa00000] [id=3428]
  0x000001a45c131000 ConcurrentGCThread "G1 Main Marker" [stack: 0x0000007748800000,0x0000007748900000] [id=12632]
  0x000001a45c132800 ConcurrentGCThread "G1 Conc#0" [stack: 0x0000007748900000,0x0000007748a00000] [id=4572]
  0x000001a4796b2000 ConcurrentGCThread "G1 Conc#1" [stack: 0x000000774ab00000,0x000000774ac00000] [id=10744]
  0x000001a4763e8800 ConcurrentGCThread "G1 Refine#0" [stack: 0x0000007748a00000,0x0000007748b00000] [id=10824]
  0x000001a45c1ad800 ConcurrentGCThread "G1 Young RemSet Sampling" [stack: 0x0000007748b00000,0x0000007748c00000] [id=1684]

Threads with active compile tasks:
C2 CompilerThread0    39866 10995       4       com.android.utils.XmlUtils::append (597 bytes)
C1 CompilerThread0    39866 11168       3       com.sun.imageio.plugins.png.PNGImageWriter::encodePass (1063 bytes)
C2 CompilerThread1    39866 10768 % !   4       com.android.ide.common.resources.DataMerger::mergeData @ 247 (611 bytes)

VM state:not at safepoint (normal execution)

VM Mutex/Monitor currently owned by a thread: None

Heap address: 0x0000000080000000, size: 2048 MB, Compressed Oops mode: 32-bit
Narrow klass base: 0x0000000000000000, Narrow klass shift: 3
Compressed class space size: 1073741824 Address: 0x0000000100000000

Heap:
 garbage-first heap   total 157696K, used 119231K [0x0000000080000000, 0x0000000100000000)
  region size 1024K, 13 young (13312K), 2 survivors (2048K)
 Metaspace       used 91757K, capacity 94296K, committed 94800K, reserved 1138688K
  class space    used 11776K, capacity 12772K, committed 13004K, reserved 1048576K
Heap Regions: E=young(eden), S=young(survivor), O=old, HS=humongous(starts), HC=humongous(continues), CS=collection set, F=free, A=archive, TAMS=top-at-mark-start (previous, next)
|   0|0x0000000080000000, 0x0000000080100000, 0x0000000080100000|100%| O|  |TAMS 0x0000000080100000, 0x0000000080000000| Untracked 
|   1|0x0000000080100000, 0x0000000080200000, 0x0000000080200000|100%| O|  |TAMS 0x0000000080200000, 0x0000000080100000| Untracked 
|   2|0x0000000080200000, 0x0000000080300000, 0x0000000080300000|100%| O|  |TAMS 0x0000000080300000, 0x0000000080200000| Untracked 
|   3|0x0000000080300000, 0x0000000080400000, 0x0000000080400000|100%|HS|  |TAMS 0x0000000080400000, 0x0000000080300000| Complete 
|   4|0x0000000080400000, 0x0000000080500000, 0x0000000080500000|100%|HC|  |TAMS 0x0000000080500000, 0x0000000080400000| Complete 
|   5|0x0000000080500000, 0x0000000080600000, 0x0000000080600000|100%|HC|  |TAMS 0x0000000080600000, 0x0000000080500000| Complete 
|   6|0x0000000080600000, 0x0000000080700000, 0x0000000080700000|100%| O|  |TAMS 0x0000000080700000, 0x0000000080600000| Untracked 
|   7|0x0000000080700000, 0x0000000080800000, 0x0000000080800000|100%| O|  |TAMS 0x0000000080800000, 0x0000000080700000| Untracked 
|   8|0x0000000080800000, 0x0000000080900000, 0x0000000080900000|100%| O|  |TAMS 0x0000000080900000, 0x0000000080800000| Untracked 
|   9|0x0000000080900000, 0x0000000080a00000, 0x0000000080a00000|100%| O|  |TAMS 0x0000000080a00000, 0x0000000080900000| Untracked 
|  10|0x0000000080a00000, 0x0000000080b00000, 0x0000000080b00000|100%| O|  |TAMS 0x0000000080b00000, 0x0000000080a00000| Untracked 
|  11|0x0000000080b00000, 0x0000000080c00000, 0x0000000080c00000|100%| O|  |TAMS 0x0000000080c00000, 0x0000000080b00000| Untracked 
|  12|0x0000000080c00000, 0x0000000080d00000, 0x0000000080d00000|100%| O|  |TAMS 0x0000000080d00000, 0x0000000080c00000| Untracked 
|  13|0x0000000080d00000, 0x0000000080e00000, 0x0000000080e00000|100%| O|  |TAMS 0x0000000080e00000, 0x0000000080d00000| Untracked 
|  14|0x0000000080e00000, 0x0000000080f00000, 0x0000000080f00000|100%| O|  |TAMS 0x0000000080f00000, 0x0000000080e00000| Untracked 
|  15|0x0000000080f00000, 0x0000000081000000, 0x0000000081000000|100%| O|  |TAMS 0x0000000081000000, 0x0000000080f00000| Untracked 
|  16|0x0000000081000000, 0x0000000081100000, 0x0000000081100000|100%|HS|  |TAMS 0x0000000081100000, 0x0000000081000000| Complete 
|  17|0x0000000081100000, 0x0000000081200000, 0x0000000081200000|100%| O|  |TAMS 0x0000000081200000, 0x0000000081100000| Untracked 
|  18|0x0000000081200000, 0x0000000081300000, 0x0000000081300000|100%| O|  |TAMS 0x0000000081300000, 0x0000000081200000| Untracked 
|  19|0x0000000081300000, 0x0000000081400000, 0x0000000081400000|100%| O|  |TAMS 0x0000000081400000, 0x0000000081300000| Untracked 
|  20|0x0000000081400000, 0x0000000081500000, 0x0000000081500000|100%| O|  |TAMS 0x0000000081500000, 0x0000000081400000| Untracked 
|  21|0x0000000081500000, 0x0000000081600000, 0x0000000081600000|100%| O|  |TAMS 0x0000000081600000, 0x0000000081500000| Untracked 
|  22|0x0000000081600000, 0x0000000081700000, 0x0000000081700000|100%| O|  |TAMS 0x0000000081700000, 0x0000000081600000| Untracked 
|  23|0x0000000081700000, 0x0000000081800000, 0x0000000081800000|100%| O|  |TAMS 0x0000000081800000, 0x0000000081700000| Untracked 
|  24|0x0000000081800000, 0x0000000081900000, 0x0000000081900000|100%| O|  |TAMS 0x0000000081900000, 0x0000000081800000| Untracked 
|  25|0x0000000081900000, 0x0000000081a00000, 0x0000000081a00000|100%| O|  |TAMS 0x0000000081a00000, 0x0000000081900000| Untracked 
|  26|0x0000000081a00000, 0x0000000081b00000, 0x0000000081b00000|100%| O|  |TAMS 0x0000000081b00000, 0x0000000081a00000| Untracked 
|  27|0x0000000081b00000, 0x0000000081c00000, 0x0000000081c00000|100%| O|  |TAMS 0x0000000081c00000, 0x0000000081b00000| Untracked 
|  28|0x0000000081c00000, 0x0000000081d00000, 0x0000000081d00000|100%|HS|  |TAMS 0x0000000081d00000, 0x0000000081c00000| Complete 
|  29|0x0000000081d00000, 0x0000000081e00000, 0x0000000081e00000|100%| O|  |TAMS 0x0000000081e00000, 0x0000000081d00000| Untracked 
|  30|0x0000000081e00000, 0x0000000081f00000, 0x0000000081f00000|100%| O|  |TAMS 0x0000000081f00000, 0x0000000081e00000| Untracked 
|  31|0x0000000081f00000, 0x0000000082000000, 0x0000000082000000|100%| O|  |TAMS 0x0000000082000000, 0x0000000081f00000| Untracked 
|  32|0x0000000082000000, 0x0000000082100000, 0x0000000082100000|100%| O|  |TAMS 0x0000000082100000, 0x0000000082000000| Untracked 
|  33|0x0000000082100000, 0x0000000082200000, 0x0000000082200000|100%| O|  |TAMS 0x0000000082200000, 0x0000000082100000| Untracked 
|  34|0x0000000082200000, 0x0000000082300000, 0x0000000082300000|100%| O|  |TAMS 0x0000000082300000, 0x0000000082200000| Untracked 
|  35|0x0000000082300000, 0x0000000082400000, 0x0000000082400000|100%| O|  |TAMS 0x0000000082400000, 0x0000000082300000| Untracked 
|  36|0x0000000082400000, 0x0000000082500000, 0x0000000082500000|100%| O|  |TAMS 0x0000000082500000, 0x0000000082400000| Untracked 
|  37|0x0000000082500000, 0x0000000082600000, 0x0000000082600000|100%| O|  |TAMS 0x0000000082600000, 0x0000000082500000| Untracked 
|  38|0x0000000082600000, 0x0000000082700000, 0x0000000082700000|100%| O|  |TAMS 0x0000000082700000, 0x0000000082600000| Untracked 
|  39|0x0000000082700000, 0x0000000082800000, 0x0000000082800000|100%| O|  |TAMS 0x0000000082800000, 0x0000000082700000| Untracked 
|  40|0x0000000082800000, 0x0000000082900000, 0x0000000082900000|100%| O|  |TAMS 0x0000000082900000, 0x0000000082800000| Untracked 
|  41|0x0000000082900000, 0x0000000082a00000, 0x0000000082a00000|100%| O|  |TAMS 0x0000000082a00000, 0x0000000082900000| Untracked 
|  42|0x0000000082a00000, 0x0000000082b00000, 0x0000000082b00000|100%| O|  |TAMS 0x0000000082b00000, 0x0000000082a00000| Untracked 
|  43|0x0000000082b00000, 0x0000000082c00000, 0x0000000082c00000|100%| O|  |TAMS 0x0000000082c00000, 0x0000000082b00000| Untracked 
|  44|0x0000000082c00000, 0x0000000082d00000, 0x0000000082d00000|100%| O|  |TAMS 0x0000000082d00000, 0x0000000082c00000| Untracked 
|  45|0x0000000082d00000, 0x0000000082e00000, 0x0000000082e00000|100%| O|  |TAMS 0x0000000082e00000, 0x0000000082d00000| Untracked 
|  46|0x0000000082e00000, 0x0000000082f00000, 0x0000000082f00000|100%| O|  |TAMS 0x0000000082f00000, 0x0000000082e00000| Untracked 
|  47|0x0000000082f00000, 0x0000000083000000, 0x0000000083000000|100%| O|  |TAMS 0x0000000083000000, 0x0000000082f00000| Untracked 
|  48|0x0000000083000000, 0x0000000083100000, 0x0000000083100000|100%| O|  |TAMS 0x0000000083100000, 0x0000000083000000| Untracked 
|  49|0x0000000083100000, 0x0000000083200000, 0x0000000083200000|100%| O|  |TAMS 0x0000000083200000, 0x0000000083100000| Untracked 
|  50|0x0000000083200000, 0x0000000083300000, 0x0000000083300000|100%| O|  |TAMS 0x0000000083300000, 0x0000000083200000| Untracked 
|  51|0x0000000083300000, 0x0000000083400000, 0x0000000083400000|100%| O|  |TAMS 0x0000000083400000, 0x0000000083300000| Untracked 
|  52|0x0000000083400000, 0x0000000083500000, 0x0000000083500000|100%| O|  |TAMS 0x0000000083500000, 0x0000000083400000| Untracked 
|  53|0x0000000083500000, 0x0000000083600000, 0x0000000083600000|100%| O|  |TAMS 0x0000000083600000, 0x0000000083500000| Untracked 
|  54|0x0000000083600000, 0x0000000083700000, 0x0000000083700000|100%| O|  |TAMS 0x0000000083700000, 0x0000000083600000| Untracked 
|  55|0x0000000083700000, 0x0000000083800000, 0x0000000083800000|100%| O|  |TAMS 0x0000000083800000, 0x0000000083700000| Untracked 
|  56|0x0000000083800000, 0x0000000083900000, 0x0000000083900000|100%| O|  |TAMS 0x0000000083900000, 0x0000000083800000| Untracked 
|  57|0x0000000083900000, 0x0000000083a00000, 0x0000000083a00000|100%| O|  |TAMS 0x0000000083a00000, 0x0000000083900000| Untracked 
|  58|0x0000000083a00000, 0x0000000083b00000, 0x0000000083b00000|100%| O|  |TAMS 0x0000000083b00000, 0x0000000083a00000| Untracked 
|  59|0x0000000083b00000, 0x0000000083c00000, 0x0000000083c00000|100%| O|  |TAMS 0x0000000083c00000, 0x0000000083b00000| Untracked 
|  60|0x0000000083c00000, 0x0000000083d00000, 0x0000000083d00000|100%| O|  |TAMS 0x0000000083d00000, 0x0000000083c00000| Untracked 
|  61|0x0000000083d00000, 0x0000000083e00000, 0x0000000083e00000|100%| O|  |TAMS 0x0000000083e00000, 0x0000000083d00000| Untracked 
|  62|0x0000000083e00000, 0x0000000083f00000, 0x0000000083f00000|100%| O|  |TAMS 0x0000000083f00000, 0x0000000083e00000| Untracked 
|  63|0x0000000083f00000, 0x0000000084000000, 0x0000000084000000|100%| O|  |TAMS 0x0000000084000000, 0x0000000083f00000| Untracked 
|  64|0x0000000084000000, 0x0000000084100000, 0x0000000084100000|100%| O|  |TAMS 0x0000000084100000, 0x0000000084000000| Untracked 
|  65|0x0000000084100000, 0x0000000084200000, 0x0000000084200000|100%| O|  |TAMS 0x0000000084200000, 0x0000000084100000| Untracked 
|  66|0x0000000084200000, 0x0000000084300000, 0x0000000084300000|100%| O|  |TAMS 0x0000000084300000, 0x0000000084200000| Untracked 
|  67|0x0000000084300000, 0x0000000084400000, 0x0000000084400000|100%| O|  |TAMS 0x0000000084400000, 0x0000000084300000| Untracked 
|  68|0x0000000084400000, 0x0000000084500000, 0x0000000084500000|100%| O|  |TAMS 0x0000000084500000, 0x0000000084400000| Untracked 
|  69|0x0000000084500000, 0x0000000084600000, 0x0000000084600000|100%| O|  |TAMS 0x0000000084600000, 0x0000000084500000| Untracked 
|  70|0x0000000084600000, 0x0000000084700000, 0x0000000084700000|100%| O|  |TAMS 0x0000000084700000, 0x0000000084600000| Untracked 
|  71|0x0000000084700000, 0x0000000084800000, 0x0000000084800000|100%| O|  |TAMS 0x0000000084800000, 0x0000000084700000| Untracked 
|  72|0x0000000084800000, 0x0000000084900000, 0x0000000084900000|100%| O|  |TAMS 0x0000000084900000, 0x0000000084800000| Untracked 
|  73|0x0000000084900000, 0x0000000084a00000, 0x0000000084a00000|100%| O|  |TAMS 0x0000000084a00000, 0x0000000084900000| Untracked 
|  74|0x0000000084a00000, 0x0000000084b00000, 0x0000000084b00000|100%| O|  |TAMS 0x0000000084b00000, 0x0000000084a00000| Untracked 
|  75|0x0000000084b00000, 0x0000000084c00000, 0x0000000084c00000|100%| O|  |TAMS 0x0000000084c00000, 0x0000000084b00000| Untracked 
|  76|0x0000000084c00000, 0x0000000084d00000, 0x0000000084d00000|100%| O|  |TAMS 0x0000000084d00000, 0x0000000084c00000| Untracked 
|  77|0x0000000084d00000, 0x0000000084e00000, 0x0000000084e00000|100%| O|  |TAMS 0x0000000084e00000, 0x0000000084d00000| Untracked 
|  78|0x0000000084e00000, 0x0000000084e9ac00, 0x0000000084f00000| 60%| O|  |TAMS 0x0000000084e9ac00, 0x0000000084e00000| Untracked 
|  79|0x0000000084f00000, 0x0000000085000000, 0x0000000085000000|100%|HS|  |TAMS 0x0000000085000000, 0x0000000084f00000| Complete 
|  80|0x0000000085000000, 0x0000000085100000, 0x0000000085100000|100%|HC|  |TAMS 0x0000000085100000, 0x0000000085000000| Complete 
|  81|0x0000000085100000, 0x0000000085200000, 0x0000000085200000|100%| O|  |TAMS 0x0000000085200000, 0x0000000085100000| Untracked 
|  82|0x0000000085200000, 0x0000000085300000, 0x0000000085300000|100%| O|  |TAMS 0x0000000085300000, 0x0000000085200000| Untracked 
|  83|0x0000000085300000, 0x0000000085400000, 0x0000000085400000|100%| O|  |TAMS 0x0000000085400000, 0x0000000085300000| Untracked 
|  84|0x0000000085400000, 0x0000000085500000, 0x0000000085500000|100%| O|  |TAMS 0x0000000085500000, 0x0000000085400000| Untracked 
|  85|0x0000000085500000, 0x0000000085600000, 0x0000000085600000|100%| O|  |TAMS 0x0000000085600000, 0x0000000085500000| Untracked 
|  86|0x0000000085600000, 0x0000000085700000, 0x0000000085700000|100%| O|  |TAMS 0x0000000085700000, 0x0000000085600000| Untracked 
|  87|0x0000000085700000, 0x0000000085800000, 0x0000000085800000|100%| O|  |TAMS 0x0000000085800000, 0x0000000085700000| Untracked 
|  88|0x0000000085800000, 0x0000000085900000, 0x0000000085900000|100%| O|  |TAMS 0x0000000085900000, 0x0000000085800000| Untracked 
|  89|0x0000000085900000, 0x0000000085a00000, 0x0000000085a00000|100%| O|  |TAMS 0x0000000085a00000, 0x0000000085900000| Untracked 
|  90|0x0000000085a00000, 0x0000000085b00000, 0x0000000085b00000|100%| O|  |TAMS 0x0000000085b00000, 0x0000000085a00000| Untracked 
|  91|0x0000000085b00000, 0x0000000085c00000, 0x0000000085c00000|100%| O|  |TAMS 0x0000000085c00000, 0x0000000085b00000| Untracked 
|  92|0x0000000085c00000, 0x0000000085d00000, 0x0000000085d00000|100%| O|  |TAMS 0x0000000085d00000, 0x0000000085c00000| Untracked 
|  93|0x0000000085d00000, 0x0000000085e00000, 0x0000000085e00000|100%| O|  |TAMS 0x0000000085e00000, 0x0000000085d00000| Untracked 
|  94|0x0000000085e00000, 0x0000000085f00000, 0x0000000085f00000|100%| O|  |TAMS 0x0000000085f00000, 0x0000000085e00000| Untracked 
|  95|0x0000000085f00000, 0x0000000086000000, 0x0000000086000000|100%| O|  |TAMS 0x0000000086000000, 0x0000000085f00000| Untracked 
|  96|0x0000000086000000, 0x0000000086100000, 0x0000000086100000|100%| O|  |TAMS 0x0000000086100000, 0x0000000086000000| Untracked 
|  97|0x0000000086100000, 0x0000000086200000, 0x0000000086200000|100%|HS|  |TAMS 0x0000000086100000, 0x0000000086100000| Complete 
|  98|0x0000000086200000, 0x0000000086300000, 0x0000000086300000|100%|HS|  |TAMS 0x0000000086200000, 0x0000000086200000| Complete 
|  99|0x0000000086300000, 0x0000000086400000, 0x0000000086400000|100%|HS|  |TAMS 0x0000000086300000, 0x0000000086300000| Complete 
| 100|0x0000000086400000, 0x0000000086500000, 0x0000000086500000|100%|HC|  |TAMS 0x0000000086400000, 0x0000000086400000| Complete 
| 101|0x0000000086500000, 0x0000000086600000, 0x0000000086600000|100%|HS|  |TAMS 0x0000000086500000, 0x0000000086500000| Complete 
| 102|0x0000000086600000, 0x0000000086700000, 0x0000000086700000|100%|HS|  |TAMS 0x0000000086600000, 0x0000000086600000| Complete 
| 103|0x0000000086700000, 0x0000000086800000, 0x0000000086800000|100%|HC|  |TAMS 0x0000000086700000, 0x0000000086700000| Complete 
| 104|0x0000000086800000, 0x0000000086900000, 0x0000000086900000|100%|HS|  |TAMS 0x0000000086800000, 0x0000000086800000| Complete 
| 105|0x0000000086900000, 0x0000000086a00000, 0x0000000086a00000|100%|HC|  |TAMS 0x0000000086900000, 0x0000000086900000| Complete 
| 106|0x0000000086a00000, 0x0000000086a00000, 0x0000000086b00000|  0%| F|  |TAMS 0x0000000086a00000, 0x0000000086a00000| Untracked 
| 107|0x0000000086b00000, 0x0000000086b00000, 0x0000000086c00000|  0%| F|  |TAMS 0x0000000086b00000, 0x0000000086b00000| Untracked 
| 108|0x0000000086c00000, 0x0000000086c00000, 0x0000000086d00000|  0%| F|  |TAMS 0x0000000086c00000, 0x0000000086c00000| Untracked 
| 109|0x0000000086d00000, 0x0000000086d00000, 0x0000000086e00000|  0%| F|  |TAMS 0x0000000086d00000, 0x0000000086d00000| Untracked 
| 110|0x0000000086e00000, 0x0000000086e00000, 0x0000000086f00000|  0%| F|  |TAMS 0x0000000086e00000, 0x0000000086e00000| Untracked 
| 111|0x0000000086f00000, 0x0000000086f00000, 0x0000000087000000|  0%| F|  |TAMS 0x0000000086f00000, 0x0000000086f00000| Untracked 
| 112|0x0000000087000000, 0x0000000087000000, 0x0000000087100000|  0%| F|  |TAMS 0x0000000087000000, 0x0000000087000000| Untracked 
| 113|0x0000000087100000, 0x0000000087100000, 0x0000000087200000|  0%| F|  |TAMS 0x0000000087100000, 0x0000000087100000| Untracked 
| 114|0x0000000087200000, 0x0000000087200000, 0x0000000087300000|  0%| F|  |TAMS 0x0000000087200000, 0x0000000087200000| Untracked 
| 115|0x0000000087300000, 0x0000000087300000, 0x0000000087400000|  0%| F|  |TAMS 0x0000000087300000, 0x0000000087300000| Untracked 
| 116|0x0000000087400000, 0x0000000087400000, 0x0000000087500000|  0%| F|  |TAMS 0x0000000087400000, 0x0000000087400000| Untracked 
| 117|0x0000000087500000, 0x0000000087500000, 0x0000000087600000|  0%| F|  |TAMS 0x0000000087500000, 0x0000000087500000| Untracked 
| 118|0x0000000087600000, 0x0000000087600000, 0x0000000087700000|  0%| F|  |TAMS 0x0000000087600000, 0x0000000087600000| Untracked 
| 119|0x0000000087700000, 0x0000000087700000, 0x0000000087800000|  0%| F|  |TAMS 0x0000000087700000, 0x0000000087700000| Untracked 
| 120|0x0000000087800000, 0x0000000087800000, 0x0000000087900000|  0%| F|  |TAMS 0x0000000087800000, 0x0000000087800000| Untracked 
| 121|0x0000000087900000, 0x0000000087900000, 0x0000000087a00000|  0%| F|  |TAMS 0x0000000087900000, 0x0000000087900000| Untracked 
| 122|0x0000000087a00000, 0x0000000087a00000, 0x0000000087b00000|  0%| F|  |TAMS 0x0000000087a00000, 0x0000000087a00000| Untracked 
| 123|0x0000000087b00000, 0x0000000087b00000, 0x0000000087c00000|  0%| F|  |TAMS 0x0000000087b00000, 0x0000000087b00000| Untracked 
| 124|0x0000000087c00000, 0x0000000087c00000, 0x0000000087d00000|  0%| F|  |TAMS 0x0000000087c00000, 0x0000000087c00000| Untracked 
| 125|0x0000000087d00000, 0x0000000087d00000, 0x0000000087e00000|  0%| F|  |TAMS 0x0000000087d00000, 0x0000000087d00000| Untracked 
| 126|0x0000000087e00000, 0x0000000087e00000, 0x0000000087f00000|  0%| F|  |TAMS 0x0000000087e00000, 0x0000000087e00000| Untracked 
| 127|0x0000000087f00000, 0x0000000087f00000, 0x0000000088000000|  0%| F|  |TAMS 0x0000000087f00000, 0x0000000087f00000| Untracked 
| 128|0x0000000088000000, 0x0000000088000000, 0x0000000088100000|  0%| F|  |TAMS 0x0000000088000000, 0x0000000088000000| Untracked 
| 129|0x0000000088100000, 0x0000000088100000, 0x0000000088200000|  0%| F|  |TAMS 0x0000000088100000, 0x0000000088100000| Untracked 
| 130|0x0000000088200000, 0x0000000088200000, 0x0000000088300000|  0%| F|  |TAMS 0x0000000088200000, 0x0000000088200000| Untracked 
| 131|0x0000000088300000, 0x0000000088300000, 0x0000000088400000|  0%| F|  |TAMS 0x0000000088300000, 0x0000000088300000| Untracked 
| 132|0x0000000088400000, 0x0000000088400000, 0x0000000088500000|  0%| F|  |TAMS 0x0000000088400000, 0x0000000088400000| Untracked 
| 133|0x0000000088500000, 0x0000000088500000, 0x0000000088600000|  0%| F|  |TAMS 0x0000000088500000, 0x0000000088500000| Untracked 
| 134|0x0000000088600000, 0x0000000088600000, 0x0000000088700000|  0%| F|  |TAMS 0x0000000088600000, 0x0000000088600000| Untracked 
| 135|0x0000000088700000, 0x0000000088700000, 0x0000000088800000|  0%| F|  |TAMS 0x0000000088700000, 0x0000000088700000| Untracked 
| 136|0x0000000088800000, 0x0000000088800000, 0x0000000088900000|  0%| F|  |TAMS 0x0000000088800000, 0x0000000088800000| Untracked 
| 137|0x0000000088900000, 0x0000000088900000, 0x0000000088a00000|  0%| F|  |TAMS 0x0000000088900000, 0x0000000088900000| Untracked 
| 138|0x0000000088a00000, 0x0000000088a00000, 0x0000000088b00000|  0%| F|  |TAMS 0x0000000088a00000, 0x0000000088a00000| Untracked 
| 139|0x0000000088b00000, 0x0000000088b00000, 0x0000000088c00000|  0%| F|  |TAMS 0x0000000088b00000, 0x0000000088b00000| Untracked 
| 140|0x0000000088c00000, 0x0000000088c5b670, 0x0000000088d00000| 35%| E|  |TAMS 0x0000000088c00000, 0x0000000088c00000| Complete 
| 141|0x0000000088d00000, 0x0000000088e00000, 0x0000000088e00000|100%| E|CS|TAMS 0x0000000088d00000, 0x0000000088d00000| Complete 
| 142|0x0000000088e00000, 0x0000000088f00000, 0x0000000088f00000|100%| E|CS|TAMS 0x0000000088e00000, 0x0000000088e00000| Complete 
| 143|0x0000000088f00000, 0x0000000089000000, 0x0000000089000000|100%| E|CS|TAMS 0x0000000088f00000, 0x0000000088f00000| Complete 
| 144|0x0000000089000000, 0x0000000089100000, 0x0000000089100000|100%| E|CS|TAMS 0x0000000089000000, 0x0000000089000000| Complete 
| 145|0x0000000089100000, 0x00000000891d52e0, 0x0000000089200000| 83%| S|CS|TAMS 0x0000000089100000, 0x0000000089100000| Complete 
| 146|0x0000000089200000, 0x0000000089300000, 0x0000000089300000|100%| S|CS|TAMS 0x0000000089200000, 0x0000000089200000| Complete 
| 147|0x0000000089300000, 0x0000000089400000, 0x0000000089400000|100%| E|CS|TAMS 0x0000000089300000, 0x0000000089300000| Complete 
| 148|0x0000000089400000, 0x0000000089500000, 0x0000000089500000|100%| E|  |TAMS 0x0000000089400000, 0x0000000089400000| Complete 
| 149|0x0000000089500000, 0x0000000089600000, 0x0000000089600000|100%| E|CS|TAMS 0x0000000089500000, 0x0000000089500000| Complete 
| 150|0x0000000089600000, 0x0000000089700000, 0x0000000089700000|100%| E|CS|TAMS 0x0000000089600000, 0x0000000089600000| Complete 
| 151|0x0000000089700000, 0x0000000089800000, 0x0000000089800000|100%| E|CS|TAMS 0x0000000089700000, 0x0000000089700000| Complete 
| 152|0x0000000089800000, 0x0000000089900000, 0x0000000089900000|100%| E|CS|TAMS 0x0000000089800000, 0x0000000089800000| Complete 
| 153|0x0000000089900000, 0x0000000089a00000, 0x0000000089a00000|100%| E|CS|TAMS 0x0000000089900000, 0x0000000089900000| Complete 

Card table byte_map: [0x000001a46f330000,0x000001a46f730000] _byte_map_base: 0x000001a46ef30000

Marking Bits (Prev, Next): (CMBitMap*) 0x000001a45c1286b8, (CMBitMap*) 0x000001a45c1286f0
 Prev Bits: [0x000001a46fb30000, 0x000001a471b30000)
 Next Bits: [0x000001a471b30000, 0x000001a473b30000)

Polling page: 0x000001a45a0a0000

Metaspace:

Usage:
  Non-class:     79.61 MB capacity,    78.11 MB ( 98%) used,     1.21 MB (  2%) free+waste,   293.75 KB ( <1%) overhead. 
      Class:     12.47 MB capacity,    11.50 MB ( 92%) used,   859.73 KB (  7%) free+waste,   135.56 KB (  1%) overhead. 
       Both:     92.09 MB capacity,    89.62 MB ( 97%) used,     2.05 MB (  2%) free+waste,   429.31 KB ( <1%) overhead. 

Virtual space:
  Non-class space:       88.00 MB reserved,      79.88 MB ( 91%) committed 
      Class space:        1.00 GB reserved,      12.70 MB (  1%) committed 
             Both:        1.09 GB reserved,      92.58 MB (  8%) committed 

Chunk freelists:
   Non-Class:  272.00 KB
       Class:  156.00 KB
        Both:  428.00 KB

MaxMetaspaceSize: 17179869184.00 GB
CompressedClassSpaceSize: 1.00 GB
Initial GC threshold: 20.80 MB
Current GC threshold: 152.84 MB
CDS: off

CodeHeap 'non-profiled nmethods': size=120000Kb used=7030Kb max_used=7030Kb free=112969Kb
 bounds [0x000001a4676d0000, 0x000001a467db0000, 0x000001a46ec00000]
CodeHeap 'profiled nmethods': size=120000Kb used=23916Kb max_used=23916Kb free=96083Kb
 bounds [0x000001a4601a0000, 0x000001a461900000, 0x000001a4676d0000]
CodeHeap 'non-nmethods': size=5760Kb used=2477Kb max_used=2482Kb free=3282Kb
 bounds [0x000001a45fc00000, 0x000001a45fe70000, 0x000001a4601a0000]
 total_blobs=12084 nmethods=11055 adapters=940
 compilation: enabled
              stopped_count=0, restarted_count=0
 full_count=0

Compilation events (20 events):
Event: 39.463 Thread 0x000001a476e21800 10976       3       com.android.utils.PositionXmlParser$Position::toSourcePosition (69 bytes)
Event: 39.463 Thread 0x000001a476e21800 nmethod 10976 0x000001a461890c90 code [0x000001a461890e60, 0x000001a4618910c8]
Event: 39.463 Thread 0x000001a476e21800 10977       3       com.android.ide.common.blame.SourceFile::equals (55 bytes)
Event: 39.465 Thread 0x000001a476e21800 nmethod 10977 0x000001a461891210 code [0x000001a461891440, 0x000001a461891d98]
Event: 39.465 Thread 0x000001a476e21800 10978       3       com.android.ide.common.blame.SourcePosition::hashCode (69 bytes)
Event: 39.467 Thread 0x000001a476e21800 nmethod 10978 0x000001a461891f90 code [0x000001a4618922e0, 0x000001a461893cc8]
Event: 39.467 Thread 0x000001a476e21800 10968       1       com.android.utils.PositionXmlParser$Position::getColumn (5 bytes)
Event: 39.467 Thread 0x000001a476e21800 nmethod 10968 0x000001a467d9c190 code [0x000001a467d9c340, 0x000001a467d9c3f8]
Event: 39.470 Thread 0x000001a476e1e000 nmethod 10947 0x000001a467d9c490 code [0x000001a467d9c640, 0x000001a467d9ce88]
Event: 39.470 Thread 0x000001a476e1e000 10957       4       org.apache.xerces.dom.NodeImpl::isNormalized (56 bytes)
Event: 39.472 Thread 0x000001a476e1e000 nmethod 10957 0x000001a467d9d210 code [0x000001a467d9d3a0, 0x000001a467d9d458]
Event: 39.472 Thread 0x000001a476e1e000 10951       4       org.apache.xerces.dom.CoreDocumentImpl::setUserData (183 bytes)
Event: 39.473 Thread 0x000001a476e21800 10982       3       java.lang.String::substring (58 bytes)
Event: 39.475 Thread 0x000001a476e21800 nmethod 10982 0x000001a461894410 code [0x000001a461894640, 0x000001a461894cc8]
Event: 39.514 Thread 0x000001a476e21800 10987       2       java.lang.Integer::formatUnsignedInt (44 bytes)
Event: 39.515 Thread 0x000001a476e21800 nmethod 10987 0x000001a461894f10 code [0x000001a4618950c0, 0x000001a461895298]
Event: 39.515 Thread 0x000001a476e21800 10988       2       java.lang.Integer::toHexString (6 bytes)
Event: 39.516 Thread 0x000001a476e21800 nmethod 10988 0x000001a461895410 code [0x000001a4618955c0, 0x000001a4618956a8]
Event: 39.516 Thread 0x000001a476e21800 10989       2       java.lang.Integer::toUnsignedString0 (78 bytes)
Event: 39.516 Thread 0x000001a476e21800 nmethod 10989 0x000001a461895790 code [0x000001a461895960, 0x000001a461895c18]

GC Heap History (20 events):
Event: 24.168 GC heap before
{Heap before GC invocations=13 (full 0):
 garbage-first heap   total 157696K, used 123945K [0x0000000080000000, 0x0000000100000000)
  region size 1024K, 76 young (77824K), 5 survivors (5120K)
 Metaspace       used 64946K, capacity 66561K, committed 66640K, reserved 1107968K
  class space    used 8236K, capacity 8865K, committed 8908K, reserved 1048576K
}
Event: 24.180 GC heap after
{Heap after GC invocations=14 (full 0):
 garbage-first heap   total 157696K, used 48099K [0x0000000080000000, 0x0000000100000000)
  region size 1024K, 10 young (10240K), 10 survivors (10240K)
 Metaspace       used 64946K, capacity 66561K, committed 66640K, reserved 1107968K
  class space    used 8236K, capacity 8865K, committed 8908K, reserved 1048576K
}
Event: 26.128 GC heap before
{Heap before GC invocations=14 (full 0):
 garbage-first heap   total 157696K, used 115683K [0x0000000080000000, 0x0000000100000000)
  region size 1024K, 77 young (78848K), 10 survivors (10240K)
 Metaspace       used 68329K, capacity 69995K, committed 70096K, reserved 1110016K
  class space    used 8770K, capacity 9453K, committed 9548K, reserved 1048576K
}
Event: 26.165 GC heap after
{Heap after GC invocations=15 (full 0):
 garbage-first heap   total 157696K, used 52669K [0x0000000080000000, 0x0000000100000000)
  region size 1024K, 5 young (5120K), 5 survivors (5120K)
 Metaspace       used 68329K, capacity 69995K, committed 70096K, reserved 1110016K
  class space    used 8770K, capacity 9453K, committed 9548K, reserved 1048576K
}
Event: 28.226 GC heap before
{Heap before GC invocations=16 (full 0):
 garbage-first heap   total 157696K, used 121277K [0x0000000080000000, 0x0000000100000000)
  region size 1024K, 72 young (73728K), 5 survivors (5120K)
 Metaspace       used 74899K, capacity 76790K, committed 77008K, reserved 1116160K
  class space    used 9803K, capacity 10518K, committed 10572K, reserved 1048576K
}
Event: 28.241 GC heap after
{Heap after GC invocations=17 (full 0):
 garbage-first heap   total 157696K, used 56484K [0x0000000080000000, 0x0000000100000000)
  region size 1024K, 9 young (9216K), 9 survivors (9216K)
 Metaspace       used 74899K, capacity 76790K, committed 77008K, reserved 1116160K
  class space    used 9803K, capacity 10518K, committed 10572K, reserved 1048576K
}
Event: 29.651 GC heap before
{Heap before GC invocations=17 (full 0):
 garbage-first heap   total 157696K, used 124068K [0x0000000080000000, 0x0000000100000000)
  region size 1024K, 75 young (76800K), 9 survivors (9216K)
 Metaspace       used 80007K, capacity 82088K, committed 82384K, reserved 1120256K
  class space    used 10468K, capacity 11218K, committed 11340K, reserved 1048576K
}
Event: 29.669 GC heap after
{Heap after GC invocations=18 (full 0):
 garbage-first heap   total 157696K, used 62275K [0x0000000080000000, 0x0000000100000000)
  region size 1024K, 10 young (10240K), 10 survivors (10240K)
 Metaspace       used 80007K, capacity 82088K, committed 82384K, reserved 1120256K
  class space    used 10468K, capacity 11218K, committed 11340K, reserved 1048576K
}
Event: 30.961 GC heap before
{Heap before GC invocations=18 (full 0):
 garbage-first heap   total 157696K, used 124739K [0x0000000080000000, 0x0000000100000000)
  region size 1024K, 72 young (73728K), 10 survivors (10240K)
 Metaspace       used 83172K, capacity 85356K, committed 85584K, reserved 1124352K
  class space    used 10877K, capacity 11713K, committed 11724K, reserved 1048576K
}
Event: 30.983 GC heap after
{Heap after GC invocations=19 (full 0):
 garbage-first heap   total 157696K, used 69365K [0x0000000080000000, 0x0000000100000000)
  region size 1024K, 8 young (8192K), 8 survivors (8192K)
 Metaspace       used 83172K, capacity 85356K, committed 85584K, reserved 1124352K
  class space    used 10877K, capacity 11713K, committed 11724K, reserved 1048576K
}
Event: 32.608 GC heap before
{Heap before GC invocations=19 (full 0):
 garbage-first heap   total 157696K, used 124661K [0x0000000080000000, 0x0000000100000000)
  region size 1024K, 63 young (64512K), 8 survivors (8192K)
 Metaspace       used 85164K, capacity 87672K, committed 87888K, reserved 1124352K
  class space    used 11178K, capacity 12143K, committed 12236K, reserved 1048576K
}
Event: 32.621 GC heap after
{Heap after GC invocations=20 (full 0):
 garbage-first heap   total 157696K, used 73009K [0x0000000080000000, 0x0000000100000000)
  region size 1024K, 4 young (4096K), 4 survivors (4096K)
 Metaspace       used 85164K, capacity 87672K, committed 87888K, reserved 1124352K
  class space    used 11178K, capacity 12143K, committed 12236K, reserved 1048576K
}
Event: 35.007 GC heap before
{Heap before GC invocations=20 (full 0):
 garbage-first heap   total 157696K, used 127281K [0x0000000080000000, 0x0000000100000000)
  region size 1024K, 58 young (59392K), 4 survivors (4096K)
 Metaspace       used 88163K, capacity 90732K, committed 91088K, reserved 1128448K
  class space    used 11502K, capacity 12511K, committed 12620K, reserved 1048576K
}
Event: 35.017 GC heap after
{Heap after GC invocations=21 (full 0):
 garbage-first heap   total 157696K, used 75128K [0x0000000080000000, 0x0000000100000000)
  region size 1024K, 6 young (6144K), 6 survivors (6144K)
 Metaspace       used 88163K, capacity 90732K, committed 91088K, reserved 1128448K
  class space    used 11502K, capacity 12511K, committed 12620K, reserved 1048576K
}
Event: 37.107 GC heap before
{Heap before GC invocations=21 (full 0):
 garbage-first heap   total 157696K, used 97656K [0x0000000080000000, 0x0000000100000000)
  region size 1024K, 29 young (29696K), 6 survivors (6144K)
 Metaspace       used 88335K, capacity 90925K, committed 91088K, reserved 1128448K
  class space    used 11502K, capacity 12511K, committed 12620K, reserved 1048576K
}
Event: 37.152 GC heap after
{Heap after GC invocations=22 (full 0):
 garbage-first heap   total 157696K, used 82833K [0x0000000080000000, 0x0000000100000000)
  region size 1024K, 8 young (8192K), 8 survivors (8192K)
 Metaspace       used 88335K, capacity 90925K, committed 91088K, reserved 1128448K
  class space    used 11502K, capacity 12511K, committed 12620K, reserved 1048576K
}
Event: 39.138 GC heap before
{Heap before GC invocations=23 (full 0):
 garbage-first heap   total 157696K, used 128913K [0x0000000080000000, 0x0000000100000000)
  region size 1024K, 46 young (47104K), 8 survivors (8192K)
 Metaspace       used 89015K, capacity 91685K, committed 91856K, reserved 1128448K
  class space    used 11565K, capacity 12614K, committed 12620K, reserved 1048576K
}
Event: 39.165 GC heap after
{Heap after GC invocations=24 (full 0):
 garbage-first heap   total 157696K, used 97868K [0x0000000080000000, 0x0000000100000000)
  region size 1024K, 6 young (6144K), 6 survivors (6144K)
 Metaspace       used 89015K, capacity 91685K, committed 91856K, reserved 1128448K
  class space    used 11565K, capacity 12614K, committed 12620K, reserved 1048576K
}
Event: 39.350 GC heap before
{Heap before GC invocations=24 (full 0):
 garbage-first heap   total 157696K, used 102988K [0x0000000080000000, 0x0000000100000000)
  region size 1024K, 13 young (13312K), 6 survivors (6144K)
 Metaspace       used 89664K, capacity 92395K, committed 92496K, reserved 1128448K
  class space    used 11619K, capacity 12679K, committed 12748K, reserved 1048576K
}
Event: 39.362 GC heap after
{Heap after GC invocations=25 (full 0):
 garbage-first heap   total 157696K, used 100799K [0x0000000080000000, 0x0000000100000000)
  region size 1024K, 2 young (2048K), 2 survivors (2048K)
 Metaspace       used 89664K, capacity 92395K, committed 92496K, reserved 1128448K
  class space    used 11619K, capacity 12679K, committed 12748K, reserved 1048576K
}

Deoptimization events (20 events):
Event: 39.421 Thread 0x000001a4002b6800 DEOPT PACKING pc=0x000001a46171b240 sp=0x00000077512fa500
Event: 39.421 Thread 0x000001a4002b6800 DEOPT UNPACKING pc=0x000001a45fc4a95e sp=0x00000077512f9988 mode 0
Event: 39.476 Thread 0x000001a4002b6800 DEOPT PACKING pc=0x000001a4616fb753 sp=0x00000077512fa000
Event: 39.476 Thread 0x000001a4002b6800 DEOPT UNPACKING pc=0x000001a45fc4a95e sp=0x00000077512f94d8 mode 0
Event: 39.484 Thread 0x000001a4002bf800 Uncommon trap: trap_request=0xffffffc6 fr.pc=0x000001a467a4b500 relative=0x0000000000000de0
Event: 39.484 Thread 0x000001a4002bf800 Uncommon trap: reason=bimorphic_or_optimized_type_check action=maybe_recompile pc=0x000001a467a4b500 method=java.util.Hashtable.put(Ljava/lang/Object;Ljava/lang/Object;)Ljava/lang/Object; @ 18 c2
Event: 39.484 Thread 0x000001a4002bf800 DEOPT PACKING pc=0x000001a467a4b500 sp=0x00000077519fc930
Event: 39.484 Thread 0x000001a4002bf800 DEOPT UNPACKING pc=0x000001a45fc4a1af sp=0x00000077519fc908 mode 2
Event: 39.486 Thread 0x000001a4002c4800 Uncommon trap: trap_request=0xffffffc6 fr.pc=0x000001a467a4b500 relative=0x0000000000000de0
Event: 39.486 Thread 0x000001a4002c4800 Uncommon trap: reason=bimorphic_or_optimized_type_check action=maybe_recompile pc=0x000001a467a4b500 method=java.util.Hashtable.put(Ljava/lang/Object;Ljava/lang/Object;)Ljava/lang/Object; @ 18 c2
Event: 39.486 Thread 0x000001a4002c4800 DEOPT PACKING pc=0x000001a467a4b500 sp=0x00000077520fcc40
Event: 39.486 Thread 0x000001a4002c4800 DEOPT UNPACKING pc=0x000001a45fc4a1af sp=0x00000077520fcc18 mode 2
Event: 39.486 Thread 0x000001a4002ba000 Uncommon trap: trap_request=0xffffffc6 fr.pc=0x000001a467a4b500 relative=0x0000000000000de0
Event: 39.486 Thread 0x000001a4002ba000 Uncommon trap: reason=bimorphic_or_optimized_type_check action=maybe_recompile pc=0x000001a467a4b500 method=java.util.Hashtable.put(Ljava/lang/Object;Ljava/lang/Object;)Ljava/lang/Object; @ 18 c2
Event: 39.486 Thread 0x000001a4002ba000 DEOPT PACKING pc=0x000001a467a4b500 sp=0x0000007751bfc9f0
Event: 39.486 Thread 0x000001a4002ba000 DEOPT UNPACKING pc=0x000001a45fc4a1af sp=0x0000007751bfc9c8 mode 2
Event: 39.486 Thread 0x000001a4002c3800 Uncommon trap: trap_request=0xffffffc6 fr.pc=0x000001a467a4b500 relative=0x0000000000000de0
Event: 39.486 Thread 0x000001a4002c3800 Uncommon trap: reason=bimorphic_or_optimized_type_check action=maybe_recompile pc=0x000001a467a4b500 method=java.util.Hashtable.put(Ljava/lang/Object;Ljava/lang/Object;)Ljava/lang/Object; @ 18 c2
Event: 39.486 Thread 0x000001a4002c3800 DEOPT PACKING pc=0x000001a467a4b500 sp=0x00000077522fcc30
Event: 39.486 Thread 0x000001a4002c3800 DEOPT UNPACKING pc=0x000001a45fc4a1af sp=0x00000077522fcc08 mode 2

Classes redefined (0 events):
No events

Internal exceptions (20 events):
Event: 33.463 Thread 0x000001a4002b6800 Exception <a 'java/lang/NoSuchMethodError'{0x00000000880a5f58}: 'java.lang.Object java.lang.invoke.DirectMethodHandle$Holder.invokeStatic(java.lang.Object, java.lang.Object, java.lang.Object, java.lang.Object, java.lang.Object, java.lang.Object, java.lang.Object, int)'> (0x00000000880a5f58) thrown at [src/hotspot/share/interpreter/linkResolver.cpp, line 773]
Event: 39.060 Thread 0x000001a4002b6800 Exception <a 'java/lang/NoSuchMethodError'{0x0000000086fc5360}: <clinit>> (0x0000000086fc5360) thrown at [src/hotspot/share/prims/jni.cpp, line 1367]
Event: 39.062 Thread 0x000001a4002b6800 Exception <a 'java/lang/NoSuchMethodError'{0x0000000086fd3b78}: <clinit>> (0x0000000086fd3b78) thrown at [src/hotspot/share/prims/jni.cpp, line 1367]
Event: 39.080 Thread 0x000001a4002b6800 Exception <a 'java/lang/NoSuchMethodError'{0x0000000086e3e3e0}: <clinit>> (0x0000000086e3e3e0) thrown at [src/hotspot/share/prims/jni.cpp, line 1367]
Event: 39.080 Thread 0x000001a4002b6800 Exception <a 'java/lang/NoSuchMethodError'{0x0000000086e40fa8}: <clinit>> (0x0000000086e40fa8) thrown at [src/hotspot/share/prims/jni.cpp, line 1367]
Event: 39.081 Thread 0x000001a4002b6800 Exception <a 'java/lang/NoSuchMethodError'{0x0000000086e45928}: <clinit>> (0x0000000086e45928) thrown at [src/hotspot/share/prims/jni.cpp, line 1367]
Event: 39.081 Thread 0x000001a4002b6800 Exception <a 'java/lang/NoSuchMethodError'{0x0000000086e50cd0}: <clinit>> (0x0000000086e50cd0) thrown at [src/hotspot/share/prims/jni.cpp, line 1367]
Event: 39.089 Thread 0x000001a4002b6800 Exception <a 'java/lang/NoSuchMethodError'{0x0000000086eb6960}: <clinit>> (0x0000000086eb6960) thrown at [src/hotspot/share/prims/jni.cpp, line 1367]
Event: 39.091 Thread 0x000001a4002b6800 Exception <a 'java/lang/NoSuchMethodError'{0x0000000086eeb190}: <clinit>> (0x0000000086eeb190) thrown at [src/hotspot/share/prims/jni.cpp, line 1367]
Event: 39.095 Thread 0x000001a4002b6800 Exception <a 'java/lang/NoSuchMethodError'{0x0000000086d1d548}: <clinit>> (0x0000000086d1d548) thrown at [src/hotspot/share/prims/jni.cpp, line 1367]
Event: 39.095 Thread 0x000001a4002b6800 Exception <a 'java/lang/NoSuchMethodError'{0x0000000086d209b0}: <clinit>> (0x0000000086d209b0) thrown at [src/hotspot/share/prims/jni.cpp, line 1367]
Event: 39.096 Thread 0x000001a4002b6800 Exception <a 'java/lang/NoSuchMethodError'{0x0000000086d23620}: <clinit>> (0x0000000086d23620) thrown at [src/hotspot/share/prims/jni.cpp, line 1367]
Event: 39.098 Thread 0x000001a4002b6800 Exception <a 'java/lang/NoSuchMethodError'{0x0000000086d3b8a8}: <clinit>> (0x0000000086d3b8a8) thrown at [src/hotspot/share/prims/jni.cpp, line 1367]
Event: 39.099 Thread 0x000001a4002b6800 Exception <a 'java/lang/NoSuchMethodError'{0x0000000086d52bb0}: <clinit>> (0x0000000086d52bb0) thrown at [src/hotspot/share/prims/jni.cpp, line 1367]
Event: 39.102 Thread 0x000001a4002b6800 Exception <a 'java/lang/NoSuchMethodError'{0x0000000086d74818}: <clinit>> (0x0000000086d74818) thrown at [src/hotspot/share/prims/jni.cpp, line 1367]
Event: 39.104 Thread 0x000001a4002b6800 Exception <a 'java/lang/NoSuchMethodError'{0x0000000086d874d0}: <clinit>> (0x0000000086d874d0) thrown at [src/hotspot/share/prims/jni.cpp, line 1367]
Event: 39.173 Thread 0x000001a4002b6800 Exception <a 'java/lang/NoSuchMethodError'{0x0000000089937e20}: <clinit>> (0x0000000089937e20) thrown at [src/hotspot/share/prims/jni.cpp, line 1367]
Event: 39.373 Thread 0x000001a4002ba000 Exception <a 'java/lang/ClassNotFoundException'{0x000000008993d0a8}: sun/awt/resources/spi/awtProvider> (0x000000008993d0a8) thrown at [src/hotspot/share/classfile/systemDictionary.cpp, line 230]
Event: 39.383 Thread 0x000001a4002ba000 Exception <a 'java/io/FileNotFoundException'{0x000000008998dc70}> (0x000000008998dc70) thrown at [src/hotspot/share/prims/jni.cpp, line 617]
Event: 39.384 Thread 0x000001a4002ba000 Exception <a 'java/io/FileNotFoundException'{0x0000000089992480}> (0x0000000089992480) thrown at [src/hotspot/share/prims/jni.cpp, line 617]

Events (20 events):
Event: 39.509 Executing VM operation: RevokeBias
Event: 39.509 Executing VM operation: RevokeBias done
Event: 39.512 loading class sun/java2d/pipe/ValidatePipe
Event: 39.512 loading class sun/java2d/pipe/ValidatePipe done
Event: 39.514 loading class sun/awt/SunHints$Key
Event: 39.514 loading class java/awt/RenderingHints$Key
Event: 39.514 loading class java/awt/RenderingHints$Key done
Event: 39.514 loading class sun/awt/SunHints$Key done
Event: 39.515 loading class sun/awt/SunHints$Value
Event: 39.515 loading class sun/awt/SunHints$Value done
Event: 39.516 loading class sun/awt/SunHints$LCDContrastKey
Event: 39.516 loading class sun/awt/SunHints$LCDContrastKey done
Event: 39.517 loading class sun/java2d/loops/CustomComponent
Event: 39.517 loading class sun/java2d/loops/CustomComponent done
Event: 39.517 loading class sun/java2d/loops/GraphicsPrimitiveProxy
Event: 39.517 loading class sun/java2d/loops/GraphicsPrimitiveProxy done
Event: 39.517 loading class sun/java2d/loops/GeneralRenderer
Event: 39.518 Executing VM operation: CollectForMetadataAllocation
Event: 39.518 Executing VM operation: CollectForMetadataAllocation done
Event: 39.520 loading class sun/java2d/loops/GeneralRenderer done


Dynamic libraries:
0x00007ff76acb0000 - 0x00007ff76acba000 	C:\Program Files\Android\Android Studio\jbr\bin\java.exe
0x00007ffc3a960000 - 0x00007ffc3ab50000 	C:\WINDOWS\SYSTEM32\ntdll.dll
0x00007ffc39020000 - 0x00007ffc390d2000 	C:\WINDOWS\System32\KERNEL32.DLL
0x00007ffc37e20000 - 0x00007ffc380c5000 	C:\WINDOWS\System32\KERNELBASE.dll
0x00007ffc37cc0000 - 0x00007ffc37dba000 	C:\WINDOWS\System32\ucrtbase.dll
0x00007ffc1a2e0000 - 0x00007ffc1a2f7000 	C:\Program Files\Android\Android Studio\jbr\bin\jli.dll
0x00007ffc19b70000 - 0x00007ffc19b8b000 	C:\Program Files\Android\Android Studio\jbr\bin\VCRUNTIME140.dll
0x00007ffc38e80000 - 0x00007ffc39014000 	C:\WINDOWS\System32\USER32.dll
0x00007ffc38230000 - 0x00007ffc38251000 	C:\WINDOWS\System32\win32u.dll
0x00007ffc20fa0000 - 0x00007ffc21224000 	C:\WINDOWS\WinSxS\amd64_microsoft.windows.common-controls_6595b64144ccf1df_6.0.18362.2274_none_9e8067a5e45c3d75\COMCTL32.dll
0x00007ffc39930000 - 0x00007ffc399ce000 	C:\WINDOWS\System32\msvcrt.dll
0x00007ffc390e0000 - 0x00007ffc39106000 	C:\WINDOWS\System32\GDI32.dll
0x00007ffc37ad0000 - 0x00007ffc37c68000 	C:\WINDOWS\System32\gdi32full.dll
0x00007ffc3a200000 - 0x00007ffc3a536000 	C:\WINDOWS\System32\combase.dll
0x00007ffc380d0000 - 0x00007ffc3816e000 	C:\WINDOWS\System32\msvcp_win.dll
0x00007ffc3a800000 - 0x00007ffc3a91b000 	C:\WINDOWS\System32\RPCRT4.dll
0x00007ffc381a0000 - 0x00007ffc38224000 	C:\WINDOWS\System32\bcryptPrimitives.dll
0x00007ffc39c80000 - 0x00007ffc39cae000 	C:\WINDOWS\System32\IMM32.DLL
0x00007ffc32bf0000 - 0x00007ffc32bfc000 	C:\Program Files\Android\Android Studio\jbr\bin\vcruntime140_1.dll
0x00007ffc08dd0000 - 0x00007ffc08e5d000 	C:\Program Files\Android\Android Studio\jbr\bin\msvcp140.dll
0x00007ffbeb350000 - 0x00007ffbebf0c000 	C:\Program Files\Android\Android Studio\jbr\bin\server\jvm.dll
0x00007ffc38a00000 - 0x00007ffc38aa5000 	C:\WINDOWS\System32\ADVAPI32.dll
0x00007ffc39b10000 - 0x00007ffc39ba8000 	C:\WINDOWS\System32\sechost.dll
0x00007ffc38ab0000 - 0x00007ffc38ab8000 	C:\WINDOWS\System32\PSAPI.DLL
0x00007ffc2d320000 - 0x00007ffc2d329000 	C:\WINDOWS\SYSTEM32\WSOCK32.dll
0x00007ffc34fc0000 - 0x00007ffc34fe4000 	C:\WINDOWS\SYSTEM32\WINMM.dll
0x00007ffc2d6f0000 - 0x00007ffc2d6fa000 	C:\WINDOWS\SYSTEM32\VERSION.dll
0x00007ffc3a730000 - 0x00007ffc3a79f000 	C:\WINDOWS\System32\WS2_32.dll
0x00007ffc348d0000 - 0x00007ffc348fd000 	C:\WINDOWS\SYSTEM32\winmmbase.dll
0x00007ffc37c70000 - 0x00007ffc37cba000 	C:\WINDOWS\System32\cfgmgr32.dll
0x00007ffc37820000 - 0x00007ffc37831000 	C:\WINDOWS\System32\kernel.appcore.dll
0x00007ffc34940000 - 0x00007ffc34950000 	C:\Program Files\Android\Android Studio\jbr\bin\verify.dll
0x00007ffc24710000 - 0x00007ffc24904000 	C:\WINDOWS\SYSTEM32\DBGHELP.DLL
0x00007ffc246d0000 - 0x00007ffc246fa000 	C:\WINDOWS\SYSTEM32\dbgcore.DLL
0x00007ffc30550000 - 0x00007ffc30578000 	C:\Program Files\Android\Android Studio\jbr\bin\java.dll
0x00007ffc342d0000 - 0x00007ffc342da000 	C:\Program Files\Android\Android Studio\jbr\bin\jimage.dll
0x00007ffc2f8b0000 - 0x00007ffc2f8c8000 	C:\Program Files\Android\Android Studio\jbr\bin\zip.dll
0x00007ffc391c0000 - 0x00007ffc398a7000 	C:\WINDOWS\System32\SHELL32.dll
0x00007ffc39110000 - 0x00007ffc391b9000 	C:\WINDOWS\System32\shcore.dll
0x00007ffc38280000 - 0x00007ffc389fc000 	C:\WINDOWS\System32\windows.storage.dll
0x00007ffc378b0000 - 0x00007ffc378ce000 	C:\WINDOWS\System32\profapi.dll
0x00007ffc37840000 - 0x00007ffc3788a000 	C:\WINDOWS\System32\powrprof.dll
0x00007ffc37810000 - 0x00007ffc37820000 	C:\WINDOWS\System32\UMPDC.dll
0x00007ffc39a30000 - 0x00007ffc39a82000 	C:\WINDOWS\System32\shlwapi.dll
0x00007ffc38260000 - 0x00007ffc38277000 	C:\WINDOWS\System32\cryptsp.dll
0x00007ffc2e4c0000 - 0x00007ffc2e4d9000 	C:\Program Files\Android\Android Studio\jbr\bin\net.dll
0x00007ffc2ea00000 - 0x00007ffc2eaf9000 	C:\WINDOWS\SYSTEM32\WINHTTP.dll
0x00007ffc36ff0000 - 0x00007ffc37057000 	C:\WINDOWS\system32\mswsock.dll
0x00007ffc2e240000 - 0x00007ffc2e253000 	C:\Program Files\Android\Android Studio\jbr\bin\nio.dll
0x00007ffc1b4d0000 - 0x00007ffc1b4f7000 	C:\Users\442200404\.gradle\native\e1d6ef7f7dcc3fd88c89a11ec53ec762bb8ba0a96d01ffa2cd45eb1d1d8dd5c5\windows-amd64\native-platform.dll
0x00007ffc06700000 - 0x00007ffc06844000 	C:\Users\442200404\.gradle\native\0d407fdbe67a94daf76414ababcb853783967236a71b16ec16e742cd7a986fd3\windows-amd64\native-platform-file-events.dll
0x00007ffc33fd0000 - 0x00007ffc33fda000 	C:\Program Files\Android\Android Studio\jbr\bin\management.dll
0x00007ffc33ee0000 - 0x00007ffc33eeb000 	C:\Program Files\Android\Android Studio\jbr\bin\management_ext.dll
0x00007ffc368f0000 - 0x00007ffc36923000 	C:\WINDOWS\system32\rsaenh.dll
0x00007ffc38170000 - 0x00007ffc38196000 	C:\WINDOWS\System32\bcrypt.dll
0x00007ffc37730000 - 0x00007ffc37755000 	C:\WINDOWS\SYSTEM32\USERENV.dll
0x00007ffc371c0000 - 0x00007ffc371cc000 	C:\WINDOWS\SYSTEM32\CRYPTBASE.dll
0x00007ffc36d00000 - 0x00007ffc36d3a000 	C:\WINDOWS\SYSTEM32\IPHLPAPI.DLL
0x00007ffc38ac0000 - 0x00007ffc38ac8000 	C:\WINDOWS\System32\NSI.dll
0x00007ffc31f00000 - 0x00007ffc31f16000 	C:\WINDOWS\SYSTEM32\dhcpcsvc6.DLL
0x00007ffc31ee0000 - 0x00007ffc31efc000 	C:\WINDOWS\SYSTEM32\dhcpcsvc.DLL
0x00007ffc36d40000 - 0x00007ffc36e0a000 	C:\WINDOWS\SYSTEM32\DNSAPI.dll
0x00007ffc0ef50000 - 0x00007ffc0f0d4000 	C:\Program Files\Android\Android Studio\jbr\bin\awt.dll
0x00007ffc39bb0000 - 0x00007ffc39c75000 	C:\WINDOWS\System32\OLEAUT32.dll
0x00007ffc35e10000 - 0x00007ffc35e3d000 	C:\WINDOWS\SYSTEM32\dwmapi.dll
0x00007ffc35b70000 - 0x00007ffc35bff000 	C:\WINDOWS\SYSTEM32\apphelp.dll
0x00007ffc35570000 - 0x00007ffc35609000 	C:\WINDOWS\system32\uxtheme.dll

dbghelp: loaded successfully - version: 4.0.5 - missing functions: none
symbol engine: initialized successfully - sym options: 0x614 - pdb path: .;C:\Program Files\Android\Android Studio\jbr\bin;C:\WINDOWS\SYSTEM32;C:\WINDOWS\WinSxS\amd64_microsoft.windows.common-controls_6595b64144ccf1df_6.0.18362.2274_none_9e8067a5e45c3d75;C:\Program Files\Android\Android Studio\jbr\bin\server;C:\Users\442200404\.gradle\native\e1d6ef7f7dcc3fd88c89a11ec53ec762bb8ba0a96d01ffa2cd45eb1d1d8dd5c5\windows-amd64;C:\Users\442200404\.gradle\native\0d407fdbe67a94daf76414ababcb853783967236a71b16ec16e742cd7a986fd3\windows-amd64

VM Arguments:
jvm_args: --add-opens=java.base/java.util=ALL-UNNAMED --add-opens=java.base/java.lang=ALL-UNNAMED --add-opens=java.base/java.lang.invoke=ALL-UNNAMED --add-opens=java.base/java.util=ALL-UNNAMED --add-opens=java.prefs/java.util.prefs=ALL-UNNAMED --add-opens=java.prefs/java.util.prefs=ALL-UNNAMED --add-opens=java.base/java.nio.charset=ALL-UNNAMED --add-opens=java.base/java.net=ALL-UNNAMED --add-opens=java.base/java.util.concurrent.atomic=ALL-UNNAMED -Xmx2048m -Dfile.encoding=UTF-8 -Duser.country=US -Duser.language=en -Duser.variant 
java_command: org.gradle.launcher.daemon.bootstrap.GradleDaemon 7.5
java_class_path (initial): C:\Users\442200404\.gradle\wrapper\dists\gradle-7.5-bin\f1w0cc9nuo0eivz97x2xlu9sv\gradle-7.5\lib\gradle-launcher-7.5.jar
Launcher Type: SUN_STANDARD

[Global flags]
     intx CICompilerCount                          = 4                                         {product} {ergonomic}
     uint ConcGCThreads                            = 2                                         {product} {ergonomic}
     uint G1ConcRefinementThreads                  = 8                                         {product} {ergonomic}
   size_t G1HeapRegionSize                         = 1048576                                   {product} {ergonomic}
    uintx GCDrainStackTargetSize                   = 64                                        {product} {ergonomic}
   size_t InitialHeapSize                          = 134217728                                 {product} {ergonomic}
   size_t MarkStackSize                            = 4194304                                   {product} {ergonomic}
   size_t MaxHeapSize                              = 2147483648                                {product} {command line}
   size_t MaxNewSize                               = 1287651328                                {product} {ergonomic}
   size_t MinHeapDeltaBytes                        = 1048576                                   {product} {ergonomic}
    uintx NonNMethodCodeHeapSize                   = 5836300                                {pd product} {ergonomic}
    uintx NonProfiledCodeHeapSize                  = 122910970                              {pd product} {ergonomic}
    uintx ProfiledCodeHeapSize                     = 122910970                              {pd product} {ergonomic}
    uintx ReservedCodeCacheSize                    = 251658240                              {pd product} {ergonomic}
     bool SegmentedCodeCache                       = true                                      {product} {ergonomic}
     bool UseCompressedClassPointers               = true                                 {lp64_product} {ergonomic}
     bool UseCompressedOops                        = true                                 {lp64_product} {ergonomic}
     bool UseG1GC                                  = true                                      {product} {ergonomic}
     bool UseLargePagesIndividualAllocation        = false                                  {pd product} {ergonomic}

Logging:
Log output configuration:
 #0: stdout all=warning uptime,level,tags
 #1: stderr all=off uptime,level,tags

Environment Variables:
PATH=C:\Program Files\Common Files\Oracle\Java\javapath;C:\ProgramData\Oracle\Java\javapath;C:\Program Files (x86)\Intel\iCLS Client\;C:\Program Files\Intel\iCLS Client\;C:\Program Files\Common Files\Microsoft Shared\Windows Live;C:\Program Files (x86)\Common Files\Microsoft Shared\Windows Live;C:\WINDOWS\system32;C:\WINDOWS;C:\WINDOWS\System32\Wbem;C:\WINDOWS\System32\WindowsPowerShell\v1.0\;C:\Program Files (x86)\Windows Live\Shared;C:\Program Files\Intel\Intel(R) Management Engine Components\DAL;C:\Program Files\Intel\Intel(R) Management Engine Components\IPT;C:\Program Files (x86)\Intel\Intel(R) Management Engine Components\DAL;C:\Program Files (x86)\Intel\Intel(R) Management Engine Components\IPT;C:\Program Files (x86)\Intel\OpenCL SDK\2.0\bin\x86;C:\Program Files (x86)\Intel\OpenCL SDK\2.0\bin\x64;c:\Program Files (x86)\Microsoft SQL Server\90\Tools\binn\;C:\Program Files (x86)\Windows Kits\8.1\Windows Performance Toolkit\;C:\Program Files\Microsoft SQL Server\110\Tools\Binn\;C:\Program Files (x86)\Common Files\Netop\;C:\Program Files (x86)\Netop\Vision\XL\;C:\WINDOWS\System32\OpenSSH\;C:\Program Files\Git\cmd;C:\Users\442200404\AppData\Local\Microsoft\WindowsApps;
USERNAME=442200404
OS=Windows_NT
PROCESSOR_IDENTIFIER=Intel64 Family 6 Model 58 Stepping 9, GenuineIntel



---------------  S Y S T E M  ---------------

OS: Windows 10 , 64 bit Build 18362 (10.0.18362.2274)
OS uptime: 8 days 20:38 hours

CPU:total 8 (initial active 8) (4 cores per cpu, 2 threads per core) family 6 model 58 stepping 9 microcode 0x21, cmov, cx8, fxsr, mmx, sse, sse2, sse3, ssse3, sse4.1, sse4.2, popcnt, avx, aes, clmul, erms, ht, tsc, tscinvbit, tscinv

Memory: 4k page, system-wide physical 8078M (442M free)
TotalPageFile size 9102M (AvailPageFile size 0M)
current process WorkingSet (physical memory assigned to process): 433M, peak: 433M
current process commit charge ("private bytes"): 470M, peak: 470M

vm_info: OpenJDK 64-Bit Server VM (11.0.15+0-b2043.56-9505619) for windows-amd64 JRE (11.0.15+0-b2043.56-9505619), built on Jan 19 2023 02:48:00 by "builduser" with unknown MS VC++:1929

END.
