#
# There is insufficient memory for the Java Runtime Environment to continue.
# Native memory allocation (mmap) failed to map 32505856 bytes for Failed to commit area from 0x0000000089a00000 to 0x000000008b900000 of length 32505856.
# Possible reasons:
#   The system is out of physical RAM or swap space
#   The process is running with CompressedOops enabled, and the Java Heap may be blocking the growth of the native heap
# Possible solutions:
#   Reduce memory load on the system
#   Increase physical memory or swap space
#   Check if swap backing store is full
#   Decrease Java heap size (-Xmx/-Xms)
#   Decrease number of Java threads
#   Decrease Java thread stack sizes (-Xss)
#   Set larger code cache with -XX:ReservedCodeCacheSize=
#   JVM is running with Unscaled Compressed Oops mode in which the Java heap is
#     placed in the first 4GB address space. The Java Heap base address is the
#     maximum limit for the native heap growth. Please use -XX:HeapBaseMinAddress
#     to set the Java Heap base and to place the Java Heap above 4GB virtual address.
# This output file may be truncated or incomplete.
#
#  Out of Memory Error (src/hotspot/os/windows/os_windows.cpp:3627), pid=1812, tid=4608
#
# JRE version: OpenJDK Runtime Environment (11.0.15) (build 11.0.15+0-b2043.56-9505619)
# Java VM: OpenJDK 64-Bit Server VM (11.0.15+0-b2043.56-9505619, mixed mode, tiered, compressed oops, g1 gc, windows-amd64)
# No core dump will be written. Minidumps are not enabled by default on client versions of Windows
#

---------------  S U M M A R Y ------------

Command Line: --add-opens=java.base/java.util=ALL-UNNAMED --add-opens=java.base/java.lang=ALL-UNNAMED --add-opens=java.base/java.lang.invoke=ALL-UNNAMED --add-opens=java.base/java.util=ALL-UNNAMED --add-opens=java.prefs/java.util.prefs=ALL-UNNAMED --add-opens=java.prefs/java.util.prefs=ALL-UNNAMED --add-opens=java.base/java.nio.charset=ALL-UNNAMED --add-opens=java.base/java.net=ALL-UNNAMED --add-opens=java.base/java.util.concurrent.atomic=ALL-UNNAMED -Xmx2048m -Dfile.encoding=UTF-8 -Duser.country=US -Duser.language=en -Duser.variant org.gradle.launcher.daemon.bootstrap.GradleDaemon 7.5

Host: Intel(R) Core(TM) i7-3770 CPU @ 3.40GHz, 8 cores, 7G,  Windows 10 , 64 bit Build 18362 (10.0.18362.2274)
Time: Thu Apr 13 11:27:58 2023 Arab Standard Time elapsed time: 28.703388 seconds (0d 0h 0m 28s)

---------------  T H R E A D  ---------------

Current thread (0x000001f7d969f000):  VMThread "VM Thread" [stack: 0x000000df1da00000,0x000000df1db00000] [id=4608]

Stack: [0x000000df1da00000,0x000000df1db00000]
[error occurred during error reporting (printing stack bounds), id 0xc0000005, EXCEPTION_ACCESS_VIOLATION (0xc0000005) at pc=0x000001f7c255112d]

Native frames: (J=compiled Java code, j=interpreted, Vv=VM code, C=native code)
V  [jvm.dll+0x64135a]
V  [jvm.dll+0x7d39f9]
V  [jvm.dll+0x7d51b9]
V  [jvm.dll+0x7d5805]
V  [jvm.dll+0x7d57bb]
V  [jvm.dll+0x640655]
V  [jvm.dll+0x640d68]
C  [ntdll.dll+0xa1fff]
C  [ntdll.dll+0x6aad9]
C  [ntdll.dll+0xa0c6e]
C  0x000001f7c255112d

VM_Operation (0x000000df26afd6e0): G1CollectForAllocation, mode: safepoint, requested by thread 0x000001f7e50ca800


---------------  P R O C E S S  ---------------

Threads class SMR info:
_java_thread_list=0x000001f7e2910470, length=142, elements={
0x000001f7bd22d000, 0x000001f7d96b1000, 0x000001f7d96b4000, 0x000001f7d9f0a800,
0x000001f7d9f0e000, 0x000001f7d9f0f000, 0x000001f7d9f13000, 0x000001f7d9f19800,
0x000001f7d9f24800, 0x000001f7da0be000, 0x000001f7dd335000, 0x000001f7db299800,
0x000001f7dd168800, 0x000001f7dc2ff000, 0x000001f7db8e7000, 0x000001f7da40b800,
0x000001f7dc4dc800, 0x000001f7dc0fc800, 0x000001f7dd345000, 0x000001f7dd34e800,
0x000001f7dcff1800, 0x000001f7dcff3000, 0x000001f7dcff8000, 0x000001f7dcff7000,
0x000001f7dcff2800, 0x000001f7dcff6800, 0x000001f7dcff4000, 0x000001f7dcff4800,
0x000001f7dcff5800, 0x000001f7db5a6800, 0x000001f7db5a5800, 0x000001f7db5a4000,
0x000001f7db5a5000, 0x000001f7db5b0800, 0x000001f7db5ab800, 0x000001f7db5af800,
0x000001f7db5ae000, 0x000001f7db5ae800, 0x000001f7db5b1000, 0x000001f7db5ac000,
0x000001f7db5b2000, 0x000001f7db27b000, 0x000001f7db27e000, 0x000001f7db27b800,
0x000001f7db27d800, 0x000001f7db27c800, 0x000001f7db278800, 0x000001f7db27f000,
0x000001f7db27a000, 0x000001f7db279000, 0x000001f7db281800, 0x000001f7db284000,
0x000001f7db284800, 0x000001f7db285800, 0x000001f7db27f800, 0x000001f7db286800,
0x000001f7db283000, 0x000001f7db280800, 0x000001f7db287000, 0x000001f7db282000,
0x000001f7db7dd000, 0x000001f7db7e2000, 0x000001f7db7dc000, 0x000001f7db7e3800,
0x000001f7db7e0800, 0x000001f7db7de800, 0x000001f7db7df800, 0x000001f7db7e1000,
0x000001f7db7e2800, 0x000001f7db7de000, 0x000001f7db7e6000, 0x000001f7db7e7000,
0x000001f7db7ea000, 0x000001f7db7e7800, 0x000001f7db7e8800, 0x000001f7db7e4800,
0x000001f7db7e5000, 0x000001f7db7e9000, 0x000001f7db7eb000, 0x000001f7dc6bc000,
0x000001f7dc6bd800, 0x000001f7dc6bf000, 0x000001f7dc6bd000, 0x000001f7dc6bb000,
0x000001f7dc6b9800, 0x000001f7dc6be800, 0x000001f7dc6c0000, 0x000001f7dc6ba800,
0x000001f7dc6c4000, 0x000001f7dc6c6000, 0x000001f7dc6c2800, 0x000001f7dc6c1800,
0x000001f7dc6c5000, 0x000001f7dc6c1000, 0x000001f7dc6c3800, 0x000001f7dc6c7800,
0x000001f7dc6c8000, 0x000001f7dc6c6800, 0x000001f7dfb3f800, 0x000001f7dfb41000,
0x000001f7dfb3d000, 0x000001f7dfb42800, 0x000001f7dfb41800, 0x000001f7dfb43800,
0x000001f7dfb40000, 0x000001f7dfb3d800, 0x000001f7dfb44000, 0x000001f7dfb3e800,
0x000001f7dfb49000, 0x000001f7dfb4a000, 0x000001f7dfb46800, 0x000001f7dfb48000,
0x000001f7dfb46000, 0x000001f7dfb47800, 0x000001f7dfb4a800, 0x000001f7dfb45000,
0x000001f7dfb4b800, 0x000001f7e0812800, 0x000001f7e0813800, 0x000001f7e0814000,
0x000001f7e0811000, 0x000001f7e0811800, 0x000001f7e0815800, 0x000001f7e0817800,
0x000001f7e0816800, 0x000001f7e081a800, 0x000001f7e0819000, 0x000001f7e0818000,
0x000001f7e081b800, 0x000001f7e081c800, 0x000001f7e081d000, 0x000001f7e081e000,
0x000001f7dc461000, 0x000001f7dc45f800, 0x000001f7e50c8800, 0x000001f7e50ca800,
0x000001f7e50cd800, 0x000001f7e50cd000, 0x000001f7e50c8000, 0x000001f7e50c9800,
0x000001f7e50cb000, 0x000001f7e50cc000
}

Java Threads: ( => current thread )
  0x000001f7bd22d000 JavaThread "main" [_thread_blocked, id=3516, stack(0x000000df1d400000,0x000000df1d500000)]
  0x000001f7d96b1000 JavaThread "Reference Handler" daemon [_thread_blocked, id=11768, stack(0x000000df1db00000,0x000000df1dc00000)]
  0x000001f7d96b4000 JavaThread "Finalizer" daemon [_thread_blocked, id=3988, stack(0x000000df1dc00000,0x000000df1dd00000)]
  0x000001f7d9f0a800 JavaThread "Signal Dispatcher" daemon [_thread_blocked, id=11500, stack(0x000000df1dd00000,0x000000df1de00000)]
  0x000001f7d9f0e000 JavaThread "Attach Listener" daemon [_thread_blocked, id=6756, stack(0x000000df1de00000,0x000000df1df00000)]
  0x000001f7d9f0f000 JavaThread "Service Thread" daemon [_thread_blocked, id=8544, stack(0x000000df1df00000,0x000000df1e000000)]
  0x000001f7d9f13000 JavaThread "C2 CompilerThread0" daemon [_thread_blocked, id=3560, stack(0x000000df1e000000,0x000000df1e100000)]
  0x000001f7d9f19800 JavaThread "C1 CompilerThread0" daemon [_thread_blocked, id=7100, stack(0x000000df1e100000,0x000000df1e200000)]
  0x000001f7d9f24800 JavaThread "Sweeper thread" daemon [_thread_blocked, id=12056, stack(0x000000df1e200000,0x000000df1e300000)]
  0x000001f7da0be000 JavaThread "Common-Cleaner" daemon [_thread_blocked, id=11388, stack(0x000000df1e300000,0x000000df1e400000)]
  0x000001f7dd335000 JavaThread "Daemon health stats" [_thread_blocked, id=5972, stack(0x000000df1e900000,0x000000df1ea00000)]
  0x000001f7db299800 JavaThread "Incoming local TCP Connector on port 28869" [_thread_in_native, id=7432, stack(0x000000df1e500000,0x000000df1e600000)]
  0x000001f7dd168800 JavaThread "Daemon periodic checks" [_thread_blocked, id=1900, stack(0x000000df1ea00000,0x000000df1eb00000)]
  0x000001f7dc2ff000 JavaThread "Daemon" [_thread_blocked, id=6276, stack(0x000000df1eb00000,0x000000df1ec00000)]
  0x000001f7db8e7000 JavaThread "Handler for socket connection from /127.0.0.1:28869 to /127.0.0.1:28870" [_thread_in_native, id=10792, stack(0x000000df1ec00000,0x000000df1ed00000)]
  0x000001f7da40b800 JavaThread "Cancel handler" [_thread_blocked, id=4476, stack(0x000000df1e600000,0x000000df1e700000)]
  0x000001f7dc4dc800 JavaThread "Daemon worker" [_thread_blocked, id=9424, stack(0x000000df1ed00000,0x000000df1ee00000)]
  0x000001f7dc0fc800 JavaThread "Asynchronous log dispatcher for DefaultDaemonConnection: socket connection from /127.0.0.1:28869 to /127.0.0.1:28870" [_thread_blocked, id=7132, stack(0x000000df1ee00000,0x000000df1ef00000)]
  0x000001f7dd345000 JavaThread "Stdin handler" [_thread_blocked, id=4424, stack(0x000000df1ef00000,0x000000df1f000000)]
  0x000001f7dd34e800 JavaThread "Daemon client event forwarder" [_thread_blocked, id=12836, stack(0x000000df1f000000,0x000000df1f100000)]
  0x000001f7dcff1800 JavaThread "Cache worker for journal cache (C:\Users\442200404\.gradle\caches\journal-1)" [_thread_blocked, id=12856, stack(0x000000df1f100000,0x000000df1f200000)]
  0x000001f7dcff3000 JavaThread "File lock request listener" [_thread_in_native, id=9740, stack(0x000000df1f700000,0x000000df1f800000)]
  0x000001f7dcff8000 JavaThread "Cache worker for file hash cache (C:\Users\442200404\.gradle\caches\7.5\fileHashes)" [_thread_blocked, id=3036, stack(0x000000df1f900000,0x000000df1fa00000)]
  0x000001f7dcff7000 JavaThread "File watcher server" daemon [_thread_blocked, id=7720, stack(0x000000df1fc00000,0x000000df1fd00000)]
  0x000001f7dcff2800 JavaThread "File watcher consumer" daemon [_thread_blocked, id=9352, stack(0x000000df1fd00000,0x000000df1fe00000)]
  0x000001f7dcff6800 JavaThread "Cache worker for checksums cache (C:\Users\442200404\AndroidStudioProjects\SQLDemo\.gradle\7.5\checksums)" [_thread_blocked, id=11656, stack(0x000000df1fe00000,0x000000df1ff00000)]
  0x000001f7dcff4000 JavaThread "Cache worker for cache directory md-rule (C:\Users\442200404\.gradle\caches\7.5\md-rule)" [_thread_blocked, id=12272, stack(0x000000df1ff00000,0x000000df20000000)]
  0x000001f7dcff4800 JavaThread "Cache worker for file content cache (C:\Users\442200404\.gradle\caches\7.5\fileContent)" [_thread_blocked, id=4116, stack(0x000000df20000000,0x000000df20100000)]
  0x000001f7dcff5800 JavaThread "Cache worker for file hash cache (C:\Users\442200404\AndroidStudioProjects\SQLDemo\.gradle\7.5\fileHashes)" [_thread_blocked, id=5316, stack(0x000000df20100000,0x000000df20200000)]
  0x000001f7db5a6800 JavaThread "Cache worker for cache directory md-supplier (C:\Users\442200404\.gradle\caches\7.5\md-supplier)" [_thread_blocked, id=3044, stack(0x000000df20200000,0x000000df20300000)]
  0x000001f7db5a5800 JavaThread "Cache worker for execution history cache (C:\Users\442200404\.gradle\caches\7.5\executionHistory)" [_thread_blocked, id=2360, stack(0x000000df20300000,0x000000df20400000)]
  0x000001f7db5a4000 JavaThread "jar transforms" [_thread_blocked, id=7804, stack(0x000000df1fa00000,0x000000df1fb00000)]
  0x000001f7db5a5000 JavaThread "jar transforms Thread 2" [_thread_blocked, id=6796, stack(0x000000df20400000,0x000000df20500000)]
  0x000001f7db5b0800 JavaThread "jar transforms Thread 3" [_thread_blocked, id=6320, stack(0x000000df20600000,0x000000df20700000)]
  0x000001f7db5ab800 JavaThread "jar transforms Thread 4" [_thread_blocked, id=780, stack(0x000000df20700000,0x000000df20800000)]
  0x000001f7db5af800 JavaThread "Cache worker for dependencies-accessors (C:\Users\442200404\AndroidStudioProjects\SQLDemo\.gradle\7.5\dependencies-accessors)" [_thread_blocked, id=9908, stack(0x000000df20800000,0x000000df20900000)]
  0x000001f7db5ae000 JavaThread "jar transforms Thread 5" [_thread_blocked, id=10124, stack(0x000000df20900000,0x000000df20a00000)]
  0x000001f7db5ae800 JavaThread "Cache worker for Build Output Cleanup Cache (C:\Users\442200404\AndroidStudioProjects\SQLDemo\.gradle\buildOutputCleanup)" [_thread_blocked, id=3132, stack(0x000000df20a00000,0x000000df20b00000)]
  0x000001f7db5b1000 JavaThread "Unconstrained build operations" [_thread_blocked, id=1880, stack(0x000000df20b00000,0x000000df20c00000)]
  0x000001f7db5ac000 JavaThread "Unconstrained build operations Thread 2" [_thread_blocked, id=13268, stack(0x000000df20c00000,0x000000df20d00000)]
  0x000001f7db5b2000 JavaThread "Unconstrained build operations Thread 3" [_thread_blocked, id=2876, stack(0x000000df20d00000,0x000000df20e00000)]
  0x000001f7db27b000 JavaThread "Unconstrained build operations Thread 4" [_thread_blocked, id=9920, stack(0x000000df20e00000,0x000000df20f00000)]
  0x000001f7db27e000 JavaThread "Unconstrained build operations Thread 5" [_thread_blocked, id=720, stack(0x000000df20f00000,0x000000df21000000)]
  0x000001f7db27b800 JavaThread "Unconstrained build operations Thread 6" [_thread_blocked, id=6324, stack(0x000000df21000000,0x000000df21100000)]
  0x000001f7db27d800 JavaThread "Unconstrained build operations Thread 7" [_thread_blocked, id=7592, stack(0x000000df21100000,0x000000df21200000)]
  0x000001f7db27c800 JavaThread "Unconstrained build operations Thread 8" [_thread_blocked, id=7576, stack(0x000000df21200000,0x000000df21300000)]
  0x000001f7db278800 JavaThread "Unconstrained build operations Thread 9" [_thread_blocked, id=3624, stack(0x000000df21300000,0x000000df21400000)]
  0x000001f7db27f000 JavaThread "Unconstrained build operations Thread 10" [_thread_blocked, id=2284, stack(0x000000df21400000,0x000000df21500000)]
  0x000001f7db27a000 JavaThread "Unconstrained build operations Thread 11" [_thread_blocked, id=10672, stack(0x000000df21500000,0x000000df21600000)]
  0x000001f7db279000 JavaThread "Unconstrained build operations Thread 12" [_thread_blocked, id=9392, stack(0x000000df21600000,0x000000df21700000)]
  0x000001f7db281800 JavaThread "Unconstrained build operations Thread 13" [_thread_blocked, id=7676, stack(0x000000df21700000,0x000000df21800000)]
  0x000001f7db284000 JavaThread "Unconstrained build operations Thread 14" [_thread_blocked, id=1884, stack(0x000000df21800000,0x000000df21900000)]
  0x000001f7db284800 JavaThread "Unconstrained build operations Thread 15" [_thread_blocked, id=6748, stack(0x000000df21900000,0x000000df21a00000)]
  0x000001f7db285800 JavaThread "Unconstrained build operations Thread 16" [_thread_blocked, id=6824, stack(0x000000df21a00000,0x000000df21b00000)]
  0x000001f7db27f800 JavaThread "Unconstrained build operations Thread 17" [_thread_blocked, id=8516, stack(0x000000df21b00000,0x000000df21c00000)]
  0x000001f7db286800 JavaThread "Unconstrained build operations Thread 18" [_thread_blocked, id=6924, stack(0x000000df21c00000,0x000000df21d00000)]
  0x000001f7db283000 JavaThread "Unconstrained build operations Thread 19" [_thread_blocked, id=9128, stack(0x000000df21d00000,0x000000df21e00000)]
  0x000001f7db280800 JavaThread "Unconstrained build operations Thread 20" [_thread_blocked, id=8928, stack(0x000000df21e00000,0x000000df21f00000)]
  0x000001f7db287000 JavaThread "Unconstrained build operations Thread 21" [_thread_blocked, id=7644, stack(0x000000df21f00000,0x000000df22000000)]
  0x000001f7db282000 JavaThread "Unconstrained build operations Thread 22" [_thread_blocked, id=11256, stack(0x000000df22000000,0x000000df22100000)]
  0x000001f7db7dd000 JavaThread "Unconstrained build operations Thread 23" [_thread_blocked, id=5124, stack(0x000000df22100000,0x000000df22200000)]
  0x000001f7db7e2000 JavaThread "Unconstrained build operations Thread 24" [_thread_blocked, id=6352, stack(0x000000df22200000,0x000000df22300000)]
  0x000001f7db7dc000 JavaThread "Unconstrained build operations Thread 25" [_thread_blocked, id=12608, stack(0x000000df22300000,0x000000df22400000)]
  0x000001f7db7e3800 JavaThread "Unconstrained build operations Thread 26" [_thread_blocked, id=7020, stack(0x000000df22400000,0x000000df22500000)]
  0x000001f7db7e0800 JavaThread "Unconstrained build operations Thread 27" [_thread_blocked, id=2904, stack(0x000000df22500000,0x000000df22600000)]
  0x000001f7db7de800 JavaThread "Unconstrained build operations Thread 28" [_thread_blocked, id=3996, stack(0x000000df22600000,0x000000df22700000)]
  0x000001f7db7df800 JavaThread "Unconstrained build operations Thread 29" [_thread_blocked, id=9996, stack(0x000000df22700000,0x000000df22800000)]
  0x000001f7db7e1000 JavaThread "Unconstrained build operations Thread 30" [_thread_blocked, id=7156, stack(0x000000df22800000,0x000000df22900000)]
  0x000001f7db7e2800 JavaThread "Unconstrained build operations Thread 31" [_thread_blocked, id=10944, stack(0x000000df22900000,0x000000df22a00000)]
  0x000001f7db7de000 JavaThread "Unconstrained build operations Thread 32" [_thread_blocked, id=8864, stack(0x000000df22a00000,0x000000df22b00000)]
  0x000001f7db7e6000 JavaThread "Unconstrained build operations Thread 33" [_thread_blocked, id=7872, stack(0x000000df22b00000,0x000000df22c00000)]
  0x000001f7db7e7000 JavaThread "Unconstrained build operations Thread 34" [_thread_blocked, id=2392, stack(0x000000df22c00000,0x000000df22d00000)]
  0x000001f7db7ea000 JavaThread "Unconstrained build operations Thread 35" [_thread_blocked, id=12500, stack(0x000000df22d00000,0x000000df22e00000)]
  0x000001f7db7e7800 JavaThread "Unconstrained build operations Thread 36" [_thread_blocked, id=11840, stack(0x000000df22e00000,0x000000df22f00000)]
  0x000001f7db7e8800 JavaThread "Unconstrained build operations Thread 37" [_thread_blocked, id=10520, stack(0x000000df22f00000,0x000000df23000000)]
  0x000001f7db7e4800 JavaThread "Unconstrained build operations Thread 38" [_thread_blocked, id=6040, stack(0x000000df23000000,0x000000df23100000)]
  0x000001f7db7e5000 JavaThread "Unconstrained build operations Thread 39" [_thread_blocked, id=12152, stack(0x000000df23100000,0x000000df23200000)]
  0x000001f7db7e9000 JavaThread "Unconstrained build operations Thread 40" [_thread_blocked, id=10548, stack(0x000000df23200000,0x000000df23300000)]
  0x000001f7db7eb000 JavaThread "Unconstrained build operations Thread 41" [_thread_blocked, id=1604, stack(0x000000df23300000,0x000000df23400000)]
  0x000001f7dc6bc000 JavaThread "Unconstrained build operations Thread 42" [_thread_blocked, id=11448, stack(0x000000df23400000,0x000000df23500000)]
  0x000001f7dc6bd800 JavaThread "Unconstrained build operations Thread 43" [_thread_blocked, id=7800, stack(0x000000df23500000,0x000000df23600000)]
  0x000001f7dc6bf000 JavaThread "Unconstrained build operations Thread 44" [_thread_blocked, id=12680, stack(0x000000df23600000,0x000000df23700000)]
  0x000001f7dc6bd000 JavaThread "Unconstrained build operations Thread 45" [_thread_blocked, id=7560, stack(0x000000df23700000,0x000000df23800000)]
  0x000001f7dc6bb000 JavaThread "Unconstrained build operations Thread 46" [_thread_blocked, id=6724, stack(0x000000df23800000,0x000000df23900000)]
  0x000001f7dc6b9800 JavaThread "Unconstrained build operations Thread 47" [_thread_blocked, id=1448, stack(0x000000df23900000,0x000000df23a00000)]
  0x000001f7dc6be800 JavaThread "Unconstrained build operations Thread 48" [_thread_blocked, id=724, stack(0x000000df23a00000,0x000000df23b00000)]
  0x000001f7dc6c0000 JavaThread "Unconstrained build operations Thread 49" [_thread_blocked, id=3904, stack(0x000000df23b00000,0x000000df23c00000)]
  0x000001f7dc6ba800 JavaThread "Unconstrained build operations Thread 50" [_thread_blocked, id=10712, stack(0x000000df23c00000,0x000000df23d00000)]
  0x000001f7dc6c4000 JavaThread "Unconstrained build operations Thread 51" [_thread_blocked, id=7116, stack(0x000000df23d00000,0x000000df23e00000)]
  0x000001f7dc6c6000 JavaThread "Unconstrained build operations Thread 52" [_thread_blocked, id=11028, stack(0x000000df23e00000,0x000000df23f00000)]
  0x000001f7dc6c2800 JavaThread "Unconstrained build operations Thread 53" [_thread_blocked, id=2776, stack(0x000000df23f00000,0x000000df24000000)]
  0x000001f7dc6c1800 JavaThread "Unconstrained build operations Thread 54" [_thread_blocked, id=11832, stack(0x000000df24000000,0x000000df24100000)]
  0x000001f7dc6c5000 JavaThread "Unconstrained build operations Thread 55" [_thread_blocked, id=7572, stack(0x000000df24100000,0x000000df24200000)]
  0x000001f7dc6c1000 JavaThread "Unconstrained build operations Thread 56" [_thread_blocked, id=11548, stack(0x000000df24200000,0x000000df24300000)]
  0x000001f7dc6c3800 JavaThread "Unconstrained build operations Thread 57" [_thread_blocked, id=12744, stack(0x000000df24300000,0x000000df24400000)]
  0x000001f7dc6c7800 JavaThread "Unconstrained build operations Thread 58" [_thread_blocked, id=2608, stack(0x000000df24400000,0x000000df24500000)]
  0x000001f7dc6c8000 JavaThread "Unconstrained build operations Thread 59" [_thread_blocked, id=9548, stack(0x000000df24500000,0x000000df24600000)]
  0x000001f7dc6c6800 JavaThread "Unconstrained build operations Thread 60" [_thread_blocked, id=3432, stack(0x000000df24600000,0x000000df24700000)]
  0x000001f7dfb3f800 JavaThread "Unconstrained build operations Thread 61" [_thread_blocked, id=3196, stack(0x000000df24700000,0x000000df24800000)]
  0x000001f7dfb41000 JavaThread "Unconstrained build operations Thread 62" [_thread_blocked, id=12700, stack(0x000000df24800000,0x000000df24900000)]
  0x000001f7dfb3d000 JavaThread "Unconstrained build operations Thread 63" [_thread_blocked, id=5468, stack(0x000000df24900000,0x000000df24a00000)]
  0x000001f7dfb42800 JavaThread "Unconstrained build operations Thread 64" [_thread_blocked, id=8392, stack(0x000000df24a00000,0x000000df24b00000)]
  0x000001f7dfb41800 JavaThread "Unconstrained build operations Thread 65" [_thread_blocked, id=6708, stack(0x000000df24b00000,0x000000df24c00000)]
  0x000001f7dfb43800 JavaThread "Unconstrained build operations Thread 66" [_thread_blocked, id=11148, stack(0x000000df24c00000,0x000000df24d00000)]
  0x000001f7dfb40000 JavaThread "Unconstrained build operations Thread 67" [_thread_blocked, id=13088, stack(0x000000df24d00000,0x000000df24e00000)]
  0x000001f7dfb3d800 JavaThread "Unconstrained build operations Thread 68" [_thread_blocked, id=11820, stack(0x000000df24e00000,0x000000df24f00000)]
  0x000001f7dfb44000 JavaThread "Unconstrained build operations Thread 69" [_thread_blocked, id=11996, stack(0x000000df24f00000,0x000000df25000000)]
  0x000001f7dfb3e800 JavaThread "Unconstrained build operations Thread 70" [_thread_blocked, id=6660, stack(0x000000df25000000,0x000000df25100000)]
  0x000001f7dfb49000 JavaThread "Unconstrained build operations Thread 71" [_thread_blocked, id=4352, stack(0x000000df25100000,0x000000df25200000)]
  0x000001f7dfb4a000 JavaThread "Unconstrained build operations Thread 72" [_thread_blocked, id=6752, stack(0x000000df25200000,0x000000df25300000)]
  0x000001f7dfb46800 JavaThread "Unconstrained build operations Thread 73" [_thread_blocked, id=3400, stack(0x000000df25300000,0x000000df25400000)]
  0x000001f7dfb48000 JavaThread "Unconstrained build operations Thread 74" [_thread_blocked, id=6200, stack(0x000000df25400000,0x000000df25500000)]
  0x000001f7dfb46000 JavaThread "Unconstrained build operations Thread 75" [_thread_blocked, id=1148, stack(0x000000df25500000,0x000000df25600000)]
  0x000001f7dfb47800 JavaThread "Unconstrained build operations Thread 76" [_thread_blocked, id=10136, stack(0x000000df25600000,0x000000df25700000)]
  0x000001f7dfb4a800 JavaThread "Unconstrained build operations Thread 77" [_thread_blocked, id=9428, stack(0x000000df25700000,0x000000df25800000)]
  0x000001f7dfb45000 JavaThread "Unconstrained build operations Thread 78" [_thread_blocked, id=3208, stack(0x000000df25800000,0x000000df25900000)]
  0x000001f7dfb4b800 JavaThread "Unconstrained build operations Thread 79" [_thread_blocked, id=12548, stack(0x000000df25900000,0x000000df25a00000)]
  0x000001f7e0812800 JavaThread "Unconstrained build operations Thread 80" [_thread_blocked, id=8988, stack(0x000000df25a00000,0x000000df25b00000)]
  0x000001f7e0813800 JavaThread "jar transforms Thread 6" [_thread_blocked, id=12016, stack(0x000000df25b00000,0x000000df25c00000)]
  0x000001f7e0814000 JavaThread "jar transforms Thread 7" [_thread_blocked, id=10448, stack(0x000000df25c00000,0x000000df25d00000)]
  0x000001f7e0811000 JavaThread "jar transforms Thread 8" [_thread_blocked, id=10076, stack(0x000000df25d00000,0x000000df25e00000)]
  0x000001f7e0811800 JavaThread "build event listener" [_thread_blocked, id=7040, stack(0x000000df20500000,0x000000df20600000)]
  0x000001f7e0815800 JavaThread "Memory manager" [_thread_blocked, id=8760, stack(0x000000df25f00000,0x000000df26000000)]
  0x000001f7e0817800 JavaThread "included builds" [_thread_blocked, id=3772, stack(0x000000df26000000,0x000000df26100000)]
  0x000001f7e0816800 JavaThread "Execution worker" [_thread_blocked, id=12504, stack(0x000000df26100000,0x000000df26200000)]
  0x000001f7e081a800 JavaThread "Execution worker Thread 2" [_thread_blocked, id=12160, stack(0x000000df26200000,0x000000df26300000)]
  0x000001f7e0819000 JavaThread "Execution worker Thread 3" [_thread_blocked, id=8692, stack(0x000000df26300000,0x000000df26400000)]
  0x000001f7e0818000 JavaThread "Execution worker Thread 4" [_thread_blocked, id=1332, stack(0x000000df26400000,0x000000df26500000)]
  0x000001f7e081b800 JavaThread "Execution worker Thread 5" [_thread_blocked, id=1020, stack(0x000000df26500000,0x000000df26600000)]
  0x000001f7e081c800 JavaThread "Execution worker Thread 6" [_thread_blocked, id=2432, stack(0x000000df26600000,0x000000df26700000)]
  0x000001f7e081d000 JavaThread "Execution worker Thread 7" [_thread_blocked, id=7292, stack(0x000000df26700000,0x000000df26800000)]
  0x000001f7e081e000 JavaThread "Cache worker for execution history cache (C:\Users\442200404\AndroidStudioProjects\SQLDemo\.gradle\7.5\executionHistory)" [_thread_blocked, id=5352, stack(0x000000df26800000,0x000000df26900000)]
  0x000001f7dc461000 JavaThread "C2 CompilerThread1" daemon [_thread_blocked, id=3796, stack(0x000000df1fb00000,0x000000df1fc00000)]
  0x000001f7dc45f800 JavaThread "C2 CompilerThread2" daemon [_thread_blocked, id=7332, stack(0x000000df25e00000,0x000000df25f00000)]
  0x000001f7e50c8800 JavaThread "WorkerExecutor Queue" [_thread_blocked, id=7120, stack(0x000000df26900000,0x000000df26a00000)]
  0x000001f7e50ca800 JavaThread "WorkerExecutor Queue Thread 2" [_thread_blocked, id=8532, stack(0x000000df26a00000,0x000000df26b00000)]
  0x000001f7e50cd800 JavaThread "WorkerExecutor Queue Thread 3" [_thread_blocked, id=5360, stack(0x000000df26b00000,0x000000df26c00000)]
  0x000001f7e50cd000 JavaThread "WorkerExecutor Queue Thread 4" [_thread_blocked, id=5372, stack(0x000000df26c00000,0x000000df26d00000)]
  0x000001f7e50c8000 JavaThread "WorkerExecutor Queue Thread 5" [_thread_blocked, id=10120, stack(0x000000df26d00000,0x000000df26e00000)]
  0x000001f7e50c9800 JavaThread "WorkerExecutor Queue Thread 6" [_thread_blocked, id=7792, stack(0x000000df26e00000,0x000000df26f00000)]
  0x000001f7e50cb000 JavaThread "WorkerExecutor Queue Thread 7" [_thread_blocked, id=9264, stack(0x000000df26f00000,0x000000df27000000)]
  0x000001f7e50cc000 JavaThread "WorkerExecutor Queue Thread 8" [_thread_blocked, id=11892, stack(0x000000df27000000,0x000000df27100000)]

Other Threads:
=>0x000001f7d969f000 VMThread "VM Thread" [stack: 0x000000df1da00000,0x000000df1db00000] [id=4608]
  0x000001f7da0d6800 WatcherThread [stack: 0x000000df1e400000,0x000000df1e500000] [id=10880]
  0x000001f7bd241800 GCTaskThread "GC Thread#0" [stack: 0x000000df1d500000,0x000000df1d600000] [id=3844]
  0x000001f7daf6e000 GCTaskThread "GC Thread#1" [stack: 0x000000df1e700000,0x000000df1e800000] [id=5884]
  0x000001f7da890000 GCTaskThread "GC Thread#2" [stack: 0x000000df1e800000,0x000000df1e900000] [id=5844]
  0x000001f7db857800 GCTaskThread "GC Thread#3" [stack: 0x000000df1f200000,0x000000df1f300000] [id=8580]
  0x000001f7dcc2f000 GCTaskThread "GC Thread#4" [stack: 0x000000df1f300000,0x000000df1f400000] [id=1208]
  0x000001f7db31d800 GCTaskThread "GC Thread#5" [stack: 0x000000df1f400000,0x000000df1f500000] [id=7140]
  0x000001f7dba80000 GCTaskThread "GC Thread#6" [stack: 0x000000df1f500000,0x000000df1f600000] [id=3564]
  0x000001f7dc6b6800 GCTaskThread "GC Thread#7" [stack: 0x000000df1f600000,0x000000df1f700000] [id=7204]
  0x000001f7bd272800 ConcurrentGCThread "G1 Main Marker" [stack: 0x000000df1d600000,0x000000df1d700000] [id=8424]
  0x000001f7bd273800 ConcurrentGCThread "G1 Conc#0" [stack: 0x000000df1d700000,0x000000df1d800000] [id=1616]
  0x000001f7dc8bc000 ConcurrentGCThread "G1 Conc#1" [stack: 0x000000df1f800000,0x000000df1f900000] [id=11604]
  0x000001f7bd2ee800 ConcurrentGCThread "G1 Refine#0" [stack: 0x000000df1d800000,0x000000df1d900000] [id=5572]
  0x000001f7d94e6800 ConcurrentGCThread "G1 Young RemSet Sampling" [stack: 0x000000df1d900000,0x000000df1da00000] [id=4104]

Threads with active compile tasks:
C2 CompilerThread0    28820 10439   !   4       com.android.ide.common.resources.MergedResourceWriter::addItem (199 bytes)
C2 CompilerThread1    28820 10426       4       com.android.ide.common.resources.MergedResourceWriter::addItem (9 bytes)
C2 CompilerThread2    28820 10375 % !   4       com.android.ide.common.resources.DataMerger::mergeData @ 247 (611 bytes)

VM state:at safepoint (normal execution)

VM Mutex/Monitor currently owned by a thread:  ([mutex/lock_event])
[0x000001f7bd228ae0] Threads_lock - owner thread: 0x000001f7d969f000
[0x000001f7bd2292c0] Heap_lock - owner thread: 0x000001f7e50ca800

Heap address: 0x0000000080000000, size: 2048 MB, Compressed Oops mode: 32-bit
Narrow klass base: 0x0000000000000000, Narrow klass shift: 3
Compressed class space size: 1073741824 Address: 0x0000000100000000

Heap:
 garbage-first heap   total 189440K, used 102660K [0x0000000080000000, 0x0000000100000000)
  region size 1024K, 3 young (3072K), 3 survivors (3072K)
 Metaspace       used 87927K, capacity 90592K, committed 90704K, reserved 1128448K
  class space    used 11450K, capacity 12479K, committed 12516K, reserved 1048576K
Heap Regions: E=young(eden), S=young(survivor), O=old, HS=humongous(starts), HC=humongous(continues), CS=collection set, F=free, A=archive, TAMS=top-at-mark-start (previous, next)
|   0|0x0000000080000000, 0x0000000080100000, 0x0000000080100000|100%| O|  |TAMS 0x0000000080100000, 0x0000000080100000| Untracked 
|   1|0x0000000080100000, 0x0000000080200000, 0x0000000080200000|100%| O|  |TAMS 0x0000000080200000, 0x0000000080200000| Untracked 
|   2|0x0000000080200000, 0x0000000080300000, 0x0000000080300000|100%| O|  |TAMS 0x0000000080300000, 0x0000000080300000| Untracked 
|   3|0x0000000080300000, 0x0000000080400000, 0x0000000080400000|100%|HS|  |TAMS 0x0000000080400000, 0x0000000080400000| Complete 
|   4|0x0000000080400000, 0x0000000080500000, 0x0000000080500000|100%|HC|  |TAMS 0x0000000080500000, 0x0000000080500000| Complete 
|   5|0x0000000080500000, 0x0000000080600000, 0x0000000080600000|100%|HC|  |TAMS 0x0000000080600000, 0x0000000080600000| Complete 
|   6|0x0000000080600000, 0x0000000080700000, 0x0000000080700000|100%| O|  |TAMS 0x0000000080700000, 0x0000000080700000| Untracked 
|   7|0x0000000080700000, 0x0000000080800000, 0x0000000080800000|100%| O|  |TAMS 0x0000000080800000, 0x0000000080800000| Untracked 
|   8|0x0000000080800000, 0x0000000080900000, 0x0000000080900000|100%| O|  |TAMS 0x0000000080900000, 0x0000000080900000| Untracked 
|   9|0x0000000080900000, 0x0000000080a00000, 0x0000000080a00000|100%| O|  |TAMS 0x0000000080a00000, 0x0000000080a00000| Untracked 
|  10|0x0000000080a00000, 0x0000000080b00000, 0x0000000080b00000|100%| O|  |TAMS 0x0000000080b00000, 0x0000000080b00000| Untracked 
|  11|0x0000000080b00000, 0x0000000080c00000, 0x0000000080c00000|100%| O|  |TAMS 0x0000000080c00000, 0x0000000080c00000| Untracked 
|  12|0x0000000080c00000, 0x0000000080d00000, 0x0000000080d00000|100%| O|  |TAMS 0x0000000080d00000, 0x0000000080d00000| Untracked 
|  13|0x0000000080d00000, 0x0000000080e00000, 0x0000000080e00000|100%| O|  |TAMS 0x0000000080e00000, 0x0000000080e00000| Untracked 
|  14|0x0000000080e00000, 0x0000000080f00000, 0x0000000080f00000|100%| O|  |TAMS 0x0000000080f00000, 0x0000000080f00000| Untracked 
|  15|0x0000000080f00000, 0x0000000081000000, 0x0000000081000000|100%| O|  |TAMS 0x0000000081000000, 0x0000000081000000| Untracked 
|  16|0x0000000081000000, 0x0000000081100000, 0x0000000081100000|100%| O|  |TAMS 0x0000000081100000, 0x0000000081100000| Untracked 
|  17|0x0000000081100000, 0x0000000081200000, 0x0000000081200000|100%|HS|  |TAMS 0x0000000081200000, 0x0000000081200000| Complete 
|  18|0x0000000081200000, 0x0000000081300000, 0x0000000081300000|100%| O|  |TAMS 0x0000000081300000, 0x0000000081300000| Untracked 
|  19|0x0000000081300000, 0x0000000081400000, 0x0000000081400000|100%| O|  |TAMS 0x0000000081400000, 0x0000000081400000| Untracked 
|  20|0x0000000081400000, 0x0000000081500000, 0x0000000081500000|100%| O|  |TAMS 0x0000000081500000, 0x0000000081500000| Untracked 
|  21|0x0000000081500000, 0x0000000081600000, 0x0000000081600000|100%| O|  |TAMS 0x0000000081600000, 0x0000000081600000| Untracked 
|  22|0x0000000081600000, 0x0000000081700000, 0x0000000081700000|100%| O|  |TAMS 0x0000000081700000, 0x0000000081700000| Untracked 
|  23|0x0000000081700000, 0x0000000081800000, 0x0000000081800000|100%| O|  |TAMS 0x0000000081800000, 0x0000000081800000| Untracked 
|  24|0x0000000081800000, 0x0000000081900000, 0x0000000081900000|100%| O|  |TAMS 0x0000000081900000, 0x0000000081900000| Untracked 
|  25|0x0000000081900000, 0x0000000081a00000, 0x0000000081a00000|100%| O|  |TAMS 0x0000000081a00000, 0x0000000081a00000| Untracked 
|  26|0x0000000081a00000, 0x0000000081b00000, 0x0000000081b00000|100%| O|  |TAMS 0x0000000081b00000, 0x0000000081b00000| Untracked 
|  27|0x0000000081b00000, 0x0000000081c00000, 0x0000000081c00000|100%| O|  |TAMS 0x0000000081c00000, 0x0000000081c00000| Untracked 
|  28|0x0000000081c00000, 0x0000000081d00000, 0x0000000081d00000|100%| O|  |TAMS 0x0000000081d00000, 0x0000000081d00000| Untracked 
|  29|0x0000000081d00000, 0x0000000081e00000, 0x0000000081e00000|100%|HS|  |TAMS 0x0000000081e00000, 0x0000000081e00000| Complete 
|  30|0x0000000081e00000, 0x0000000081f00000, 0x0000000081f00000|100%| O|  |TAMS 0x0000000081f00000, 0x0000000081f00000| Untracked 
|  31|0x0000000081f00000, 0x0000000082000000, 0x0000000082000000|100%| O|  |TAMS 0x0000000082000000, 0x0000000082000000| Untracked 
|  32|0x0000000082000000, 0x0000000082100000, 0x0000000082100000|100%| O|  |TAMS 0x0000000082100000, 0x0000000082100000| Untracked 
|  33|0x0000000082100000, 0x0000000082200000, 0x0000000082200000|100%| O|  |TAMS 0x0000000082200000, 0x0000000082200000| Untracked 
|  34|0x0000000082200000, 0x0000000082300000, 0x0000000082300000|100%| O|  |TAMS 0x0000000082300000, 0x0000000082300000| Untracked 
|  35|0x0000000082300000, 0x0000000082400000, 0x0000000082400000|100%| O|  |TAMS 0x0000000082400000, 0x0000000082400000| Untracked 
|  36|0x0000000082400000, 0x0000000082500000, 0x0000000082500000|100%| O|  |TAMS 0x0000000082500000, 0x0000000082500000| Untracked 
|  37|0x0000000082500000, 0x0000000082600000, 0x0000000082600000|100%| O|  |TAMS 0x0000000082600000, 0x0000000082600000| Untracked 
|  38|0x0000000082600000, 0x0000000082700000, 0x0000000082700000|100%| O|  |TAMS 0x0000000082700000, 0x0000000082700000| Untracked 
|  39|0x0000000082700000, 0x0000000082800000, 0x0000000082800000|100%| O|  |TAMS 0x0000000082800000, 0x0000000082800000| Untracked 
|  40|0x0000000082800000, 0x0000000082900000, 0x0000000082900000|100%| O|  |TAMS 0x0000000082900000, 0x0000000082900000| Untracked 
|  41|0x0000000082900000, 0x0000000082a00000, 0x0000000082a00000|100%| O|  |TAMS 0x0000000082a00000, 0x0000000082a00000| Untracked 
|  42|0x0000000082a00000, 0x0000000082b00000, 0x0000000082b00000|100%| O|  |TAMS 0x0000000082b00000, 0x0000000082b00000| Untracked 
|  43|0x0000000082b00000, 0x0000000082c00000, 0x0000000082c00000|100%| O|  |TAMS 0x0000000082c00000, 0x0000000082c00000| Untracked 
|  44|0x0000000082c00000, 0x0000000082d00000, 0x0000000082d00000|100%| O|  |TAMS 0x0000000082d00000, 0x0000000082d00000| Untracked 
|  45|0x0000000082d00000, 0x0000000082e00000, 0x0000000082e00000|100%| O|  |TAMS 0x0000000082e00000, 0x0000000082e00000| Untracked 
|  46|0x0000000082e00000, 0x0000000082f00000, 0x0000000082f00000|100%| O|  |TAMS 0x0000000082f00000, 0x0000000082f00000| Untracked 
|  47|0x0000000082f00000, 0x0000000083000000, 0x0000000083000000|100%| O|  |TAMS 0x0000000083000000, 0x0000000083000000| Untracked 
|  48|0x0000000083000000, 0x0000000083100000, 0x0000000083100000|100%| O|  |TAMS 0x0000000083100000, 0x0000000083100000| Untracked 
|  49|0x0000000083100000, 0x0000000083200000, 0x0000000083200000|100%| O|  |TAMS 0x0000000083200000, 0x0000000083200000| Untracked 
|  50|0x0000000083200000, 0x0000000083300000, 0x0000000083300000|100%| O|  |TAMS 0x0000000083300000, 0x0000000083300000| Untracked 
|  51|0x0000000083300000, 0x0000000083400000, 0x0000000083400000|100%| O|  |TAMS 0x0000000083400000, 0x0000000083400000| Untracked 
|  52|0x0000000083400000, 0x0000000083500000, 0x0000000083500000|100%| O|  |TAMS 0x0000000083500000, 0x0000000083500000| Untracked 
|  53|0x0000000083500000, 0x0000000083600000, 0x0000000083600000|100%| O|  |TAMS 0x0000000083600000, 0x0000000083600000| Untracked 
|  54|0x0000000083600000, 0x0000000083700000, 0x0000000083700000|100%| O|  |TAMS 0x0000000083700000, 0x0000000083700000| Untracked 
|  55|0x0000000083700000, 0x0000000083800000, 0x0000000083800000|100%| O|  |TAMS 0x0000000083800000, 0x0000000083800000| Untracked 
|  56|0x0000000083800000, 0x0000000083900000, 0x0000000083900000|100%| O|  |TAMS 0x0000000083900000, 0x0000000083900000| Untracked 
|  57|0x0000000083900000, 0x0000000083a00000, 0x0000000083a00000|100%| O|  |TAMS 0x0000000083a00000, 0x0000000083a00000| Untracked 
|  58|0x0000000083a00000, 0x0000000083b00000, 0x0000000083b00000|100%| O|  |TAMS 0x0000000083b00000, 0x0000000083b00000| Untracked 
|  59|0x0000000083b00000, 0x0000000083c00000, 0x0000000083c00000|100%| O|  |TAMS 0x0000000083c00000, 0x0000000083c00000| Untracked 
|  60|0x0000000083c00000, 0x0000000083d00000, 0x0000000083d00000|100%| O|  |TAMS 0x0000000083d00000, 0x0000000083d00000| Untracked 
|  61|0x0000000083d00000, 0x0000000083e00000, 0x0000000083e00000|100%| O|  |TAMS 0x0000000083e00000, 0x0000000083e00000| Untracked 
|  62|0x0000000083e00000, 0x0000000083f00000, 0x0000000083f00000|100%| O|  |TAMS 0x0000000083f00000, 0x0000000083f00000| Untracked 
|  63|0x0000000083f00000, 0x0000000084000000, 0x0000000084000000|100%| O|  |TAMS 0x0000000084000000, 0x0000000084000000| Untracked 
|  64|0x0000000084000000, 0x0000000084100000, 0x0000000084100000|100%| O|  |TAMS 0x0000000084100000, 0x0000000084100000| Untracked 
|  65|0x0000000084100000, 0x0000000084200000, 0x0000000084200000|100%| O|  |TAMS 0x0000000084200000, 0x0000000084200000| Untracked 
|  66|0x0000000084200000, 0x0000000084300000, 0x0000000084300000|100%| O|  |TAMS 0x0000000084300000, 0x0000000084300000| Untracked 
|  67|0x0000000084300000, 0x0000000084400000, 0x0000000084400000|100%| O|  |TAMS 0x0000000084400000, 0x0000000084400000| Untracked 
|  68|0x0000000084400000, 0x0000000084500000, 0x0000000084500000|100%| O|  |TAMS 0x0000000084500000, 0x0000000084500000| Untracked 
|  69|0x0000000084500000, 0x0000000084600000, 0x0000000084600000|100%| O|  |TAMS 0x0000000084600000, 0x0000000084600000| Untracked 
|  70|0x0000000084600000, 0x0000000084700000, 0x0000000084700000|100%| O|  |TAMS 0x0000000084700000, 0x0000000084700000| Untracked 
|  71|0x0000000084700000, 0x0000000084800000, 0x0000000084800000|100%| O|  |TAMS 0x0000000084800000, 0x0000000084800000| Untracked 
|  72|0x0000000084800000, 0x0000000084900000, 0x0000000084900000|100%| O|  |TAMS 0x0000000084900000, 0x0000000084900000| Untracked 
|  73|0x0000000084900000, 0x0000000084a00000, 0x0000000084a00000|100%| O|  |TAMS 0x0000000084a00000, 0x0000000084a00000| Untracked 
|  74|0x0000000084a00000, 0x0000000084b00000, 0x0000000084b00000|100%| O|  |TAMS 0x0000000084a4ce00, 0x0000000084b00000| Untracked 
|  75|0x0000000084b00000, 0x0000000084c00000, 0x0000000084c00000|100%| O|  |TAMS 0x0000000084b00000, 0x0000000084c00000| Untracked 
|  76|0x0000000084c00000, 0x0000000084d00000, 0x0000000084d00000|100%| O|  |TAMS 0x0000000084c00000, 0x0000000084d00000| Untracked 
|  77|0x0000000084d00000, 0x0000000084e00000, 0x0000000084e00000|100%| O|  |TAMS 0x0000000084d00000, 0x0000000084e00000| Untracked 
|  78|0x0000000084e00000, 0x0000000084f00000, 0x0000000084f00000|100%| O|  |TAMS 0x0000000084e00000, 0x0000000084f00000| Untracked 
|  79|0x0000000084f00000, 0x0000000085000000, 0x0000000085000000|100%| O|  |TAMS 0x0000000084f00000, 0x0000000085000000| Untracked 
|  80|0x0000000085000000, 0x0000000085100000, 0x0000000085100000|100%| O|  |TAMS 0x0000000085000000, 0x0000000085100000| Untracked 
|  81|0x0000000085100000, 0x00000000851da800, 0x0000000085200000| 85%| O|  |TAMS 0x0000000085100000, 0x00000000851da800| Untracked 
|  82|0x0000000085200000, 0x0000000085300000, 0x0000000085300000|100%|HS|  |TAMS 0x0000000085200000, 0x0000000085300000| Complete 
|  83|0x0000000085300000, 0x0000000085400000, 0x0000000085400000|100%|HC|  |TAMS 0x0000000085300000, 0x0000000085400000| Complete 
|  84|0x0000000085400000, 0x0000000085500000, 0x0000000085500000|100%| O|  |TAMS 0x0000000085400000, 0x0000000085500000| Untracked 
|  85|0x0000000085500000, 0x0000000085600000, 0x0000000085600000|100%| O|  |TAMS 0x0000000085500000, 0x0000000085600000| Untracked 
|  86|0x0000000085600000, 0x0000000085700000, 0x0000000085700000|100%| O|  |TAMS 0x0000000085600000, 0x0000000085700000| Untracked 
|  87|0x0000000085700000, 0x0000000085800000, 0x0000000085800000|100%| O|  |TAMS 0x0000000085700000, 0x0000000085800000| Untracked 
|  88|0x0000000085800000, 0x0000000085900000, 0x0000000085900000|100%| O|  |TAMS 0x0000000085800000, 0x0000000085900000| Untracked 
|  89|0x0000000085900000, 0x0000000085a00000, 0x0000000085a00000|100%| O|  |TAMS 0x0000000085900000, 0x0000000085a00000| Untracked 
|  90|0x0000000085a00000, 0x0000000085b00000, 0x0000000085b00000|100%| O|  |TAMS 0x0000000085a00000, 0x0000000085b00000| Untracked 
|  91|0x0000000085b00000, 0x0000000085c00000, 0x0000000085c00000|100%| O|  |TAMS 0x0000000085b00000, 0x0000000085c00000| Untracked 
|  92|0x0000000085c00000, 0x0000000085d00000, 0x0000000085d00000|100%| O|  |TAMS 0x0000000085c00000, 0x0000000085d00000| Untracked 
|  93|0x0000000085d00000, 0x0000000085e00000, 0x0000000085e00000|100%| O|  |TAMS 0x0000000085d00000, 0x0000000085e00000| Untracked 
|  94|0x0000000085e00000, 0x0000000085f00000, 0x0000000085f00000|100%| O|  |TAMS 0x0000000085e00000, 0x0000000085f00000| Untracked 
|  95|0x0000000085f00000, 0x0000000086000000, 0x0000000086000000|100%| O|  |TAMS 0x0000000085f00000, 0x0000000086000000| Untracked 
|  96|0x0000000086000000, 0x0000000086100000, 0x0000000086100000|100%| O|  |TAMS 0x0000000086000000, 0x0000000086100000| Untracked 
|  97|0x0000000086100000, 0x0000000086200000, 0x0000000086200000|100%| O|  |TAMS 0x0000000086100000, 0x0000000086200000| Untracked 
|  98|0x0000000086200000, 0x0000000086200000, 0x0000000086300000|  0%| F|  |TAMS 0x0000000086200000, 0x0000000086200000| Untracked 
|  99|0x0000000086300000, 0x0000000086300000, 0x0000000086400000|  0%| F|  |TAMS 0x0000000086300000, 0x0000000086300000| Untracked 
| 100|0x0000000086400000, 0x0000000086400000, 0x0000000086500000|  0%| F|  |TAMS 0x0000000086400000, 0x0000000086400000| Untracked 
| 101|0x0000000086500000, 0x0000000086500000, 0x0000000086600000|  0%| F|  |TAMS 0x0000000086500000, 0x0000000086500000| Untracked 
| 102|0x0000000086600000, 0x0000000086600000, 0x0000000086700000|  0%| F|  |TAMS 0x0000000086600000, 0x0000000086600000| Untracked 
| 103|0x0000000086700000, 0x0000000086700000, 0x0000000086800000|  0%| F|  |TAMS 0x0000000086700000, 0x0000000086700000| Untracked 
| 104|0x0000000086800000, 0x0000000086800000, 0x0000000086900000|  0%| F|  |TAMS 0x0000000086800000, 0x0000000086800000| Untracked 
| 105|0x0000000086900000, 0x0000000086900000, 0x0000000086a00000|  0%| F|  |TAMS 0x0000000086900000, 0x0000000086900000| Untracked 
| 106|0x0000000086a00000, 0x0000000086a00000, 0x0000000086b00000|  0%| F|  |TAMS 0x0000000086a00000, 0x0000000086a00000| Untracked 
| 107|0x0000000086b00000, 0x0000000086b00000, 0x0000000086c00000|  0%| F|  |TAMS 0x0000000086b00000, 0x0000000086b00000| Untracked 
| 108|0x0000000086c00000, 0x0000000086c00000, 0x0000000086d00000|  0%| F|  |TAMS 0x0000000086c00000, 0x0000000086c00000| Untracked 
| 109|0x0000000086d00000, 0x0000000086d00000, 0x0000000086e00000|  0%| F|  |TAMS 0x0000000086d00000, 0x0000000086d00000| Untracked 
| 110|0x0000000086e00000, 0x0000000086e00000, 0x0000000086f00000|  0%| F|  |TAMS 0x0000000086e00000, 0x0000000086e00000| Untracked 
| 111|0x0000000086f00000, 0x0000000086f00000, 0x0000000087000000|  0%| F|  |TAMS 0x0000000086f00000, 0x0000000086f00000| Untracked 
| 112|0x0000000087000000, 0x0000000087000000, 0x0000000087100000|  0%| F|  |TAMS 0x0000000087000000, 0x0000000087000000| Untracked 
| 113|0x0000000087100000, 0x0000000087100000, 0x0000000087200000|  0%| F|  |TAMS 0x0000000087100000, 0x0000000087100000| Untracked 
| 114|0x0000000087200000, 0x0000000087200000, 0x0000000087300000|  0%| F|  |TAMS 0x0000000087200000, 0x0000000087200000| Untracked 
| 115|0x0000000087300000, 0x0000000087300000, 0x0000000087400000|  0%| F|  |TAMS 0x0000000087300000, 0x0000000087300000| Untracked 
| 116|0x0000000087400000, 0x0000000087400000, 0x0000000087500000|  0%| F|  |TAMS 0x0000000087400000, 0x0000000087400000| Untracked 
| 117|0x0000000087500000, 0x0000000087500000, 0x0000000087600000|  0%| F|  |TAMS 0x0000000087500000, 0x0000000087500000| Untracked 
| 118|0x0000000087600000, 0x0000000087600000, 0x0000000087700000|  0%| F|  |TAMS 0x0000000087600000, 0x0000000087600000| Untracked 
| 119|0x0000000087700000, 0x0000000087700000, 0x0000000087800000|  0%| F|  |TAMS 0x0000000087700000, 0x0000000087700000| Untracked 
| 120|0x0000000087800000, 0x0000000087800000, 0x0000000087900000|  0%| F|  |TAMS 0x0000000087800000, 0x0000000087800000| Untracked 
| 121|0x0000000087900000, 0x0000000087900000, 0x0000000087a00000|  0%| F|  |TAMS 0x0000000087900000, 0x0000000087900000| Untracked 
| 122|0x0000000087a00000, 0x0000000087a00000, 0x0000000087b00000|  0%| F|  |TAMS 0x0000000087a00000, 0x0000000087a00000| Untracked 
| 123|0x0000000087b00000, 0x0000000087b00000, 0x0000000087c00000|  0%| F|  |TAMS 0x0000000087b00000, 0x0000000087b00000| Untracked 
| 124|0x0000000087c00000, 0x0000000087c00000, 0x0000000087d00000|  0%| F|  |TAMS 0x0000000087c00000, 0x0000000087c00000| Untracked 
| 125|0x0000000087d00000, 0x0000000087d00000, 0x0000000087e00000|  0%| F|  |TAMS 0x0000000087d00000, 0x0000000087d00000| Untracked 
| 126|0x0000000087e00000, 0x0000000087e00000, 0x0000000087f00000|  0%| F|  |TAMS 0x0000000087e00000, 0x0000000087e00000| Untracked 
| 127|0x0000000087f00000, 0x0000000087f00000, 0x0000000088000000|  0%| F|  |TAMS 0x0000000087f00000, 0x0000000087f00000| Untracked 
| 128|0x0000000088000000, 0x0000000088000000, 0x0000000088100000|  0%| F|  |TAMS 0x0000000088000000, 0x0000000088000000| Untracked 
| 129|0x0000000088100000, 0x0000000088100000, 0x0000000088200000|  0%| F|  |TAMS 0x0000000088100000, 0x0000000088100000| Untracked 
| 130|0x0000000088200000, 0x0000000088200000, 0x0000000088300000|  0%| F|  |TAMS 0x0000000088200000, 0x0000000088200000| Untracked 
| 131|0x0000000088300000, 0x0000000088300000, 0x0000000088400000|  0%| F|  |TAMS 0x0000000088300000, 0x0000000088300000| Untracked 
| 132|0x0000000088400000, 0x0000000088400000, 0x0000000088500000|  0%| F|  |TAMS 0x0000000088400000, 0x0000000088400000| Untracked 
| 133|0x0000000088500000, 0x0000000088500000, 0x0000000088600000|  0%| F|  |TAMS 0x0000000088500000, 0x0000000088500000| Untracked 
| 134|0x0000000088600000, 0x0000000088600000, 0x0000000088700000|  0%| F|  |TAMS 0x0000000088600000, 0x0000000088600000| Untracked 
| 135|0x0000000088700000, 0x0000000088700000, 0x0000000088800000|  0%| F|  |TAMS 0x0000000088700000, 0x0000000088700000| Untracked 
| 136|0x0000000088800000, 0x0000000088800000, 0x0000000088900000|  0%| F|  |TAMS 0x0000000088800000, 0x0000000088800000| Untracked 
| 137|0x0000000088900000, 0x0000000088900000, 0x0000000088a00000|  0%| F|  |TAMS 0x0000000088900000, 0x0000000088900000| Untracked 
| 138|0x0000000088a00000, 0x0000000088a00000, 0x0000000088b00000|  0%| F|  |TAMS 0x0000000088a00000, 0x0000000088a00000| Untracked 
| 139|0x0000000088b00000, 0x0000000088b00000, 0x0000000088c00000|  0%| F|  |TAMS 0x0000000088b00000, 0x0000000088b00000| Untracked 
| 140|0x0000000088c00000, 0x0000000088c00000, 0x0000000088d00000|  0%| F|  |TAMS 0x0000000088c00000, 0x0000000088c00000| Untracked 
| 141|0x0000000088d00000, 0x0000000088d00000, 0x0000000088e00000|  0%| F|  |TAMS 0x0000000088d00000, 0x0000000088d00000| Untracked 
| 142|0x0000000088e00000, 0x0000000088e66850, 0x0000000088f00000| 40%| S|CS|TAMS 0x0000000088e00000, 0x0000000088e00000| Complete 
| 143|0x0000000088f00000, 0x0000000089000000, 0x0000000089000000|100%| S|CS|TAMS 0x0000000088f00000, 0x0000000088f00000| Complete 
| 144|0x0000000089000000, 0x0000000089100000, 0x0000000089100000|100%| S|CS|TAMS 0x0000000089000000, 0x0000000089000000| Complete 
| 145|0x0000000089100000, 0x0000000089100000, 0x0000000089200000|  0%| F|  |TAMS 0x0000000089100000, 0x0000000089100000| Untracked 
| 146|0x0000000089200000, 0x0000000089200000, 0x0000000089300000|  0%| F|  |TAMS 0x0000000089200000, 0x0000000089200000| Untracked 
| 147|0x0000000089300000, 0x0000000089300000, 0x0000000089400000|  0%| F|  |TAMS 0x0000000089300000, 0x0000000089300000| Untracked 
| 148|0x0000000089400000, 0x0000000089400000, 0x0000000089500000|  0%| F|  |TAMS 0x0000000089400000, 0x0000000089400000| Untracked 
| 149|0x0000000089500000, 0x0000000089500000, 0x0000000089600000|  0%| F|  |TAMS 0x0000000089500000, 0x0000000089500000| Untracked 
| 150|0x0000000089600000, 0x0000000089600000, 0x0000000089700000|  0%| F|  |TAMS 0x0000000089600000, 0x0000000089600000| Untracked 
| 151|0x0000000089700000, 0x0000000089700000, 0x0000000089800000|  0%| F|  |TAMS 0x0000000089700000, 0x0000000089700000| Untracked 
| 152|0x0000000089800000, 0x0000000089800000, 0x0000000089900000|  0%| F|  |TAMS 0x0000000089800000, 0x0000000089800000| Untracked 
| 153|0x0000000089900000, 0x0000000089900000, 0x0000000089a00000|  0%| F|  |TAMS 0x0000000089900000, 0x0000000089900000| Untracked 

Card table byte_map: [0x000001f7d23b0000,0x000001f7d27b0000] _byte_map_base: 0x000001f7d1fb0000

Marking Bits (Prev, Next): (CMBitMap*) 0x000001f7bd2698c0, (CMBitMap*) 0x000001f7bd269888
 Prev Bits: [0x000001f7d4bb0000, 0x000001f7d6bb0000)
 Next Bits: [0x000001f7d2bb0000, 0x000001f7d4bb0000)

Polling page: 0x000001f7bd2f0000

Metaspace:

Usage:
  Non-class:     76.28 MB capacity,    74.68 MB ( 98%) used,     1.31 MB (  2%) free+waste,   295.06 KB ( <1%) overhead. 
      Class:     12.19 MB capacity,    11.18 MB ( 92%) used,   890.25 KB (  7%) free+waste,   138.56 KB (  1%) overhead. 
       Both:     88.47 MB capacity,    85.87 MB ( 97%) used,     2.18 MB (  2%) free+waste,   433.63 KB ( <1%) overhead. 

Virtual space:
  Non-class space:       78.00 MB reserved,      76.36 MB ( 98%) committed 
      Class space:        1.00 GB reserved,      12.22 MB (  1%) committed 
             Both:        1.08 GB reserved,      88.58 MB (  8%) committed 

Chunk freelists:
   Non-Class:  11.00 KB
       Class:  1.00 KB
        Both:  12.00 KB

MaxMetaspaceSize: 17179869184.00 GB
CompressedClassSpaceSize: 1.00 GB
Initial GC threshold: 20.80 MB
Current GC threshold: 144.71 MB
CDS: off

CodeHeap 'non-profiled nmethods': size=120000Kb used=7069Kb max_used=7069Kb free=112930Kb
 bounds [0x000001f7ca020000, 0x000001f7ca710000, 0x000001f7d1550000]
CodeHeap 'profiled nmethods': size=120000Kb used=22440Kb max_used=22440Kb free=97559Kb
 bounds [0x000001f7c2af0000, 0x000001f7c40e0000, 0x000001f7ca020000]
CodeHeap 'non-nmethods': size=5760Kb used=2401Kb max_used=2455Kb free=3358Kb
 bounds [0x000001f7c2550000, 0x000001f7c27c0000, 0x000001f7c2af0000]
 total_blobs=11317 nmethods=10385 adapters=842
 compilation: enabled
              stopped_count=0, restarted_count=0
 full_count=0

Compilation events (20 events):
Event: 28.657 Thread 0x000001f7d9f19800 10486       3       com.google.common.collect.AbstractMapBasedMultimap$WrappedCollection$WrappedIterator::next (14 bytes)
Event: 28.658 Thread 0x000001f7d9f19800 nmethod 10486 0x000001f7c40d5590 code [0x000001f7c40d5780, 0x000001f7c40d5be8]
Event: 28.658 Thread 0x000001f7d9f19800 10472       3       jdk.internal.math.FloatingDecimal::parseFloat (10 bytes)
Event: 28.658 Thread 0x000001f7d9f19800 nmethod 10472 0x000001f7c40d5d90 code [0x000001f7c40d5f60, 0x000001f7c40d6118]
Event: 28.658 Thread 0x000001f7d9f19800 10489       3       com.google.common.collect.AbstractMapBasedMultimap$WrappedCollection$WrappedIterator::getDelegateIterator (9 bytes)
Event: 28.659 Thread 0x000001f7d9f19800 nmethod 10489 0x000001f7c40d6210 code [0x000001f7c40d63e0, 0x000001f7c40d6798]
Event: 28.659 Thread 0x000001f7d9f19800 10490   !   3       java.util.ArrayList$ListItr::set (45 bytes)
Event: 28.660 Thread 0x000001f7d9f19800 nmethod 10490 0x000001f7c40d6910 code [0x000001f7c40d6b60, 0x000001f7c40d74f8]
Event: 28.660 Thread 0x000001f7d9f19800 10487       3       com.google.common.collect.AbstractMapBasedMultimap$WrappedList$WrappedListIterator::set (11 bytes)
Event: 28.661 Thread 0x000001f7d9f19800 nmethod 10487 0x000001f7c40d7990 code [0x000001f7c40d7b80, 0x000001f7c40d8038]
Event: 28.661 Thread 0x000001f7d9f19800 10488       3       com.google.common.collect.AbstractMapBasedMultimap$WrappedList$WrappedListIterator::getDelegateListIterator (8 bytes)
Event: 28.661 Thread 0x000001f7d9f19800 nmethod 10488 0x000001f7c40d8190 code [0x000001f7c40d8380, 0x000001f7c40d8918]
Event: 28.662 Thread 0x000001f7d9f19800 10473       3       org.apache.xerces.dom.NamedNodeMapImpl::getLength (21 bytes)
Event: 28.662 Thread 0x000001f7d9f19800 nmethod 10473 0x000001f7c40d8b10 code [0x000001f7c40d8ce0, 0x000001f7c40d8f08]
Event: 28.662 Thread 0x000001f7d9f19800 10474       3       java.lang.Float::parseFloat (5 bytes)
Event: 28.662 Thread 0x000001f7d9f19800 nmethod 10474 0x000001f7c40d9010 code [0x000001f7c40d91e0, 0x000001f7c40d93f8]
Event: 28.662 Thread 0x000001f7d9f19800 10476       3       jdk.internal.math.FloatingDecimal$ASCIIToBinaryBuffer::<init> (26 bytes)
Event: 28.663 Thread 0x000001f7d9f19800 nmethod 10476 0x000001f7c40d9510 code [0x000001f7c40d96c0, 0x000001f7c40d9878]
Event: 28.663 Thread 0x000001f7d9f19800 10475       3       org.apache.xerces.dom.NamedNodeMapImpl::item (38 bytes)
Event: 28.663 Thread 0x000001f7d9f19800 nmethod 10475 0x000001f7c40d9910 code [0x000001f7c40d9b00, 0x000001f7c40d9f38]

GC Heap History (20 events):
Event: 15.301 GC heap after
{Heap after GC invocations=13 (full 0):
 garbage-first heap   total 157696K, used 47665K [0x0000000080000000, 0x0000000100000000)
  region size 1024K, 7 young (7168K), 7 survivors (7168K)
 Metaspace       used 62141K, capacity 63766K, committed 64028K, reserved 1105920K
  class space    used 7871K, capacity 8498K, committed 8600K, reserved 1048576K
}
Event: 16.793 GC heap before
{Heap before GC invocations=13 (full 0):
 garbage-first heap   total 157696K, used 123441K [0x0000000080000000, 0x0000000100000000)
  region size 1024K, 80 young (81920K), 7 survivors (7168K)
 Metaspace       used 65205K, capacity 67004K, committed 67356K, reserved 1107968K
  class space    used 8286K, capacity 8970K, committed 9112K, reserved 1048576K
}
Event: 16.805 GC heap after
{Heap after GC invocations=14 (full 0):
 garbage-first heap   total 157696K, used 52321K [0x0000000080000000, 0x0000000100000000)
  region size 1024K, 5 young (5120K), 5 survivors (5120K)
 Metaspace       used 65205K, capacity 67004K, committed 67356K, reserved 1107968K
  class space    used 8286K, capacity 8970K, committed 9112K, reserved 1048576K
}
Event: 17.983 GC heap before
{Heap before GC invocations=14 (full 0):
 garbage-first heap   total 157696K, used 88161K [0x0000000080000000, 0x0000000100000000)
  region size 1024K, 41 young (41984K), 5 survivors (5120K)
 Metaspace       used 68878K, capacity 70542K, committed 70660K, reserved 1110016K
  class space    used 8883K, capacity 9551K, committed 9624K, reserved 1048576K
}
Event: 18.000 GC heap after
{Heap after GC invocations=15 (full 0):
 garbage-first heap   total 157696K, used 54334K [0x0000000080000000, 0x0000000100000000)
  region size 1024K, 7 young (7168K), 7 survivors (7168K)
 Metaspace       used 68878K, capacity 70542K, committed 70660K, reserved 1110016K
  class space    used 8883K, capacity 9551K, committed 9624K, reserved 1048576K
}
Event: 19.822 GC heap before
{Heap before GC invocations=16 (full 0):
 garbage-first heap   total 157696K, used 112702K [0x0000000080000000, 0x0000000100000000)
  region size 1024K, 64 young (65536K), 7 survivors (7168K)
 Metaspace       used 74267K, capacity 76145K, committed 76368K, reserved 1116160K
  class space    used 9727K, capacity 10454K, committed 10468K, reserved 1048576K
}
Event: 19.835 GC heap after
{Heap after GC invocations=17 (full 0):
 garbage-first heap   total 157696K, used 58109K [0x0000000080000000, 0x0000000100000000)
  region size 1024K, 6 young (6144K), 6 survivors (6144K)
 Metaspace       used 74267K, capacity 76145K, committed 76368K, reserved 1116160K
  class space    used 9727K, capacity 10454K, committed 10468K, reserved 1048576K
}
Event: 21.403 GC heap before
{Heap before GC invocations=17 (full 0):
 garbage-first heap   total 157696K, used 116477K [0x0000000080000000, 0x0000000100000000)
  region size 1024K, 63 young (64512K), 6 survivors (6144K)
 Metaspace       used 79548K, capacity 81572K, committed 81744K, reserved 1120256K
  class space    used 10413K, capacity 11197K, committed 11236K, reserved 1048576K
}
Event: 21.417 GC heap after
{Heap after GC invocations=18 (full 0):
 garbage-first heap   total 157696K, used 62558K [0x0000000080000000, 0x0000000100000000)
  region size 1024K, 8 young (8192K), 8 survivors (8192K)
 Metaspace       used 79548K, capacity 81572K, committed 81744K, reserved 1120256K
  class space    used 10413K, capacity 11197K, committed 11236K, reserved 1048576K
}
Event: 22.008 GC heap before
{Heap before GC invocations=18 (full 0):
 garbage-first heap   total 157696K, used 119902K [0x0000000080000000, 0x0000000100000000)
  region size 1024K, 64 young (65536K), 8 survivors (8192K)
 Metaspace       used 80094K, capacity 82108K, committed 82256K, reserved 1120256K
  class space    used 10475K, capacity 11222K, committed 11236K, reserved 1048576K
}
Event: 22.028 GC heap after
{Heap after GC invocations=19 (full 0):
 garbage-first heap   total 157696K, used 69692K [0x0000000080000000, 0x0000000100000000)
  region size 1024K, 8 young (8192K), 8 survivors (8192K)
 Metaspace       used 80094K, capacity 82108K, committed 82256K, reserved 1120256K
  class space    used 10475K, capacity 11222K, committed 11236K, reserved 1048576K
}
Event: 23.515 GC heap before
{Heap before GC invocations=19 (full 0):
 garbage-first heap   total 157696K, used 120892K [0x0000000080000000, 0x0000000100000000)
  region size 1024K, 59 young (60416K), 8 survivors (8192K)
 Metaspace       used 82697K, capacity 85170K, committed 85328K, reserved 1122304K
  class space    used 10948K, capacity 11879K, committed 12004K, reserved 1048576K
}
Event: 23.535 GC heap after
{Heap after GC invocations=20 (full 0):
 garbage-first heap   total 157696K, used 73917K [0x0000000080000000, 0x0000000100000000)
  region size 1024K, 4 young (4096K), 4 survivors (4096K)
 Metaspace       used 82697K, capacity 85170K, committed 85328K, reserved 1122304K
  class space    used 10948K, capacity 11879K, committed 12004K, reserved 1048576K
}
Event: 25.114 GC heap before
{Heap before GC invocations=20 (full 0):
 garbage-first heap   total 157696K, used 124093K [0x0000000080000000, 0x0000000100000000)
  region size 1024K, 54 young (55296K), 4 survivors (4096K)
 Metaspace       used 86027K, capacity 88538K, committed 88656K, reserved 1126400K
  class space    used 11272K, capacity 12225K, committed 12260K, reserved 1048576K
}
Event: 25.124 GC heap after
{Heap after GC invocations=21 (full 0):
 garbage-first heap   total 157696K, used 76031K [0x0000000080000000, 0x0000000100000000)
  region size 1024K, 6 young (6144K), 6 survivors (6144K)
 Metaspace       used 86027K, capacity 88538K, committed 88656K, reserved 1126400K
  class space    used 11272K, capacity 12225K, committed 12260K, reserved 1048576K
}
Event: 26.631 GC heap before
{Heap before GC invocations=21 (full 0):
 garbage-first heap   total 157696K, used 101631K [0x0000000080000000, 0x0000000100000000)
  region size 1024K, 33 young (33792K), 6 survivors (6144K)
 Metaspace       used 86299K, capacity 88798K, committed 88912K, reserved 1126400K
  class space    used 11272K, capacity 12225K, committed 12260K, reserved 1048576K
}
Event: 26.678 GC heap after
{Heap after GC invocations=22 (full 0):
 garbage-first heap   total 157696K, used 83251K [0x0000000080000000, 0x0000000100000000)
  region size 1024K, 7 young (7168K), 7 survivors (7168K)
 Metaspace       used 86299K, capacity 88798K, committed 88912K, reserved 1126400K
  class space    used 11272K, capacity 12225K, committed 12260K, reserved 1048576K
}
Event: 28.443 GC heap before
{Heap before GC invocations=23 (full 0):
 garbage-first heap   total 157696K, used 131379K [0x0000000080000000, 0x0000000100000000)
  region size 1024K, 45 young (46080K), 7 survivors (7168K)
 Metaspace       used 87158K, capacity 89695K, committed 89808K, reserved 1126400K
  class space    used 11373K, capacity 12364K, committed 12388K, reserved 1048576K
}
Event: 28.471 GC heap after
{Heap after GC invocations=24 (full 0):
 garbage-first heap   total 157696K, used 99249K [0x0000000080000000, 0x0000000100000000)
  region size 1024K, 6 young (6144K), 6 survivors (6144K)
 Metaspace       used 87158K, capacity 89695K, committed 89808K, reserved 1126400K
  class space    used 11373K, capacity 12364K, committed 12388K, reserved 1048576K
}
Event: 28.667 GC heap before
{Heap before GC invocations=24 (full 0):
 garbage-first heap   total 157696K, used 106417K [0x0000000080000000, 0x0000000100000000)
  region size 1024K, 15 young (15360K), 6 survivors (6144K)
 Metaspace       used 87927K, capacity 90592K, committed 90704K, reserved 1128448K
  class space    used 11450K, capacity 12479K, committed 12516K, reserved 1048576K
}

Deoptimization events (20 events):
Event: 28.613 Thread 0x000001f7e081d000 Uncommon trap: trap_request=0xffffff4d fr.pc=0x000001f7ca6a0990 relative=0x0000000000000070
Event: 28.613 Thread 0x000001f7e081d000 Uncommon trap: reason=unstable_if action=reinterpret pc=0x000001f7ca6a0990 method=org.apache.xerces.dom.NodeImpl.isOwned()Z @ 7 c2
Event: 28.613 Thread 0x000001f7e081d000 DEOPT PACKING pc=0x000001f7ca6a0990 sp=0x000000df267fa220
Event: 28.613 Thread 0x000001f7e081d000 DEOPT UNPACKING pc=0x000001f7c259a1af sp=0x000000df267fa158 mode 2
Event: 28.613 Thread 0x000001f7e081d000 Uncommon trap: trap_request=0xffffffde fr.pc=0x000001f7ca6819f0 relative=0x0000000000000db0
Event: 28.613 Thread 0x000001f7e081d000 Uncommon trap: reason=class_check action=maybe_recompile pc=0x000001f7ca6819f0 method=org.apache.xerces.dom.AttributeMap.setNamedItem(Lorg/w3c/dom/Node;)Lorg/w3c/dom/Node; @ 4 c2
Event: 28.613 Thread 0x000001f7e081d000 DEOPT PACKING pc=0x000001f7ca6819f0 sp=0x000000df267fa250
Event: 28.614 Thread 0x000001f7e081d000 DEOPT UNPACKING pc=0x000001f7c259a1af sp=0x000000df267fa250 mode 2
Event: 28.614 Thread 0x000001f7e081d000 Uncommon trap: trap_request=0xffffffde fr.pc=0x000001f7ca6819f0 relative=0x0000000000000db0
Event: 28.614 Thread 0x000001f7e081d000 Uncommon trap: reason=class_check action=maybe_recompile pc=0x000001f7ca6819f0 method=org.apache.xerces.dom.AttributeMap.setNamedItem(Lorg/w3c/dom/Node;)Lorg/w3c/dom/Node; @ 4 c2
Event: 28.614 Thread 0x000001f7e081d000 DEOPT PACKING pc=0x000001f7ca6819f0 sp=0x000000df267fa250
Event: 28.614 Thread 0x000001f7e081d000 DEOPT UNPACKING pc=0x000001f7c259a1af sp=0x000000df267fa250 mode 2
Event: 28.614 Thread 0x000001f7e081d000 Uncommon trap: trap_request=0xffffffde fr.pc=0x000001f7ca6819f0 relative=0x0000000000000db0
Event: 28.614 Thread 0x000001f7e081d000 Uncommon trap: reason=class_check action=maybe_recompile pc=0x000001f7ca6819f0 method=org.apache.xerces.dom.AttributeMap.setNamedItem(Lorg/w3c/dom/Node;)Lorg/w3c/dom/Node; @ 4 c2
Event: 28.614 Thread 0x000001f7e081d000 DEOPT PACKING pc=0x000001f7ca6819f0 sp=0x000000df267fa250
Event: 28.614 Thread 0x000001f7e081d000 DEOPT UNPACKING pc=0x000001f7c259a1af sp=0x000000df267fa250 mode 2
Event: 28.661 Thread 0x000001f7e081d000 Uncommon trap: trap_request=0xffffffc6 fr.pc=0x000001f7ca65a904 relative=0x0000000000000a64
Event: 28.661 Thread 0x000001f7e081d000 Uncommon trap: reason=bimorphic_or_optimized_type_check action=maybe_recompile pc=0x000001f7ca65a904 method=org.apache.xerces.dom.CoreDocumentImpl.isKidOK(Lorg/w3c/dom/Node;Lorg/w3c/dom/Node;)Z @ 39 c2
Event: 28.661 Thread 0x000001f7e081d000 DEOPT PACKING pc=0x000001f7ca65a904 sp=0x000000df267fa1e0
Event: 28.661 Thread 0x000001f7e081d000 DEOPT UNPACKING pc=0x000001f7c259a1af sp=0x000000df267fa108 mode 2

Classes redefined (0 events):
No events

Internal exceptions (20 events):
Event: 24.102 Thread 0x000001f7e081d000 Exception <a 'java/lang/NoSuchMethodError'{0x00000000880a2df8}: 'void java.lang.invoke.DirectMethodHandle$Holder.invokeInterface(java.lang.Object, java.lang.Object, java.lang.Object, java.lang.Object)'> (0x00000000880a2df8) thrown at [src/hotspot/share/interpreter/linkResolver.cpp, line 773]
Event: 28.195 Thread 0x000001f7e081d000 Exception <a 'java/lang/NoSuchMethodError'{0x0000000087419cd8}: 'java.lang.Object java.lang.invoke.DirectMethodHandle$Holder.invokeSpecial(java.lang.Object, java.lang.Object, int, int, int, java.lang.Object, java.lang.Object, java.lang.Object, int)'> (0x0000000087419cd8) thrown at [src/hotspot/share/interpreter/linkResolver.cpp, line 773]
Event: 28.196 Thread 0x000001f7e081d000 Exception <a 'java/lang/NoSuchMethodError'{0x000000008741db88}: 'java.lang.Object java.lang.invoke.DelegatingMethodHandle$Holder.reinvoke_L(java.lang.Object, int, int, int, java.lang.Object, java.lang.Object, java.lang.Object, int)'> (0x000000008741db88) thrown at [src/hotspot/share/interpreter/linkResolver.cpp, line 773]
Event: 28.198 Thread 0x000001f7e081d000 Exception <a 'java/lang/NoSuchMethodError'{0x000000008743faa8}: 'java.lang.Object java.lang.invoke.DirectMethodHandle$Holder.invokeStatic(java.lang.Object, java.lang.Object, java.lang.Object, java.lang.Object, java.lang.Object, java.lang.Object, java.lang.Object, int)'> (0x000000008743faa8) thrown at [src/hotspot/share/interpreter/linkResolver.cpp, line 773]
Event: 28.397 Thread 0x000001f7e081d000 Exception <a 'java/lang/NoSuchMethodError'{0x0000000086efd4f0}: <clinit>> (0x0000000086efd4f0) thrown at [src/hotspot/share/prims/jni.cpp, line 1367]
Event: 28.398 Thread 0x000001f7e081d000 Exception <a 'java/lang/NoSuchMethodError'{0x0000000086d0c1d8}: <clinit>> (0x0000000086d0c1d8) thrown at [src/hotspot/share/prims/jni.cpp, line 1367]
Event: 28.426 Thread 0x000001f7e081d000 Exception <a 'java/lang/NoSuchMethodError'{0x0000000086d76068}: <clinit>> (0x0000000086d76068) thrown at [src/hotspot/share/prims/jni.cpp, line 1367]
Event: 28.426 Thread 0x000001f7e081d000 Exception <a 'java/lang/NoSuchMethodError'{0x0000000086d78c30}: <clinit>> (0x0000000086d78c30) thrown at [src/hotspot/share/prims/jni.cpp, line 1367]
Event: 28.426 Thread 0x000001f7e081d000 Exception <a 'java/lang/NoSuchMethodError'{0x0000000086d7d5b0}: <clinit>> (0x0000000086d7d5b0) thrown at [src/hotspot/share/prims/jni.cpp, line 1367]
Event: 28.428 Thread 0x000001f7e081d000 Exception <a 'java/lang/NoSuchMethodError'{0x0000000086d88958}: <clinit>> (0x0000000086d88958) thrown at [src/hotspot/share/prims/jni.cpp, line 1367]
Event: 28.441 Thread 0x000001f7e081d000 Exception <a 'java/lang/NoSuchMethodError'{0x0000000086dee528}: <clinit>> (0x0000000086dee528) thrown at [src/hotspot/share/prims/jni.cpp, line 1367]
Event: 28.474 Thread 0x000001f7e081d000 Exception <a 'java/lang/NoSuchMethodError'{0x00000000899239e0}: <clinit>> (0x00000000899239e0) thrown at [src/hotspot/share/prims/jni.cpp, line 1367]
Event: 28.481 Thread 0x000001f7e081d000 Exception <a 'java/lang/NoSuchMethodError'{0x0000000089955830}: <clinit>> (0x0000000089955830) thrown at [src/hotspot/share/prims/jni.cpp, line 1367]
Event: 28.481 Thread 0x000001f7e081d000 Exception <a 'java/lang/NoSuchMethodError'{0x0000000089958c98}: <clinit>> (0x0000000089958c98) thrown at [src/hotspot/share/prims/jni.cpp, line 1367]
Event: 28.481 Thread 0x000001f7e081d000 Exception <a 'java/lang/NoSuchMethodError'{0x000000008995b908}: <clinit>> (0x000000008995b908) thrown at [src/hotspot/share/prims/jni.cpp, line 1367]
Event: 28.484 Thread 0x000001f7e081d000 Exception <a 'java/lang/NoSuchMethodError'{0x0000000089973b40}: <clinit>> (0x0000000089973b40) thrown at [src/hotspot/share/prims/jni.cpp, line 1367]
Event: 28.486 Thread 0x000001f7e081d000 Exception <a 'java/lang/NoSuchMethodError'{0x000000008998ae48}: <clinit>> (0x000000008998ae48) thrown at [src/hotspot/share/prims/jni.cpp, line 1367]
Event: 28.489 Thread 0x000001f7e081d000 Exception <a 'java/lang/NoSuchMethodError'{0x00000000899ac868}: <clinit>> (0x00000000899ac868) thrown at [src/hotspot/share/prims/jni.cpp, line 1367]
Event: 28.490 Thread 0x000001f7e081d000 Exception <a 'java/lang/NoSuchMethodError'{0x00000000899bf520}: <clinit>> (0x00000000899bf520) thrown at [src/hotspot/share/prims/jni.cpp, line 1367]
Event: 28.542 Thread 0x000001f7e081d000 Exception <a 'java/lang/NoSuchMethodError'{0x00000000897f4ee0}: <clinit>> (0x00000000897f4ee0) thrown at [src/hotspot/share/prims/jni.cpp, line 1367]

Events (20 events):
Event: 28.665 loading class sun/awt/image/SunWritableRaster$DataStealer
Event: 28.665 loading class sun/awt/image/SunWritableRaster$DataStealer done
Event: 28.665 loading class java/awt/image/DataBuffer$1 done
Event: 28.665 loading class sun/awt/image/SunWritableRaster
Event: 28.665 loading class org/w3c/dom/ls/LSParser
Event: 28.665 loading class sun/awt/image/SunWritableRaster done
Event: 28.666 loading class org/w3c/dom/ls/LSParser done
Event: 28.666 loading class sun/java2d/StateTrackable$State
Event: 28.666 loading class sun/java2d/StateTrackable$State done
Event: 28.666 loading class org/w3c/dom/ls/LSOutput
Event: 28.666 loading class org/w3c/dom/ls/LSOutput done
Event: 28.666 loading class sun/java2d/StateTrackableDelegate
Event: 28.666 loading class org/w3c/dom/ls/LSInput
Event: 28.666 loading class org/w3c/dom/ls/LSInput done
Event: 28.666 loading class sun/java2d/StateTrackable
Event: 28.666 loading class sun/java2d/StateTrackable done
Event: 28.666 loading class sun/java2d/StateTrackableDelegate done
Event: 28.667 loading class sun/java2d/StateTrackableDelegate$2
Event: 28.667 loading class sun/java2d/StateTrackableDelegate$2 done
Event: 28.667 Executing VM operation: G1CollectForAllocation


Dynamic libraries:
0x00007ff76acb0000 - 0x00007ff76acba000 	C:\Program Files\Android\Android Studio\jbr\bin\java.exe
0x00007ffc3a960000 - 0x00007ffc3ab50000 	C:\WINDOWS\SYSTEM32\ntdll.dll
0x00007ffc39020000 - 0x00007ffc390d2000 	C:\WINDOWS\System32\KERNEL32.DLL
0x00007ffc37e20000 - 0x00007ffc380c5000 	C:\WINDOWS\System32\KERNELBASE.dll
0x00007ffc37cc0000 - 0x00007ffc37dba000 	C:\WINDOWS\System32\ucrtbase.dll
0x00007ffc304f0000 - 0x00007ffc30507000 	C:\Program Files\Android\Android Studio\jbr\bin\jli.dll
0x00007ffc2f8b0000 - 0x00007ffc2f8cb000 	C:\Program Files\Android\Android Studio\jbr\bin\VCRUNTIME140.dll
0x00007ffc38e80000 - 0x00007ffc39014000 	C:\WINDOWS\System32\USER32.dll
0x00007ffc38230000 - 0x00007ffc38251000 	C:\WINDOWS\System32\win32u.dll
0x00007ffc20fa0000 - 0x00007ffc21224000 	C:\WINDOWS\WinSxS\amd64_microsoft.windows.common-controls_6595b64144ccf1df_6.0.18362.2274_none_9e8067a5e45c3d75\COMCTL32.dll
0x00007ffc390e0000 - 0x00007ffc39106000 	C:\WINDOWS\System32\GDI32.dll
0x00007ffc39930000 - 0x00007ffc399ce000 	C:\WINDOWS\System32\msvcrt.dll
0x00007ffc37ad0000 - 0x00007ffc37c68000 	C:\WINDOWS\System32\gdi32full.dll
0x00007ffc3a200000 - 0x00007ffc3a536000 	C:\WINDOWS\System32\combase.dll
0x00007ffc380d0000 - 0x00007ffc3816e000 	C:\WINDOWS\System32\msvcp_win.dll
0x00007ffc3a800000 - 0x00007ffc3a91b000 	C:\WINDOWS\System32\RPCRT4.dll
0x00007ffc381a0000 - 0x00007ffc38224000 	C:\WINDOWS\System32\bcryptPrimitives.dll
0x00007ffc39c80000 - 0x00007ffc39cae000 	C:\WINDOWS\System32\IMM32.DLL
0x00007ffc34940000 - 0x00007ffc3494c000 	C:\Program Files\Android\Android Studio\jbr\bin\vcruntime140_1.dll
0x00007ffc067c0000 - 0x00007ffc0684d000 	C:\Program Files\Android\Android Studio\jbr\bin\msvcp140.dll
0x00007ffbeb350000 - 0x00007ffbebf0c000 	C:\Program Files\Android\Android Studio\jbr\bin\server\jvm.dll
0x00007ffc38a00000 - 0x00007ffc38aa5000 	C:\WINDOWS\System32\ADVAPI32.dll
0x00007ffc39b10000 - 0x00007ffc39ba8000 	C:\WINDOWS\System32\sechost.dll
0x00007ffc38ab0000 - 0x00007ffc38ab8000 	C:\WINDOWS\System32\PSAPI.DLL
0x00007ffc34fc0000 - 0x00007ffc34fe4000 	C:\WINDOWS\SYSTEM32\WINMM.dll
0x00007ffc2d320000 - 0x00007ffc2d329000 	C:\WINDOWS\SYSTEM32\WSOCK32.dll
0x00007ffc2d6f0000 - 0x00007ffc2d6fa000 	C:\WINDOWS\SYSTEM32\VERSION.dll
0x00007ffc3a730000 - 0x00007ffc3a79f000 	C:\WINDOWS\System32\WS2_32.dll
0x00007ffc348d0000 - 0x00007ffc348fd000 	C:\WINDOWS\SYSTEM32\winmmbase.dll
0x00007ffc37c70000 - 0x00007ffc37cba000 	C:\WINDOWS\System32\cfgmgr32.dll
0x00007ffc37820000 - 0x00007ffc37831000 	C:\WINDOWS\System32\kernel.appcore.dll
0x00007ffc342d0000 - 0x00007ffc342e0000 	C:\Program Files\Android\Android Studio\jbr\bin\verify.dll
0x00007ffc24710000 - 0x00007ffc24904000 	C:\WINDOWS\SYSTEM32\DBGHELP.DLL
0x00007ffc246d0000 - 0x00007ffc246fa000 	C:\WINDOWS\SYSTEM32\dbgcore.DLL
0x00007ffc226a0000 - 0x00007ffc226c8000 	C:\Program Files\Android\Android Studio\jbr\bin\java.dll
0x00007ffc33fd0000 - 0x00007ffc33fda000 	C:\Program Files\Android\Android Studio\jbr\bin\jimage.dll
0x00007ffc2e4c0000 - 0x00007ffc2e4d8000 	C:\Program Files\Android\Android Studio\jbr\bin\zip.dll
0x00007ffc391c0000 - 0x00007ffc398a7000 	C:\WINDOWS\System32\SHELL32.dll
0x00007ffc39110000 - 0x00007ffc391b9000 	C:\WINDOWS\System32\shcore.dll
0x00007ffc38280000 - 0x00007ffc389fc000 	C:\WINDOWS\System32\windows.storage.dll
0x00007ffc378b0000 - 0x00007ffc378ce000 	C:\WINDOWS\System32\profapi.dll
0x00007ffc37840000 - 0x00007ffc3788a000 	C:\WINDOWS\System32\powrprof.dll
0x00007ffc37810000 - 0x00007ffc37820000 	C:\WINDOWS\System32\UMPDC.dll
0x00007ffc39a30000 - 0x00007ffc39a82000 	C:\WINDOWS\System32\shlwapi.dll
0x00007ffc38260000 - 0x00007ffc38277000 	C:\WINDOWS\System32\cryptsp.dll
0x00007ffc2e240000 - 0x00007ffc2e259000 	C:\Program Files\Android\Android Studio\jbr\bin\net.dll
0x00007ffc2ea00000 - 0x00007ffc2eaf9000 	C:\WINDOWS\SYSTEM32\WINHTTP.dll
0x00007ffc36ff0000 - 0x00007ffc37057000 	C:\WINDOWS\system32\mswsock.dll
0x00007ffc2d250000 - 0x00007ffc2d263000 	C:\Program Files\Android\Android Studio\jbr\bin\nio.dll
0x00007ffc19bb0000 - 0x00007ffc19bd7000 	C:\Users\442200404\.gradle\native\e1d6ef7f7dcc3fd88c89a11ec53ec762bb8ba0a96d01ffa2cd45eb1d1d8dd5c5\windows-amd64\native-platform.dll
0x00007ffc016e0000 - 0x00007ffc01824000 	C:\Users\442200404\.gradle\native\0d407fdbe67a94daf76414ababcb853783967236a71b16ec16e742cd7a986fd3\windows-amd64\native-platform-file-events.dll
0x00007ffc33ee0000 - 0x00007ffc33eea000 	C:\Program Files\Android\Android Studio\jbr\bin\management.dll
0x00007ffc33860000 - 0x00007ffc3386b000 	C:\Program Files\Android\Android Studio\jbr\bin\management_ext.dll
0x00007ffc368f0000 - 0x00007ffc36923000 	C:\WINDOWS\system32\rsaenh.dll
0x00007ffc38170000 - 0x00007ffc38196000 	C:\WINDOWS\System32\bcrypt.dll
0x00007ffc37730000 - 0x00007ffc37755000 	C:\WINDOWS\SYSTEM32\USERENV.dll
0x00007ffc371c0000 - 0x00007ffc371cc000 	C:\WINDOWS\SYSTEM32\CRYPTBASE.dll
0x00007ffc36d00000 - 0x00007ffc36d3a000 	C:\WINDOWS\SYSTEM32\IPHLPAPI.DLL
0x00007ffc38ac0000 - 0x00007ffc38ac8000 	C:\WINDOWS\System32\NSI.dll
0x00007ffc31f00000 - 0x00007ffc31f16000 	C:\WINDOWS\SYSTEM32\dhcpcsvc6.DLL
0x00007ffc31ee0000 - 0x00007ffc31efc000 	C:\WINDOWS\SYSTEM32\dhcpcsvc.DLL
0x00007ffc36d40000 - 0x00007ffc36e0a000 	C:\WINDOWS\SYSTEM32\DNSAPI.dll
0x00007ffc0ef50000 - 0x00007ffc0f0d4000 	C:\Program Files\Android\Android Studio\jbr\bin\awt.dll
0x00007ffc39bb0000 - 0x00007ffc39c75000 	C:\WINDOWS\System32\OLEAUT32.dll
0x00007ffc35e10000 - 0x00007ffc35e3d000 	C:\WINDOWS\SYSTEM32\dwmapi.dll
0x00007ffc35b70000 - 0x00007ffc35bff000 	C:\WINDOWS\SYSTEM32\apphelp.dll

dbghelp: loaded successfully - version: 4.0.5 - missing functions: none
symbol engine: initialized successfully - sym options: 0x614 - pdb path: .;C:\Program Files\Android\Android Studio\jbr\bin;C:\WINDOWS\SYSTEM32;C:\WINDOWS\WinSxS\amd64_microsoft.windows.common-controls_6595b64144ccf1df_6.0.18362.2274_none_9e8067a5e45c3d75;C:\Program Files\Android\Android Studio\jbr\bin\server;C:\Users\442200404\.gradle\native\e1d6ef7f7dcc3fd88c89a11ec53ec762bb8ba0a96d01ffa2cd45eb1d1d8dd5c5\windows-amd64;C:\Users\442200404\.gradle\native\0d407fdbe67a94daf76414ababcb853783967236a71b16ec16e742cd7a986fd3\windows-amd64

VM Arguments:
jvm_args: --add-opens=java.base/java.util=ALL-UNNAMED --add-opens=java.base/java.lang=ALL-UNNAMED --add-opens=java.base/java.lang.invoke=ALL-UNNAMED --add-opens=java.base/java.util=ALL-UNNAMED --add-opens=java.prefs/java.util.prefs=ALL-UNNAMED --add-opens=java.prefs/java.util.prefs=ALL-UNNAMED --add-opens=java.base/java.nio.charset=ALL-UNNAMED --add-opens=java.base/java.net=ALL-UNNAMED --add-opens=java.base/java.util.concurrent.atomic=ALL-UNNAMED -Xmx2048m -Dfile.encoding=UTF-8 -Duser.country=US -Duser.language=en -Duser.variant 
java_command: org.gradle.launcher.daemon.bootstrap.GradleDaemon 7.5
java_class_path (initial): C:\Users\442200404\.gradle\wrapper\dists\gradle-7.5-bin\f1w0cc9nuo0eivz97x2xlu9sv\gradle-7.5\lib\gradle-launcher-7.5.jar
Launcher Type: SUN_STANDARD

[Global flags]
     intx CICompilerCount                          = 4                                         {product} {ergonomic}
     uint ConcGCThreads                            = 2                                         {product} {ergonomic}
     uint G1ConcRefinementThreads                  = 8                                         {product} {ergonomic}
   size_t G1HeapRegionSize                         = 1048576                                   {product} {ergonomic}
    uintx GCDrainStackTargetSize                   = 64                                        {product} {ergonomic}
   size_t InitialHeapSize                          = 134217728                                 {product} {ergonomic}
   size_t MarkStackSize                            = 4194304                                   {product} {ergonomic}
   size_t MaxHeapSize                              = 2147483648                                {product} {command line}
   size_t MaxNewSize                               = 1287651328                                {product} {ergonomic}
   size_t MinHeapDeltaBytes                        = 1048576                                   {product} {ergonomic}
    uintx NonNMethodCodeHeapSize                   = 5836300                                {pd product} {ergonomic}
    uintx NonProfiledCodeHeapSize                  = 122910970                              {pd product} {ergonomic}
    uintx ProfiledCodeHeapSize                     = 122910970                              {pd product} {ergonomic}
    uintx ReservedCodeCacheSize                    = 251658240                              {pd product} {ergonomic}
     bool SegmentedCodeCache                       = true                                      {product} {ergonomic}
     bool UseCompressedClassPointers               = true                                 {lp64_product} {ergonomic}
     bool UseCompressedOops                        = true                                 {lp64_product} {ergonomic}
     bool UseG1GC                                  = true                                      {product} {ergonomic}
     bool UseLargePagesIndividualAllocation        = false                                  {pd product} {ergonomic}

Logging:
Log output configuration:
 #0: stdout all=warning uptime,level,tags
 #1: stderr all=off uptime,level,tags

Environment Variables:
PATH=C:\Program Files\Common Files\Oracle\Java\javapath;C:\ProgramData\Oracle\Java\javapath;C:\Program Files (x86)\Intel\iCLS Client\;C:\Program Files\Intel\iCLS Client\;C:\Program Files\Common Files\Microsoft Shared\Windows Live;C:\Program Files (x86)\Common Files\Microsoft Shared\Windows Live;C:\WINDOWS\system32;C:\WINDOWS;C:\WINDOWS\System32\Wbem;C:\WINDOWS\System32\WindowsPowerShell\v1.0\;C:\Program Files (x86)\Windows Live\Shared;C:\Program Files\Intel\Intel(R) Management Engine Components\DAL;C:\Program Files\Intel\Intel(R) Management Engine Components\IPT;C:\Program Files (x86)\Intel\Intel(R) Management Engine Components\DAL;C:\Program Files (x86)\Intel\Intel(R) Management Engine Components\IPT;C:\Program Files (x86)\Intel\OpenCL SDK\2.0\bin\x86;C:\Program Files (x86)\Intel\OpenCL SDK\2.0\bin\x64;c:\Program Files (x86)\Microsoft SQL Server\90\Tools\binn\;C:\Program Files (x86)\Windows Kits\8.1\Windows Performance Toolkit\;C:\Program Files\Microsoft SQL Server\110\Tools\Binn\;C:\Program Files (x86)\Common Files\Netop\;C:\Program Files (x86)\Netop\Vision\XL\;C:\WINDOWS\System32\OpenSSH\;C:\Program Files\Git\cmd;C:\Users\442200404\AppData\Local\Microsoft\WindowsApps
USERNAME=442200404
OS=Windows_NT
PROCESSOR_IDENTIFIER=Intel64 Family 6 Model 58 Stepping 9, GenuineIntel



---------------  S Y S T E M  ---------------

OS: Windows 10 , 64 bit Build 18362 (10.0.18362.2274)
OS uptime: 8 days 21:07 hours

CPU:total 8 (initial active 8) (4 cores per cpu, 2 threads per core) family 6 model 58 stepping 9 microcode 0x21, cmov, cx8, fxsr, mmx, sse, sse2, sse3, ssse3, sse4.1, sse4.2, popcnt, avx, aes, clmul, erms, ht, tsc, tscinvbit, tscinv

Memory: 4k page, system-wide physical 8078M (607M free)
TotalPageFile size 9102M (AvailPageFile size 13M)
current process WorkingSet (physical memory assigned to process): 422M, peak: 424M
current process commit charge ("private bytes"): 458M, peak: 489M

vm_info: OpenJDK 64-Bit Server VM (11.0.15+0-b2043.56-9505619) for windows-amd64 JRE (11.0.15+0-b2043.56-9505619), built on Jan 19 2023 02:48:00 by "builduser" with unknown MS VC++:1929

END.
