#
# There is insufficient memory for the Java Runtime Environment to continue.
# Native memory allocation (malloc) failed to allocate 1048576 bytes for AllocateHeap
# Possible reasons:
#   The system is out of physical RAM or swap space
#   The process is running with CompressedOops enabled, and the Java Heap may be blocking the growth of the native heap
# Possible solutions:
#   Reduce memory load on the system
#   Increase physical memory or swap space
#   Check if swap backing store is full
#   Decrease Java heap size (-Xmx/-Xms)
#   Decrease number of Java threads
#   Decrease Java thread stack sizes (-Xss)
#   Set larger code cache with -XX:ReservedCodeCacheSize=
# This output file may be truncated or incomplete.
#
#  Out of Memory Error (src/hotspot/share/memory/allocation.cpp:46), pid=2880, tid=8204
#
# JRE version:  (11.0.15) (build )
# Java VM: OpenJDK 64-Bit Server VM (11.0.15+0-b2043.56-9505619, mixed mode, sharing, tiered, compressed oops, g1 gc, windows-amd64)
# No core dump will be written. Minidumps are not enabled by default on client versions of Windows
#

---------------  S U M M A R Y ------------

Command Line: git4idea.http.GitAskPassApp Username for 'https://github.com': 

Host: Intel(R) Core(TM) i7-3770 CPU @ 3.40GHz, 8 cores, 7G,  Windows 10 , 64 bit Build 18362 (10.0.18362.2274)
Time: Thu Apr 13 11:44:15 2023 Arab Standard Time elapsed time: 0.020619 seconds (0d 0h 0m 0s)

---------------  T H R E A D  ---------------

Current thread (0x0000013aa7b2a800):  JavaThread "Unknown thread" [_thread_in_vm, id=8204, stack(0x00000005e5d00000,0x00000005e5e00000)]

Stack: [0x00000005e5d00000,0x00000005e5e00000]
Native frames: (J=compiled Java code, j=interpreted, Vv=VM code, C=native code)
V  [jvm.dll+0x64135a]
V  [jvm.dll+0x7d39f9]
V  [jvm.dll+0x7d51b9]
V  [jvm.dll+0x7d58a3]
V  [jvm.dll+0x2691c5]
V  [jvm.dll+0xb8874]
V  [jvm.dll+0x305f59]
V  [jvm.dll+0x2ffaed]
V  [jvm.dll+0x7accd7]
V  [jvm.dll+0x7ae49f]
V  [jvm.dll+0x37d299]
V  [jvm.dll+0x78ef9f]
V  [jvm.dll+0x3ec847]
V  [jvm.dll+0x3eed31]
C  [jli.dll+0x52cb]
C  [ucrtbase.dll+0x210b2]
C  [KERNEL32.DLL+0x17c24]
C  [ntdll.dll+0x6d721]


---------------  P R O C E S S  ---------------

Threads class SMR info:
_java_thread_list=0x0000013aa5945c10, length=0, elements={
}

Java Threads: ( => current thread )

Other Threads:
  0x0000013aa5a1c800 GCTaskThread "GC Thread#0" [stack: 0x00000005e5e00000,0x00000005e5f00000] [id=3432]

[error occurred during error reporting (printing all threads), id 0xc0000005, EXCEPTION_ACCESS_VIOLATION (0xc0000005) at pc=0x00007ffbeb65bf70]

VM state:not at safepoint (not fully initialized)

VM Mutex/Monitor currently owned by a thread:  ([mutex/lock_event])
[0x0000013aa7b26c30] Heap_lock - owner thread: 0x0000013aa7b2a800

Heap address: 0x0000000081c00000, size: 2020 MB, Compressed Oops mode: Non-zero based: 0x0000000081c00000
Narrow klass base: 0x0000000000000000, Narrow klass shift: 0

GC Heap History (0 events):
No events

Deoptimization events (0 events):
No events

Classes redefined (0 events):
No events

Internal exceptions (0 events):
No events

Events (1 events):
Event: 0.014 Loaded shared library C:\Program Files\Android\Android Studio\jbr\bin\zip.dll


Dynamic libraries:
0x00007ff76acb0000 - 0x00007ff76acba000 	C:\Program Files\Android\Android Studio\jbr\bin\java.exe
0x00007ffc3a960000 - 0x00007ffc3ab50000 	C:\WINDOWS\SYSTEM32\ntdll.dll
0x00007ffc39020000 - 0x00007ffc390d2000 	C:\WINDOWS\System32\KERNEL32.DLL
0x00007ffc37e20000 - 0x00007ffc380c5000 	C:\WINDOWS\System32\KERNELBASE.dll
0x00007ffc37cc0000 - 0x00007ffc37dba000 	C:\WINDOWS\System32\ucrtbase.dll
0x00007ffc126d0000 - 0x00007ffc126e7000 	C:\Program Files\Android\Android Studio\jbr\bin\jli.dll
0x00007ffc12480000 - 0x00007ffc1249b000 	C:\Program Files\Android\Android Studio\jbr\bin\VCRUNTIME140.dll
0x00007ffc38e80000 - 0x00007ffc39014000 	C:\WINDOWS\System32\USER32.dll
0x00007ffc20fa0000 - 0x00007ffc21224000 	C:\WINDOWS\WinSxS\amd64_microsoft.windows.common-controls_6595b64144ccf1df_6.0.18362.2274_none_9e8067a5e45c3d75\COMCTL32.dll
0x00007ffc38230000 - 0x00007ffc38251000 	C:\WINDOWS\System32\win32u.dll
0x00007ffc390e0000 - 0x00007ffc39106000 	C:\WINDOWS\System32\GDI32.dll
0x00007ffc39930000 - 0x00007ffc399ce000 	C:\WINDOWS\System32\msvcrt.dll
0x00007ffc37ad0000 - 0x00007ffc37c68000 	C:\WINDOWS\System32\gdi32full.dll
0x00007ffc3a200000 - 0x00007ffc3a536000 	C:\WINDOWS\System32\combase.dll
0x00007ffc380d0000 - 0x00007ffc3816e000 	C:\WINDOWS\System32\msvcp_win.dll
0x00007ffc3a800000 - 0x00007ffc3a91b000 	C:\WINDOWS\System32\RPCRT4.dll
0x00007ffc381a0000 - 0x00007ffc38224000 	C:\WINDOWS\System32\bcryptPrimitives.dll
0x00007ffc39c80000 - 0x00007ffc39cae000 	C:\WINDOWS\System32\IMM32.DLL
0x00007ffc30550000 - 0x00007ffc3055c000 	C:\Program Files\Android\Android Studio\jbr\bin\vcruntime140_1.dll
0x00007ffc012d0000 - 0x00007ffc0135d000 	C:\Program Files\Android\Android Studio\jbr\bin\msvcp140.dll
0x00007ffbeb350000 - 0x00007ffbebf0c000 	C:\Program Files\Android\Android Studio\jbr\bin\server\jvm.dll
0x00007ffc38a00000 - 0x00007ffc38aa5000 	C:\WINDOWS\System32\ADVAPI32.dll
0x00007ffc39b10000 - 0x00007ffc39ba8000 	C:\WINDOWS\System32\sechost.dll
0x00007ffc38ab0000 - 0x00007ffc38ab8000 	C:\WINDOWS\System32\PSAPI.DLL
0x00007ffc34fc0000 - 0x00007ffc34fe4000 	C:\WINDOWS\SYSTEM32\WINMM.dll
0x00007ffc2d6f0000 - 0x00007ffc2d6fa000 	C:\WINDOWS\SYSTEM32\VERSION.dll
0x00007ffc2d320000 - 0x00007ffc2d329000 	C:\WINDOWS\SYSTEM32\WSOCK32.dll
0x00007ffc3a730000 - 0x00007ffc3a79f000 	C:\WINDOWS\System32\WS2_32.dll
0x00007ffc348d0000 - 0x00007ffc348fd000 	C:\WINDOWS\SYSTEM32\winmmbase.dll
0x00007ffc37c70000 - 0x00007ffc37cba000 	C:\WINDOWS\System32\cfgmgr32.dll
0x00007ffc37820000 - 0x00007ffc37831000 	C:\WINDOWS\System32\kernel.appcore.dll
0x00007ffc342d0000 - 0x00007ffc342e0000 	C:\Program Files\Android\Android Studio\jbr\bin\verify.dll
0x00007ffc24710000 - 0x00007ffc24904000 	C:\WINDOWS\SYSTEM32\DBGHELP.DLL
0x00007ffc246d0000 - 0x00007ffc246fa000 	C:\WINDOWS\SYSTEM32\dbgcore.DLL
0x00007ffc226a0000 - 0x00007ffc226c8000 	C:\Program Files\Android\Android Studio\jbr\bin\java.dll
0x00007ffc33fd0000 - 0x00007ffc33fda000 	C:\Program Files\Android\Android Studio\jbr\bin\jimage.dll
0x00007ffc2e4c0000 - 0x00007ffc2e4d8000 	C:\Program Files\Android\Android Studio\jbr\bin\zip.dll

dbghelp: loaded successfully - version: 4.0.5 - missing functions: none
symbol engine: initialized successfully - sym options: 0x614 - pdb path: .;C:\Program Files\Android\Android Studio\jbr\bin;C:\WINDOWS\SYSTEM32;C:\WINDOWS\WinSxS\amd64_microsoft.windows.common-controls_6595b64144ccf1df_6.0.18362.2274_none_9e8067a5e45c3d75;C:\Program Files\Android\Android Studio\jbr\bin\server

VM Arguments:
java_command: git4idea.http.GitAskPassApp Username for 'https://github.com': 
java_class_path (initial): C:/Program Files/Android/Android Studio/plugins/git4idea/lib/git4idea-rt.jar;C:/Program Files/Android/Android Studio/lib/externalProcess-rt.jar;C:/Program Files/Android/Android Studio/lib/app.jar;C:/Program Files/Android/Android Studio/lib/3rd-party-rt.jar
Launcher Type: SUN_STANDARD

[Global flags]
     intx CICompilerCount                          = 4                                         {product} {ergonomic}
     uint ConcGCThreads                            = 2                                         {product} {ergonomic}
     uint G1ConcRefinementThreads                  = 8                                         {product} {ergonomic}
   size_t G1HeapRegionSize                         = 1048576                                   {product} {ergonomic}
    uintx GCDrainStackTargetSize                   = 64                                        {product} {ergonomic}
   size_t InitialHeapSize                          = 134217728                                 {product} {ergonomic}
   size_t MarkStackSize                            = 4194304                                   {product} {ergonomic}
   size_t MaxHeapSize                              = 2118123520                                {product} {ergonomic}
   size_t MinHeapDeltaBytes                        = 1048576                                   {product} {ergonomic}
    uintx NonNMethodCodeHeapSize                   = 5836300                                {pd product} {ergonomic}
    uintx NonProfiledCodeHeapSize                  = 122910970                              {pd product} {ergonomic}
    uintx ProfiledCodeHeapSize                     = 122910970                              {pd product} {ergonomic}
    uintx ReservedCodeCacheSize                    = 251658240                              {pd product} {ergonomic}
     bool SegmentedCodeCache                       = true                                      {product} {ergonomic}
     bool UseCompressedClassPointers               = true                                 {lp64_product} {ergonomic}
     bool UseCompressedOops                        = true                                 {lp64_product} {ergonomic}
     bool UseG1GC                                  = true                                      {product} {ergonomic}
     bool UseLargePagesIndividualAllocation        = false                                  {pd product} {ergonomic}

Logging:
Log output configuration:
 #0: stdout all=warning uptime,level,tags
 #1: stderr all=off uptime,level,tags

Environment Variables:
PATH=C:/Program Files/Git/mingw64/libexec/git-core;C:/Program Files/Git/mingw64/libexec/git-core;C:\Program Files\Git\mingw64\bin;C:\Program Files\Git\usr\bin;C:\Users\442200404\bin;C:\Program Files\Common Files\Oracle\Java\javapath;C:\ProgramData\Oracle\Java\javapath;C:\Program Files (x86)\Intel\iCLS Client\;C:\Program Files\Intel\iCLS Client\;C:\Program Files\Common Files\Microsoft Shared\Windows Live;C:\Program Files (x86)\Common Files\Microsoft Shared\Windows Live;C:\WINDOWS\system32;C:\WINDOWS;C:\WINDOWS\System32\Wbem;C:\WINDOWS\System32\WindowsPowerShell\v1.0\;C:\Program Files (x86)\Windows Live\Shared;C:\Program Files\Intel\Intel(R) Management Engine Components\DAL;C:\Program Files\Intel\Intel(R) Management Engine Components\IPT;C:\Program Files (x86)\Intel\Intel(R) Management Engine Components\DAL;C:\Program Files (x86)\Intel\Intel(R) Management Engine Components\IPT;C:\Program Files (x86)\Intel\OpenCL SDK\2.0\bin\x86;C:\Program Files (x86)\Intel\OpenCL SDK\2.0\bin\x64;c:\Program Files (x86)\Microsoft SQL Server\90\Tools\binn\;C:\Program Files (x86)\Windows Kits\8.1\Windows Performance Toolkit\;C:\Program Files\Microsoft SQL Server\110\Tools\Binn\;C:\Program Files (x86)\Common Files\Netop\;C:\Program Files (x86)\Netop\Vision\XL\;C:\WINDOWS\System32\OpenSSH\;C:\Program Files\Git\cmd;C:\Users\442200404\AppData\Local\Microsoft\WindowsApps
USERNAME=442200404
DISPLAY=:0.0
LC_ALL=en_US.UTF-8
OS=Windows_NT
PROCESSOR_IDENTIFIER=Intel64 Family 6 Model 58 Stepping 9, GenuineIntel



---------------  S Y S T E M  ---------------

OS: Windows 10 , 64 bit Build 18362 (10.0.18362.2274)
OS uptime: 8 days 21:23 hours

CPU:total 8 (initial active 8) (4 cores per cpu, 2 threads per core) family 6 model 58 stepping 9 microcode 0x21, cmov, cx8, fxsr, mmx, sse, sse2, sse3, ssse3, sse4.1, sse4.2, popcnt, avx, aes, clmul, erms, ht, tsc, tscinvbit, tscinv

Memory: 4k page, system-wide physical 8078M (1021M free)
TotalPageFile size 9102M (AvailPageFile size 5M)
current process WorkingSet (physical memory assigned to process): 9M, peak: 9M
current process commit charge ("private bytes"): 55M, peak: 55M

vm_info: OpenJDK 64-Bit Server VM (11.0.15+0-b2043.56-9505619) for windows-amd64 JRE (11.0.15+0-b2043.56-9505619), built on Jan 19 2023 02:48:00 by "builduser" with unknown MS VC++:1929

END.
