#
# There is insufficient memory for the Java Runtime Environment to continue.
# Native memory allocation (malloc) failed to allocate 1326256 bytes for Chunk::new
# Possible reasons:
#   The system is out of physical RAM or swap space
#   The process is running with CompressedOops enabled, and the Java Heap may be blocking the growth of the native heap
# Possible solutions:
#   Reduce memory load on the system
#   Increase physical memory or swap space
#   Check if swap backing store is full
#   Decrease Java heap size (-Xmx/-Xms)
#   Decrease number of Java threads
#   Decrease Java thread stack sizes (-Xss)
#   Set larger code cache with -XX:ReservedCodeCacheSize=
#   JVM is running with Unscaled Compressed Oops mode in which the Java heap is
#     placed in the first 4GB address space. The Java Heap base address is the
#     maximum limit for the native heap growth. Please use -XX:HeapBaseMinAddress
#     to set the Java Heap base and to place the Java Heap above 4GB virtual address.
# This output file may be truncated or incomplete.
#
#  Out of Memory Error (src/hotspot/share/memory/arena.cpp:197), pid=11772, tid=1388
#
# JRE version: OpenJDK Runtime Environment (11.0.15) (build 11.0.15+0-b2043.56-9505619)
# Java VM: OpenJDK 64-Bit Server VM (11.0.15+0-b2043.56-9505619, mixed mode, tiered, compressed oops, g1 gc, windows-amd64)
# No core dump will be written. Minidumps are not enabled by default on client versions of Windows
#

---------------  S U M M A R Y ------------

Command Line: --add-opens=java.base/java.util=ALL-UNNAMED --add-opens=java.base/java.lang=ALL-UNNAMED --add-opens=java.base/java.lang.invoke=ALL-UNNAMED --add-opens=java.base/java.util=ALL-UNNAMED --add-opens=java.prefs/java.util.prefs=ALL-UNNAMED --add-opens=java.prefs/java.util.prefs=ALL-UNNAMED --add-opens=java.base/java.nio.charset=ALL-UNNAMED --add-opens=java.base/java.net=ALL-UNNAMED --add-opens=java.base/java.util.concurrent.atomic=ALL-UNNAMED -Xmx2048m -Dfile.encoding=UTF-8 -Duser.country=US -Duser.language=en -Duser.variant org.gradle.launcher.daemon.bootstrap.GradleDaemon 7.5

Host: Intel(R) Core(TM) i7-3770 CPU @ 3.40GHz, 8 cores, 7G,  Windows 10 , 64 bit Build 18362 (10.0.18362.2274)
Time: Thu Apr 13 11:29:35 2023 Arab Standard Time elapsed time: 19.194810 seconds (0d 0h 0m 19s)

---------------  T H R E A D  ---------------

Current thread (0x0000024bb9313800):  JavaThread "C2 CompilerThread0" daemon [_thread_in_native, id=1388, stack(0x0000005f0cf00000,0x0000005f0d000000)]


Current CompileTask:
C2:  19195 7906       4       org.gradle.internal.instantiation.generator.AbstractClassGenerator$PropertyMetadata::hasAnnotation (40 bytes)

Stack: [0x0000005f0cf00000,0x0000005f0d000000]
Native frames: (J=compiled Java code, j=interpreted, Vv=VM code, C=native code)
V  [jvm.dll+0x64135a]
V  [jvm.dll+0x7d39f9]
V  [jvm.dll+0x7d51b9]
V  [jvm.dll+0x7d58a3]
V  [jvm.dll+0x2691c5]
V  [jvm.dll+0xc1a5c]
V  [jvm.dll+0xc200c]
V  [jvm.dll+0x3774a7]
V  [jvm.dll+0x342495]
V  [jvm.dll+0x34186a]
V  [jvm.dll+0x2214bd]
V  [jvm.dll+0x220498]
V  [jvm.dll+0x19e851]
V  [jvm.dll+0x230479]
V  [jvm.dll+0x22e5ef]
V  [jvm.dll+0x794de1]
V  [jvm.dll+0x78dc24]
V  [jvm.dll+0x6400f6]
C  [ucrtbase.dll+0x210b2]
C  [KERNEL32.DLL+0x17c24]
C  [ntdll.dll+0x6d721]


---------------  P R O C E S S  ---------------

Threads class SMR info:
_java_thread_list=0x0000024bc05e3d80, length=125, elements={
0x0000024b9c648800, 0x0000024bb8aaa800, 0x0000024bb8ab4000, 0x0000024bb930c800,
0x0000024bb930f000, 0x0000024bb9310800, 0x0000024bb9313800, 0x0000024bb9324000,
0x0000024bb9325800, 0x0000024bb9497000, 0x0000024bbbd6c000, 0x0000024bbbf58000,
0x0000024bbc17f000, 0x0000024bb9817000, 0x0000024bbbf09800, 0x0000024bbbb08000,
0x0000024bba43d800, 0x0000024bba43e000, 0x0000024bbbc63000, 0x0000024bbb9ac000,
0x0000024bbbf29000, 0x0000024bbbf29800, 0x0000024bbbf2a800, 0x0000024bbbf2b800,
0x0000024bbbf2c000, 0x0000024bbbf27800, 0x0000024bbbf26800, 0x0000024bbbf2d000,
0x0000024bbbf28000, 0x0000024bbeb7d800, 0x0000024bbeb79000, 0x0000024bbeb7e800,
0x0000024bbeb7c000, 0x0000024bbcd95000, 0x0000024bbeb7b000, 0x0000024bbeb7a800,
0x0000024bbeb7d000, 0x0000024bbeb79800, 0x0000024bbeb81000, 0x0000024bbeb84000,
0x0000024bbeb82800, 0x0000024bbeb81800, 0x0000024bbeb80000, 0x0000024bbeb83800,
0x0000024bbeb87800, 0x0000024bbeb85000, 0x0000024bbeb86800, 0x0000024bbbf5b000,
0x0000024bbbf5c800, 0x0000024bbbf5b800, 0x0000024bbbf5f800, 0x0000024bbbf60800,
0x0000024bbbf5e000, 0x0000024bbbf5d000, 0x0000024bbbf62000, 0x0000024bbbf5f000,
0x0000024bbbf63000, 0x0000024bbbf67000, 0x0000024bbbf61800, 0x0000024bbbf68800,
0x0000024bbbf65800, 0x0000024bbbf68000, 0x0000024bbbf66000, 0x0000024bbbf69800,
0x0000024bbbf64000, 0x0000024bbbf64800, 0x0000024bbbe19800, 0x0000024bbbe1c800,
0x0000024bbbe1b000, 0x0000024bbbe1b800, 0x0000024bbbe1f000, 0x0000024bbbe20000,
0x0000024bbbe1d800, 0x0000024bbbe1a000, 0x0000024bbbe23000, 0x0000024bbbe21800,
0x0000024bbbe22800, 0x0000024bbbe20800, 0x0000024bbbe24000, 0x0000024bbbe1e000,
0x0000024bbbe25800, 0x0000024bbbe24800, 0x0000024bbbe28000, 0x0000024bbbe26800,
0x0000024bbbe27000, 0x0000024bbcfda000, 0x0000024bbcfdb000, 0x0000024bbcfd9800,
0x0000024bbcfdc000, 0x0000024bbcfd6000, 0x0000024bbcfdc800, 0x0000024bbcfd7000,
0x0000024bbcfdd800, 0x0000024bbcfd8000, 0x0000024bbcfde800, 0x0000024bbcfd8800,
0x0000024bbcfe1800, 0x0000024bbcfe2800, 0x0000024bbcfe3000, 0x0000024bbcfe0800,
0x0000024bbcfe4000, 0x0000024bbcfe0000, 0x0000024bbcfdf000, 0x0000024bbcfe5000,
0x0000024bbb5ad800, 0x0000024bbb5b0000, 0x0000024bbb5af800, 0x0000024bbb5ae800,
0x0000024bbb5ad000, 0x0000024bbb5aa800, 0x0000024bbb5b1000, 0x0000024bbb5ab000,
0x0000024bbb5b1800, 0x0000024bbb5ac000, 0x0000024bbb5b6000, 0x0000024bbb5b4000,
0x0000024bbb5b5000, 0x0000024bbb5b6800, 0x0000024bbb5b7800, 0x0000024bbb5b3800,
0x0000024bbb5b8000, 0x0000024bbb5b2800, 0x0000024bbb5b9000, 0x0000024bc0a8e000,
0x0000024bbd32b000
}

Java Threads: ( => current thread )
  0x0000024b9c648800 JavaThread "main" [_thread_blocked, id=9056, stack(0x0000005f0c300000,0x0000005f0c400000)]
  0x0000024bb8aaa800 JavaThread "Reference Handler" daemon [_thread_blocked, id=6516, stack(0x0000005f0ca00000,0x0000005f0cb00000)]
  0x0000024bb8ab4000 JavaThread "Finalizer" daemon [_thread_blocked, id=5612, stack(0x0000005f0cb00000,0x0000005f0cc00000)]
  0x0000024bb930c800 JavaThread "Signal Dispatcher" daemon [_thread_blocked, id=9060, stack(0x0000005f0cc00000,0x0000005f0cd00000)]
  0x0000024bb930f000 JavaThread "Attach Listener" daemon [_thread_blocked, id=11484, stack(0x0000005f0cd00000,0x0000005f0ce00000)]
  0x0000024bb9310800 JavaThread "Service Thread" daemon [_thread_blocked, id=9100, stack(0x0000005f0ce00000,0x0000005f0cf00000)]
=>0x0000024bb9313800 JavaThread "C2 CompilerThread0" daemon [_thread_in_native, id=1388, stack(0x0000005f0cf00000,0x0000005f0d000000)]
  0x0000024bb9324000 JavaThread "C1 CompilerThread0" daemon [_thread_in_vm, id=12120, stack(0x0000005f0d000000,0x0000005f0d100000)]
  0x0000024bb9325800 JavaThread "Sweeper thread" daemon [_thread_blocked, id=7892, stack(0x0000005f0d100000,0x0000005f0d200000)]
  0x0000024bb9497000 JavaThread "Common-Cleaner" daemon [_thread_blocked, id=6208, stack(0x0000005f0d200000,0x0000005f0d300000)]
  0x0000024bbbd6c000 JavaThread "Daemon health stats" [_thread_blocked, id=10200, stack(0x0000005f0d800000,0x0000005f0d900000)]
  0x0000024bbbf58000 JavaThread "Incoming local TCP Connector on port 28883" [_thread_in_native, id=12912, stack(0x0000005f0d400000,0x0000005f0d500000)]
  0x0000024bbc17f000 JavaThread "Daemon periodic checks" [_thread_blocked, id=2616, stack(0x0000005f0db00000,0x0000005f0dc00000)]
  0x0000024bb9817000 JavaThread "Daemon" [_thread_blocked, id=7996, stack(0x0000005f0dc00000,0x0000005f0dd00000)]
  0x0000024bbbf09800 JavaThread "Handler for socket connection from /127.0.0.1:28883 to /127.0.0.1:28884" [_thread_in_native, id=8752, stack(0x0000005f0dd00000,0x0000005f0de00000)]
  0x0000024bbbb08000 JavaThread "Cancel handler" [_thread_blocked, id=12084, stack(0x0000005f0d500000,0x0000005f0d600000)]
  0x0000024bba43d800 JavaThread "Daemon worker" [_thread_in_Java, id=5164, stack(0x0000005f0de00000,0x0000005f0df00000)]
  0x0000024bba43e000 JavaThread "Asynchronous log dispatcher for DefaultDaemonConnection: socket connection from /127.0.0.1:28883 to /127.0.0.1:28884" [_thread_blocked, id=8664, stack(0x0000005f0df00000,0x0000005f0e000000)]
  0x0000024bbbc63000 JavaThread "Stdin handler" [_thread_blocked, id=5568, stack(0x0000005f0e000000,0x0000005f0e100000)]
  0x0000024bbb9ac000 JavaThread "Daemon client event forwarder" [_thread_blocked, id=12136, stack(0x0000005f0e100000,0x0000005f0e200000)]
  0x0000024bbbf29000 JavaThread "Cache worker for journal cache (C:\Users\442200404\.gradle\caches\journal-1)" [_thread_blocked, id=7780, stack(0x0000005f0e200000,0x0000005f0e300000)]
  0x0000024bbbf29800 JavaThread "File lock request listener" [_thread_in_native, id=10020, stack(0x0000005f0e300000,0x0000005f0e400000)]
  0x0000024bbbf2a800 JavaThread "Cache worker for file hash cache (C:\Users\442200404\.gradle\caches\7.5\fileHashes)" [_thread_blocked, id=11836, stack(0x0000005f0e900000,0x0000005f0ea00000)]
  0x0000024bbbf2b800 JavaThread "File watcher server" daemon [_thread_in_native, id=5260, stack(0x0000005f0eb00000,0x0000005f0ec00000)]
  0x0000024bbbf2c000 JavaThread "File watcher consumer" daemon [_thread_blocked, id=4348, stack(0x0000005f0ec00000,0x0000005f0ed00000)]
  0x0000024bbbf27800 JavaThread "Cache worker for checksums cache (C:\Users\442200404\AndroidStudioProjects\SQLDemo\.gradle\7.5\checksums)" [_thread_blocked, id=3532, stack(0x0000005f0ee00000,0x0000005f0ef00000)]
  0x0000024bbbf26800 JavaThread "Cache worker for cache directory md-rule (C:\Users\442200404\.gradle\caches\7.5\md-rule)" [_thread_blocked, id=5532, stack(0x0000005f0ef00000,0x0000005f0f000000)]
  0x0000024bbbf2d000 JavaThread "Cache worker for file content cache (C:\Users\442200404\.gradle\caches\7.5\fileContent)" [_thread_blocked, id=8032, stack(0x0000005f0f000000,0x0000005f0f100000)]
  0x0000024bbbf28000 JavaThread "Cache worker for file hash cache (C:\Users\442200404\AndroidStudioProjects\SQLDemo\.gradle\7.5\fileHashes)" [_thread_blocked, id=9768, stack(0x0000005f0f100000,0x0000005f0f200000)]
  0x0000024bbeb7d800 JavaThread "Cache worker for cache directory md-supplier (C:\Users\442200404\.gradle\caches\7.5\md-supplier)" [_thread_blocked, id=6696, stack(0x0000005f0f200000,0x0000005f0f300000)]
  0x0000024bbeb79000 JavaThread "Cache worker for execution history cache (C:\Users\442200404\.gradle\caches\7.5\executionHistory)" [_thread_blocked, id=8380, stack(0x0000005f0f300000,0x0000005f0f400000)]
  0x0000024bbeb7e800 JavaThread "jar transforms" [_thread_blocked, id=7428, stack(0x0000005f0ea00000,0x0000005f0eb00000)]
  0x0000024bbeb7c000 JavaThread "jar transforms Thread 2" [_thread_blocked, id=9132, stack(0x0000005f0ed00000,0x0000005f0ee00000)]
  0x0000024bbcd95000 JavaThread "C2 CompilerThread1" daemon [_thread_in_native, id=13120, stack(0x0000005f0f400000,0x0000005f0f500000)]
  0x0000024bbeb7b000 JavaThread "jar transforms Thread 3" [_thread_blocked, id=11636, stack(0x0000005f0f600000,0x0000005f0f700000)]
  0x0000024bbeb7a800 JavaThread "jar transforms Thread 4" [_thread_blocked, id=6312, stack(0x0000005f0f700000,0x0000005f0f800000)]
  0x0000024bbeb7d000 JavaThread "Cache worker for dependencies-accessors (C:\Users\442200404\AndroidStudioProjects\SQLDemo\.gradle\7.5\dependencies-accessors)" [_thread_blocked, id=7884, stack(0x0000005f0f800000,0x0000005f0f900000)]
  0x0000024bbeb79800 JavaThread "jar transforms Thread 5" [_thread_blocked, id=12540, stack(0x0000005f0f900000,0x0000005f0fa00000)]
  0x0000024bbeb81000 JavaThread "Cache worker for Build Output Cleanup Cache (C:\Users\442200404\AndroidStudioProjects\SQLDemo\.gradle\buildOutputCleanup)" [_thread_blocked, id=6580, stack(0x0000005f0fa00000,0x0000005f0fb00000)]
  0x0000024bbeb84000 JavaThread "Unconstrained build operations" [_thread_blocked, id=10412, stack(0x0000005f0fb00000,0x0000005f0fc00000)]
  0x0000024bbeb82800 JavaThread "Unconstrained build operations Thread 2" [_thread_blocked, id=1704, stack(0x0000005f0fc00000,0x0000005f0fd00000)]
  0x0000024bbeb81800 JavaThread "Unconstrained build operations Thread 3" [_thread_blocked, id=7992, stack(0x0000005f0fd00000,0x0000005f0fe00000)]
  0x0000024bbeb80000 JavaThread "Unconstrained build operations Thread 4" [_thread_blocked, id=10644, stack(0x0000005f0fe00000,0x0000005f0ff00000)]
  0x0000024bbeb83800 JavaThread "Unconstrained build operations Thread 5" [_thread_blocked, id=5416, stack(0x0000005f0ff00000,0x0000005f10000000)]
  0x0000024bbeb87800 JavaThread "Unconstrained build operations Thread 6" [_thread_blocked, id=1276, stack(0x0000005f10000000,0x0000005f10100000)]
  0x0000024bbeb85000 JavaThread "Unconstrained build operations Thread 7" [_thread_blocked, id=4824, stack(0x0000005f10100000,0x0000005f10200000)]
  0x0000024bbeb86800 JavaThread "Unconstrained build operations Thread 8" [_thread_blocked, id=4972, stack(0x0000005f10200000,0x0000005f10300000)]
  0x0000024bbbf5b000 JavaThread "Unconstrained build operations Thread 9" [_thread_blocked, id=4520, stack(0x0000005f10300000,0x0000005f10400000)]
  0x0000024bbbf5c800 JavaThread "Unconstrained build operations Thread 10" [_thread_blocked, id=7244, stack(0x0000005f10400000,0x0000005f10500000)]
  0x0000024bbbf5b800 JavaThread "Unconstrained build operations Thread 11" [_thread_blocked, id=13164, stack(0x0000005f10500000,0x0000005f10600000)]
  0x0000024bbbf5f800 JavaThread "Unconstrained build operations Thread 12" [_thread_blocked, id=1904, stack(0x0000005f10600000,0x0000005f10700000)]
  0x0000024bbbf60800 JavaThread "Unconstrained build operations Thread 13" [_thread_blocked, id=1296, stack(0x0000005f10700000,0x0000005f10800000)]
  0x0000024bbbf5e000 JavaThread "Unconstrained build operations Thread 14" [_thread_blocked, id=11152, stack(0x0000005f10800000,0x0000005f10900000)]
  0x0000024bbbf5d000 JavaThread "Unconstrained build operations Thread 15" [_thread_blocked, id=12204, stack(0x0000005f10900000,0x0000005f10a00000)]
  0x0000024bbbf62000 JavaThread "Unconstrained build operations Thread 16" [_thread_blocked, id=9512, stack(0x0000005f10a00000,0x0000005f10b00000)]
  0x0000024bbbf5f000 JavaThread "Unconstrained build operations Thread 17" [_thread_blocked, id=12332, stack(0x0000005f10b00000,0x0000005f10c00000)]
  0x0000024bbbf63000 JavaThread "Unconstrained build operations Thread 18" [_thread_blocked, id=4572, stack(0x0000005f10c00000,0x0000005f10d00000)]
  0x0000024bbbf67000 JavaThread "Unconstrained build operations Thread 19" [_thread_blocked, id=12372, stack(0x0000005f10d00000,0x0000005f10e00000)]
  0x0000024bbbf61800 JavaThread "Unconstrained build operations Thread 20" [_thread_blocked, id=432, stack(0x0000005f10e00000,0x0000005f10f00000)]
  0x0000024bbbf68800 JavaThread "Unconstrained build operations Thread 21" [_thread_blocked, id=9276, stack(0x0000005f10f00000,0x0000005f11000000)]
  0x0000024bbbf65800 JavaThread "Unconstrained build operations Thread 22" [_thread_blocked, id=10616, stack(0x0000005f11000000,0x0000005f11100000)]
  0x0000024bbbf68000 JavaThread "Unconstrained build operations Thread 23" [_thread_blocked, id=4192, stack(0x0000005f11100000,0x0000005f11200000)]
  0x0000024bbbf66000 JavaThread "Unconstrained build operations Thread 24" [_thread_blocked, id=12324, stack(0x0000005f11200000,0x0000005f11300000)]
  0x0000024bbbf69800 JavaThread "Unconstrained build operations Thread 25" [_thread_blocked, id=3844, stack(0x0000005f11300000,0x0000005f11400000)]
  0x0000024bbbf64000 JavaThread "Unconstrained build operations Thread 26" [_thread_blocked, id=8424, stack(0x0000005f11400000,0x0000005f11500000)]
  0x0000024bbbf64800 JavaThread "Unconstrained build operations Thread 27" [_thread_blocked, id=1616, stack(0x0000005f11500000,0x0000005f11600000)]
  0x0000024bbbe19800 JavaThread "Unconstrained build operations Thread 28" [_thread_blocked, id=5572, stack(0x0000005f11600000,0x0000005f11700000)]
  0x0000024bbbe1c800 JavaThread "Unconstrained build operations Thread 29" [_thread_blocked, id=4104, stack(0x0000005f11700000,0x0000005f11800000)]
  0x0000024bbbe1b000 JavaThread "Unconstrained build operations Thread 30" [_thread_blocked, id=11768, stack(0x0000005f11800000,0x0000005f11900000)]
  0x0000024bbbe1b800 JavaThread "Unconstrained build operations Thread 31" [_thread_blocked, id=3988, stack(0x0000005f11900000,0x0000005f11a00000)]
  0x0000024bbbe1f000 JavaThread "Unconstrained build operations Thread 32" [_thread_blocked, id=11500, stack(0x0000005f11a00000,0x0000005f11b00000)]
  0x0000024bbbe20000 JavaThread "Unconstrained build operations Thread 33" [_thread_blocked, id=6756, stack(0x0000005f11b00000,0x0000005f11c00000)]
  0x0000024bbbe1d800 JavaThread "Unconstrained build operations Thread 34" [_thread_blocked, id=8544, stack(0x0000005f11c00000,0x0000005f11d00000)]
  0x0000024bbbe1a000 JavaThread "Unconstrained build operations Thread 35" [_thread_blocked, id=3560, stack(0x0000005f11d00000,0x0000005f11e00000)]
  0x0000024bbbe23000 JavaThread "Unconstrained build operations Thread 36" [_thread_blocked, id=7100, stack(0x0000005f11e00000,0x0000005f11f00000)]
  0x0000024bbbe21800 JavaThread "Unconstrained build operations Thread 37" [_thread_blocked, id=12056, stack(0x0000005f11f00000,0x0000005f12000000)]
  0x0000024bbbe22800 JavaThread "Unconstrained build operations Thread 38" [_thread_blocked, id=11388, stack(0x0000005f12000000,0x0000005f12100000)]
  0x0000024bbbe20800 JavaThread "Unconstrained build operations Thread 39" [_thread_blocked, id=10880, stack(0x0000005f12100000,0x0000005f12200000)]
  0x0000024bbbe24000 JavaThread "Unconstrained build operations Thread 40" [_thread_blocked, id=5884, stack(0x0000005f12200000,0x0000005f12300000)]
  0x0000024bbbe1e000 JavaThread "Unconstrained build operations Thread 41" [_thread_blocked, id=5844, stack(0x0000005f12300000,0x0000005f12400000)]
  0x0000024bbbe25800 JavaThread "Unconstrained build operations Thread 42" [_thread_blocked, id=5972, stack(0x0000005f12400000,0x0000005f12500000)]
  0x0000024bbbe24800 JavaThread "Unconstrained build operations Thread 43" [_thread_blocked, id=4476, stack(0x0000005f12500000,0x0000005f12600000)]
  0x0000024bbbe28000 JavaThread "Unconstrained build operations Thread 44" [_thread_blocked, id=3516, stack(0x0000005f12600000,0x0000005f12700000)]
  0x0000024bbbe26800 JavaThread "Unconstrained build operations Thread 45" [_thread_blocked, id=1900, stack(0x0000005f12700000,0x0000005f12800000)]
  0x0000024bbbe27000 JavaThread "Unconstrained build operations Thread 46" [_thread_blocked, id=7432, stack(0x0000005f12800000,0x0000005f12900000)]
  0x0000024bbcfda000 JavaThread "Unconstrained build operations Thread 47" [_thread_blocked, id=6276, stack(0x0000005f12900000,0x0000005f12a00000)]
  0x0000024bbcfdb000 JavaThread "Unconstrained build operations Thread 48" [_thread_blocked, id=10792, stack(0x0000005f12a00000,0x0000005f12b00000)]
  0x0000024bbcfd9800 JavaThread "Unconstrained build operations Thread 49" [_thread_blocked, id=9424, stack(0x0000005f12b00000,0x0000005f12c00000)]
  0x0000024bbcfdc000 JavaThread "Unconstrained build operations Thread 50" [_thread_blocked, id=4424, stack(0x0000005f12c00000,0x0000005f12d00000)]
  0x0000024bbcfd6000 JavaThread "Unconstrained build operations Thread 51" [_thread_blocked, id=12856, stack(0x0000005f12d00000,0x0000005f12e00000)]
  0x0000024bbcfdc800 JavaThread "Unconstrained build operations Thread 52" [_thread_blocked, id=8580, stack(0x0000005f12e00000,0x0000005f12f00000)]
  0x0000024bbcfd7000 JavaThread "Unconstrained build operations Thread 53" [_thread_blocked, id=1208, stack(0x0000005f12f00000,0x0000005f13000000)]
  0x0000024bbcfdd800 JavaThread "Unconstrained build operations Thread 54" [_thread_blocked, id=7140, stack(0x0000005f13000000,0x0000005f13100000)]
  0x0000024bbcfd8000 JavaThread "Unconstrained build operations Thread 55" [_thread_blocked, id=3564, stack(0x0000005f13100000,0x0000005f13200000)]
  0x0000024bbcfde800 JavaThread "Unconstrained build operations Thread 56" [_thread_blocked, id=7204, stack(0x0000005f13200000,0x0000005f13300000)]
  0x0000024bbcfd8800 JavaThread "Unconstrained build operations Thread 57" [_thread_blocked, id=9740, stack(0x0000005f13300000,0x0000005f13400000)]
  0x0000024bbcfe1800 JavaThread "Unconstrained build operations Thread 58" [_thread_blocked, id=7132, stack(0x0000005f13400000,0x0000005f13500000)]
  0x0000024bbcfe2800 JavaThread "Unconstrained build operations Thread 59" [_thread_blocked, id=11604, stack(0x0000005f13500000,0x0000005f13600000)]
  0x0000024bbcfe3000 JavaThread "Unconstrained build operations Thread 60" [_thread_blocked, id=3036, stack(0x0000005f13600000,0x0000005f13700000)]
  0x0000024bbcfe0800 JavaThread "Unconstrained build operations Thread 61" [_thread_blocked, id=7804, stack(0x0000005f13700000,0x0000005f13800000)]
  0x0000024bbcfe4000 JavaThread "Unconstrained build operations Thread 62" [_thread_blocked, id=7120, stack(0x0000005f13800000,0x0000005f13900000)]
  0x0000024bbcfe0000 JavaThread "Unconstrained build operations Thread 63" [_thread_blocked, id=7720, stack(0x0000005f13900000,0x0000005f13a00000)]
  0x0000024bbcfdf000 JavaThread "Unconstrained build operations Thread 64" [_thread_blocked, id=9352, stack(0x0000005f13a00000,0x0000005f13b00000)]
  0x0000024bbcfe5000 JavaThread "Unconstrained build operations Thread 65" [_thread_blocked, id=11656, stack(0x0000005f13b00000,0x0000005f13c00000)]
  0x0000024bbb5ad800 JavaThread "Unconstrained build operations Thread 66" [_thread_blocked, id=12272, stack(0x0000005f13c00000,0x0000005f13d00000)]
  0x0000024bbb5b0000 JavaThread "Unconstrained build operations Thread 67" [_thread_blocked, id=4116, stack(0x0000005f13d00000,0x0000005f13e00000)]
  0x0000024bbb5af800 JavaThread "Unconstrained build operations Thread 68" [_thread_blocked, id=5316, stack(0x0000005f13e00000,0x0000005f13f00000)]
  0x0000024bbb5ae800 JavaThread "Unconstrained build operations Thread 69" [_thread_blocked, id=3044, stack(0x0000005f13f00000,0x0000005f14000000)]
  0x0000024bbb5ad000 JavaThread "Unconstrained build operations Thread 70" [_thread_blocked, id=2360, stack(0x0000005f14000000,0x0000005f14100000)]
  0x0000024bbb5aa800 JavaThread "Unconstrained build operations Thread 71" [_thread_blocked, id=6796, stack(0x0000005f14100000,0x0000005f14200000)]
  0x0000024bbb5b1000 JavaThread "Unconstrained build operations Thread 72" [_thread_blocked, id=6320, stack(0x0000005f14200000,0x0000005f14300000)]
  0x0000024bbb5ab000 JavaThread "Unconstrained build operations Thread 73" [_thread_blocked, id=780, stack(0x0000005f14300000,0x0000005f14400000)]
  0x0000024bbb5b1800 JavaThread "Unconstrained build operations Thread 74" [_thread_blocked, id=9908, stack(0x0000005f14400000,0x0000005f14500000)]
  0x0000024bbb5ac000 JavaThread "Unconstrained build operations Thread 75" [_thread_blocked, id=12836, stack(0x0000005f14500000,0x0000005f14600000)]
  0x0000024bbb5b6000 JavaThread "Unconstrained build operations Thread 76" [_thread_blocked, id=10124, stack(0x0000005f14600000,0x0000005f14700000)]
  0x0000024bbb5b4000 JavaThread "Unconstrained build operations Thread 77" [_thread_blocked, id=3132, stack(0x0000005f14700000,0x0000005f14800000)]
  0x0000024bbb5b5000 JavaThread "Unconstrained build operations Thread 78" [_thread_blocked, id=1880, stack(0x0000005f14800000,0x0000005f14900000)]
  0x0000024bbb5b6800 JavaThread "Unconstrained build operations Thread 79" [_thread_blocked, id=13268, stack(0x0000005f14900000,0x0000005f14a00000)]
  0x0000024bbb5b7800 JavaThread "Unconstrained build operations Thread 80" [_thread_blocked, id=2876, stack(0x0000005f14a00000,0x0000005f14b00000)]
  0x0000024bbb5b3800 JavaThread "jar transforms Thread 6" [_thread_blocked, id=9920, stack(0x0000005f14b00000,0x0000005f14c00000)]
  0x0000024bbb5b8000 JavaThread "jar transforms Thread 7" [_thread_blocked, id=720, stack(0x0000005f14c00000,0x0000005f14d00000)]
  0x0000024bbb5b2800 JavaThread "jar transforms Thread 8" [_thread_blocked, id=6324, stack(0x0000005f14d00000,0x0000005f14e00000)]
  0x0000024bbb5b9000 JavaThread "build event listener" [_thread_blocked, id=7592, stack(0x0000005f14e00000,0x0000005f14f00000)]
  0x0000024bc0a8e000 JavaThread "Memory manager" [_thread_blocked, id=7576, stack(0x0000005f14f00000,0x0000005f15000000)]
  0x0000024bbd32b000 JavaThread "C2 CompilerThread2" daemon [_thread_in_native, id=10672, stack(0x0000005f0f500000,0x0000005f0f600000)]

Other Threads:
  0x0000024bb92c4800 VMThread "VM Thread" [stack: 0x0000005f0c900000,0x0000005f0ca00000] [id=6612]
  0x0000024bb94c0000 WatcherThread [stack: 0x0000005f0d300000,0x0000005f0d400000] [id=9980]
  0x0000024b9c661800 GCTaskThread "GC Thread#0" [stack: 0x0000005f0c400000,0x0000005f0c500000] [id=2820]
  0x0000024bbab5f000 GCTaskThread "GC Thread#1" [stack: 0x0000005f0d600000,0x0000005f0d700000] [id=6876]
  0x0000024bbac90800 GCTaskThread "GC Thread#2" [stack: 0x0000005f0d700000,0x0000005f0d800000] [id=10056]
  0x0000024bbbfe2800 GCTaskThread "GC Thread#3" [stack: 0x0000005f0d900000,0x0000005f0da00000] [id=8244]
  0x0000024bbb77d000 GCTaskThread "GC Thread#4" [stack: 0x0000005f0e400000,0x0000005f0e500000] [id=8896]
  0x0000024bbbccb800 GCTaskThread "GC Thread#5" [stack: 0x0000005f0e500000,0x0000005f0e600000] [id=7768]
  0x0000024bba4c3800 GCTaskThread "GC Thread#6" [stack: 0x0000005f0e600000,0x0000005f0e700000] [id=12496]
  0x0000024bba148800 GCTaskThread "GC Thread#7" [stack: 0x0000005f0e700000,0x0000005f0e800000] [id=12380]
  0x0000024b9c693800 ConcurrentGCThread "G1 Main Marker" [stack: 0x0000005f0c500000,0x0000005f0c600000] [id=2240]
  0x0000024b9c695000 ConcurrentGCThread "G1 Conc#0" [stack: 0x0000005f0c600000,0x0000005f0c700000] [id=7984]
  0x0000024bbb364800 ConcurrentGCThread "G1 Conc#1" [stack: 0x0000005f0e800000,0x0000005f0e900000] [id=9812]
  0x0000024bb88ea800 ConcurrentGCThread "G1 Refine#0" [stack: 0x0000005f0c700000,0x0000005f0c800000] [id=5876]
  0x0000024bbbcba000 ConcurrentGCThread "G1 Refine#1" [stack: 0x0000005f0da00000,0x0000005f0db00000] [id=7544]
  0x0000024bb88eb000 ConcurrentGCThread "G1 Young RemSet Sampling" [stack: 0x0000005f0c800000,0x0000005f0c900000] [id=5988]

Threads with active compile tasks:
C2 CompilerThread0    19273 7906       4       org.gradle.internal.instantiation.generator.AbstractClassGenerator$PropertyMetadata::hasAnnotation (40 bytes)
C2 CompilerThread1    19273 7693       4       org.gradle.internal.reflect.ClassInspector::inspectClass (179 bytes)
C2 CompilerThread2    19273 7640 %     4       org.gradle.internal.instantiation.generator.AbstractClassGenerator::inspectType @ 250 (560 bytes)

VM state:not at safepoint (normal execution)

VM Mutex/Monitor currently owned by a thread: None

Heap address: 0x0000000080000000, size: 2048 MB, Compressed Oops mode: 32-bit
Narrow klass base: 0x0000000000000000, Narrow klass shift: 3
Compressed class space size: 1073741824 Address: 0x0000000100000000

Heap:
 garbage-first heap   total 157696K, used 110268K [0x0000000080000000, 0x0000000100000000)
  region size 1024K, 57 young (58368K), 6 survivors (6144K)
 Metaspace       used 79682K, capacity 81754K, committed 82000K, reserved 1120256K
  class space    used 10444K, capacity 11214K, committed 11236K, reserved 1048576K
Heap Regions: E=young(eden), S=young(survivor), O=old, HS=humongous(starts), HC=humongous(continues), CS=collection set, F=free, A=archive, TAMS=top-at-mark-start (previous, next)
|   0|0x0000000080000000, 0x0000000080100000, 0x0000000080100000|100%| O|  |TAMS 0x0000000080100000, 0x0000000080000000| Untracked 
|   1|0x0000000080100000, 0x0000000080200000, 0x0000000080200000|100%| O|  |TAMS 0x0000000080200000, 0x0000000080100000| Untracked 
|   2|0x0000000080200000, 0x0000000080300000, 0x0000000080300000|100%| O|  |TAMS 0x0000000080300000, 0x0000000080200000| Untracked 
|   3|0x0000000080300000, 0x0000000080400000, 0x0000000080400000|100%|HS|  |TAMS 0x0000000080400000, 0x0000000080300000| Complete 
|   4|0x0000000080400000, 0x0000000080500000, 0x0000000080500000|100%|HC|  |TAMS 0x0000000080500000, 0x0000000080400000| Complete 
|   5|0x0000000080500000, 0x0000000080600000, 0x0000000080600000|100%|HC|  |TAMS 0x0000000080600000, 0x0000000080500000| Complete 
|   6|0x0000000080600000, 0x0000000080700000, 0x0000000080700000|100%| O|  |TAMS 0x0000000080700000, 0x0000000080600000| Untracked 
|   7|0x0000000080700000, 0x0000000080800000, 0x0000000080800000|100%| O|  |TAMS 0x0000000080800000, 0x0000000080700000| Untracked 
|   8|0x0000000080800000, 0x0000000080900000, 0x0000000080900000|100%| O|  |TAMS 0x0000000080900000, 0x0000000080800000| Untracked 
|   9|0x0000000080900000, 0x0000000080a00000, 0x0000000080a00000|100%| O|  |TAMS 0x0000000080a00000, 0x0000000080900000| Untracked 
|  10|0x0000000080a00000, 0x0000000080b00000, 0x0000000080b00000|100%| O|  |TAMS 0x0000000080b00000, 0x0000000080a00000| Untracked 
|  11|0x0000000080b00000, 0x0000000080c00000, 0x0000000080c00000|100%| O|  |TAMS 0x0000000080c00000, 0x0000000080b00000| Untracked 
|  12|0x0000000080c00000, 0x0000000080d00000, 0x0000000080d00000|100%| O|  |TAMS 0x0000000080d00000, 0x0000000080c00000| Untracked 
|  13|0x0000000080d00000, 0x0000000080e00000, 0x0000000080e00000|100%| O|  |TAMS 0x0000000080e00000, 0x0000000080d00000| Untracked 
|  14|0x0000000080e00000, 0x0000000080f00000, 0x0000000080f00000|100%| O|  |TAMS 0x0000000080f00000, 0x0000000080e00000| Untracked 
|  15|0x0000000080f00000, 0x0000000081000000, 0x0000000081000000|100%| O|  |TAMS 0x0000000081000000, 0x0000000080f00000| Untracked 
|  16|0x0000000081000000, 0x0000000081100000, 0x0000000081100000|100%|HS|  |TAMS 0x0000000081100000, 0x0000000081000000| Complete 
|  17|0x0000000081100000, 0x0000000081200000, 0x0000000081200000|100%| O|  |TAMS 0x0000000081200000, 0x0000000081100000| Untracked 
|  18|0x0000000081200000, 0x0000000081300000, 0x0000000081300000|100%| O|  |TAMS 0x0000000081300000, 0x0000000081200000| Untracked 
|  19|0x0000000081300000, 0x0000000081400000, 0x0000000081400000|100%| O|  |TAMS 0x0000000081400000, 0x0000000081300000| Untracked 
|  20|0x0000000081400000, 0x0000000081500000, 0x0000000081500000|100%| O|  |TAMS 0x0000000081500000, 0x0000000081400000| Untracked 
|  21|0x0000000081500000, 0x0000000081600000, 0x0000000081600000|100%| O|  |TAMS 0x0000000081600000, 0x0000000081500000| Untracked 
|  22|0x0000000081600000, 0x0000000081700000, 0x0000000081700000|100%| O|  |TAMS 0x0000000081700000, 0x0000000081600000| Untracked 
|  23|0x0000000081700000, 0x0000000081800000, 0x0000000081800000|100%| O|  |TAMS 0x0000000081800000, 0x0000000081700000| Untracked 
|  24|0x0000000081800000, 0x0000000081900000, 0x0000000081900000|100%|HS|  |TAMS 0x0000000081900000, 0x0000000081800000| Complete 
|  25|0x0000000081900000, 0x0000000081a00000, 0x0000000081a00000|100%| O|  |TAMS 0x0000000081a00000, 0x0000000081900000| Untracked 
|  26|0x0000000081a00000, 0x0000000081b00000, 0x0000000081b00000|100%| O|  |TAMS 0x0000000081b00000, 0x0000000081a00000| Untracked 
|  27|0x0000000081b00000, 0x0000000081c00000, 0x0000000081c00000|100%| O|  |TAMS 0x0000000081c00000, 0x0000000081b00000| Untracked 
|  28|0x0000000081c00000, 0x0000000081d00000, 0x0000000081d00000|100%| O|  |TAMS 0x0000000081d00000, 0x0000000081c00000| Untracked 
|  29|0x0000000081d00000, 0x0000000081e00000, 0x0000000081e00000|100%| O|  |TAMS 0x0000000081e00000, 0x0000000081d00000| Untracked 
|  30|0x0000000081e00000, 0x0000000081f00000, 0x0000000081f00000|100%| O|  |TAMS 0x0000000081f00000, 0x0000000081e00000| Untracked 
|  31|0x0000000081f00000, 0x0000000082000000, 0x0000000082000000|100%| O|  |TAMS 0x0000000082000000, 0x0000000081f00000| Untracked 
|  32|0x0000000082000000, 0x0000000082100000, 0x0000000082100000|100%| O|  |TAMS 0x0000000082100000, 0x0000000082000000| Untracked 
|  33|0x0000000082100000, 0x0000000082200000, 0x0000000082200000|100%| O|  |TAMS 0x0000000082200000, 0x0000000082100000| Untracked 
|  34|0x0000000082200000, 0x0000000082300000, 0x0000000082300000|100%| O|  |TAMS 0x0000000082300000, 0x0000000082200000| Untracked 
|  35|0x0000000082300000, 0x0000000082400000, 0x0000000082400000|100%| O|  |TAMS 0x0000000082400000, 0x0000000082300000| Untracked 
|  36|0x0000000082400000, 0x0000000082500000, 0x0000000082500000|100%| O|  |TAMS 0x0000000082500000, 0x0000000082400000| Untracked 
|  37|0x0000000082500000, 0x0000000082600000, 0x0000000082600000|100%| O|  |TAMS 0x0000000082600000, 0x0000000082500000| Untracked 
|  38|0x0000000082600000, 0x0000000082700000, 0x0000000082700000|100%| O|  |TAMS 0x0000000082700000, 0x0000000082600000| Untracked 
|  39|0x0000000082700000, 0x0000000082800000, 0x0000000082800000|100%| O|  |TAMS 0x0000000082800000, 0x0000000082700000| Untracked 
|  40|0x0000000082800000, 0x0000000082900000, 0x0000000082900000|100%| O|  |TAMS 0x0000000082900000, 0x0000000082800000| Untracked 
|  41|0x0000000082900000, 0x0000000082a00000, 0x0000000082a00000|100%| O|  |TAMS 0x0000000082a00000, 0x0000000082900000| Untracked 
|  42|0x0000000082a00000, 0x0000000082b00000, 0x0000000082b00000|100%| O|  |TAMS 0x0000000082b00000, 0x0000000082a00000| Untracked 
|  43|0x0000000082b00000, 0x0000000082c00000, 0x0000000082c00000|100%| O|  |TAMS 0x0000000082c00000, 0x0000000082b00000| Untracked 
|  44|0x0000000082c00000, 0x0000000082d00000, 0x0000000082d00000|100%| O|  |TAMS 0x0000000082d00000, 0x0000000082c00000| Untracked 
|  45|0x0000000082d00000, 0x0000000082e00000, 0x0000000082e00000|100%| O|  |TAMS 0x0000000082e00000, 0x0000000082d00000| Untracked 
|  46|0x0000000082e00000, 0x0000000082f00000, 0x0000000082f00000|100%| O|  |TAMS 0x0000000082f00000, 0x0000000082e00000| Untracked 
|  47|0x0000000082f00000, 0x0000000083000000, 0x0000000083000000|100%| O|  |TAMS 0x0000000083000000, 0x0000000082f00000| Untracked 
|  48|0x0000000083000000, 0x0000000083100000, 0x0000000083100000|100%| O|  |TAMS 0x0000000083100000, 0x0000000083000000| Untracked 
|  49|0x0000000083100000, 0x0000000083200000, 0x0000000083200000|100%| O|  |TAMS 0x0000000083200000, 0x0000000083100000| Untracked 
|  50|0x0000000083200000, 0x0000000083300000, 0x0000000083300000|100%| O|  |TAMS 0x0000000083300000, 0x0000000083200000| Untracked 
|  51|0x0000000083300000, 0x0000000083400000, 0x0000000083400000|100%| O|  |TAMS 0x0000000083400000, 0x0000000083300000| Untracked 
|  52|0x0000000083400000, 0x0000000083492c00, 0x0000000083500000| 57%| O|  |TAMS 0x0000000083492c00, 0x0000000083400000| Untracked 
|  53|0x0000000083500000, 0x0000000083500000, 0x0000000083600000|  0%| F|  |TAMS 0x0000000083500000, 0x0000000083500000| Untracked 
|  54|0x0000000083600000, 0x0000000083600000, 0x0000000083700000|  0%| F|  |TAMS 0x0000000083600000, 0x0000000083600000| Untracked 
|  55|0x0000000083700000, 0x0000000083700000, 0x0000000083800000|  0%| F|  |TAMS 0x0000000083700000, 0x0000000083700000| Untracked 
|  56|0x0000000083800000, 0x0000000083800000, 0x0000000083900000|  0%| F|  |TAMS 0x0000000083800000, 0x0000000083800000| Untracked 
|  57|0x0000000083900000, 0x0000000083900000, 0x0000000083a00000|  0%| F|  |TAMS 0x0000000083900000, 0x0000000083900000| Untracked 
|  58|0x0000000083a00000, 0x0000000083a00000, 0x0000000083b00000|  0%| F|  |TAMS 0x0000000083a00000, 0x0000000083a00000| Untracked 
|  59|0x0000000083b00000, 0x0000000083b00000, 0x0000000083c00000|  0%| F|  |TAMS 0x0000000083b00000, 0x0000000083b00000| Untracked 
|  60|0x0000000083c00000, 0x0000000083c00000, 0x0000000083d00000|  0%| F|  |TAMS 0x0000000083c00000, 0x0000000083c00000| Untracked 
|  61|0x0000000083d00000, 0x0000000083d00000, 0x0000000083e00000|  0%| F|  |TAMS 0x0000000083d00000, 0x0000000083d00000| Untracked 
|  62|0x0000000083e00000, 0x0000000083e00000, 0x0000000083f00000|  0%| F|  |TAMS 0x0000000083e00000, 0x0000000083e00000| Untracked 
|  63|0x0000000083f00000, 0x0000000083f00000, 0x0000000084000000|  0%| F|  |TAMS 0x0000000083f00000, 0x0000000083f00000| Untracked 
|  64|0x0000000084000000, 0x0000000084000000, 0x0000000084100000|  0%| F|  |TAMS 0x0000000084000000, 0x0000000084000000| Untracked 
|  65|0x0000000084100000, 0x0000000084100000, 0x0000000084200000|  0%| F|  |TAMS 0x0000000084100000, 0x0000000084100000| Untracked 
|  66|0x0000000084200000, 0x0000000084200000, 0x0000000084300000|  0%| F|  |TAMS 0x0000000084200000, 0x0000000084200000| Untracked 
|  67|0x0000000084300000, 0x0000000084300000, 0x0000000084400000|  0%| F|  |TAMS 0x0000000084300000, 0x0000000084300000| Untracked 
|  68|0x0000000084400000, 0x0000000084400000, 0x0000000084500000|  0%| F|  |TAMS 0x0000000084400000, 0x0000000084400000| Untracked 
|  69|0x0000000084500000, 0x0000000084500000, 0x0000000084600000|  0%| F|  |TAMS 0x0000000084500000, 0x0000000084500000| Untracked 
|  70|0x0000000084600000, 0x0000000084600000, 0x0000000084700000|  0%| F|  |TAMS 0x0000000084600000, 0x0000000084600000| Untracked 
|  71|0x0000000084700000, 0x0000000084700000, 0x0000000084800000|  0%| F|  |TAMS 0x0000000084700000, 0x0000000084700000| Untracked 
|  72|0x0000000084800000, 0x0000000084800000, 0x0000000084900000|  0%| F|  |TAMS 0x0000000084800000, 0x0000000084800000| Untracked 
|  73|0x0000000084900000, 0x0000000084900000, 0x0000000084a00000|  0%| F|  |TAMS 0x0000000084900000, 0x0000000084900000| Untracked 
|  74|0x0000000084a00000, 0x0000000084a00000, 0x0000000084b00000|  0%| F|  |TAMS 0x0000000084a00000, 0x0000000084a00000| Untracked 
|  75|0x0000000084b00000, 0x0000000084b00000, 0x0000000084c00000|  0%| F|  |TAMS 0x0000000084b00000, 0x0000000084b00000| Untracked 
|  76|0x0000000084c00000, 0x0000000084c00000, 0x0000000084d00000|  0%| F|  |TAMS 0x0000000084c00000, 0x0000000084c00000| Untracked 
|  77|0x0000000084d00000, 0x0000000084d00000, 0x0000000084e00000|  0%| F|  |TAMS 0x0000000084d00000, 0x0000000084d00000| Untracked 
|  78|0x0000000084e00000, 0x0000000084e00000, 0x0000000084f00000|  0%| F|  |TAMS 0x0000000084e00000, 0x0000000084e00000| Untracked 
|  79|0x0000000084f00000, 0x0000000084f1c5e0, 0x0000000085000000| 11%| S|CS|TAMS 0x0000000084f00000, 0x0000000084f00000| Complete 
|  80|0x0000000085000000, 0x0000000085100000, 0x0000000085100000|100%| S|CS|TAMS 0x0000000085000000, 0x0000000085000000| Complete 
|  81|0x0000000085100000, 0x0000000085200000, 0x0000000085200000|100%| S|CS|TAMS 0x0000000085100000, 0x0000000085100000| Complete 
|  82|0x0000000085200000, 0x0000000085300000, 0x0000000085300000|100%| S|CS|TAMS 0x0000000085200000, 0x0000000085200000| Complete 
|  83|0x0000000085300000, 0x0000000085400000, 0x0000000085400000|100%| S|CS|TAMS 0x0000000085300000, 0x0000000085300000| Complete 
|  84|0x0000000085400000, 0x0000000085500000, 0x0000000085500000|100%| S|CS|TAMS 0x0000000085400000, 0x0000000085400000| Complete 
|  85|0x0000000085500000, 0x0000000085500000, 0x0000000085600000|  0%| F|  |TAMS 0x0000000085500000, 0x0000000085500000| Untracked 
|  86|0x0000000085600000, 0x0000000085600000, 0x0000000085700000|  0%| F|  |TAMS 0x0000000085600000, 0x0000000085600000| Untracked 
|  87|0x0000000085700000, 0x0000000085700000, 0x0000000085800000|  0%| F|  |TAMS 0x0000000085700000, 0x0000000085700000| Untracked 
|  88|0x0000000085800000, 0x0000000085800000, 0x0000000085900000|  0%| F|  |TAMS 0x0000000085800000, 0x0000000085800000| Untracked 
|  89|0x0000000085900000, 0x0000000085900000, 0x0000000085a00000|  0%| F|  |TAMS 0x0000000085900000, 0x0000000085900000| Untracked 
|  90|0x0000000085a00000, 0x0000000085a00000, 0x0000000085b00000|  0%| F|  |TAMS 0x0000000085a00000, 0x0000000085a00000| Untracked 
|  91|0x0000000085b00000, 0x0000000085b00000, 0x0000000085c00000|  0%| F|  |TAMS 0x0000000085b00000, 0x0000000085b00000| Untracked 
|  92|0x0000000085c00000, 0x0000000085c00000, 0x0000000085d00000|  0%| F|  |TAMS 0x0000000085c00000, 0x0000000085c00000| Untracked 
|  93|0x0000000085d00000, 0x0000000085d00000, 0x0000000085e00000|  0%| F|  |TAMS 0x0000000085d00000, 0x0000000085d00000| Untracked 
|  94|0x0000000085e00000, 0x0000000085e00000, 0x0000000085f00000|  0%| F|  |TAMS 0x0000000085e00000, 0x0000000085e00000| Untracked 
|  95|0x0000000085f00000, 0x0000000085f00000, 0x0000000086000000|  0%| F|  |TAMS 0x0000000085f00000, 0x0000000085f00000| Untracked 
|  96|0x0000000086000000, 0x0000000086000000, 0x0000000086100000|  0%| F|  |TAMS 0x0000000086000000, 0x0000000086000000| Untracked 
|  97|0x0000000086100000, 0x0000000086100000, 0x0000000086200000|  0%| F|  |TAMS 0x0000000086100000, 0x0000000086100000| Untracked 
|  98|0x0000000086200000, 0x0000000086200000, 0x0000000086300000|  0%| F|  |TAMS 0x0000000086200000, 0x0000000086200000| Untracked 
|  99|0x0000000086300000, 0x0000000086300000, 0x0000000086400000|  0%| F|  |TAMS 0x0000000086300000, 0x0000000086300000| Untracked 
| 100|0x0000000086400000, 0x0000000086400000, 0x0000000086500000|  0%| F|  |TAMS 0x0000000086400000, 0x0000000086400000| Untracked 
| 101|0x0000000086500000, 0x0000000086500000, 0x0000000086600000|  0%| F|  |TAMS 0x0000000086500000, 0x0000000086500000| Untracked 
| 102|0x0000000086600000, 0x0000000086600000, 0x0000000086700000|  0%| F|  |TAMS 0x0000000086600000, 0x0000000086600000| Untracked 
| 103|0x0000000086700000, 0x0000000086780800, 0x0000000086800000| 50%| E|  |TAMS 0x0000000086700000, 0x0000000086700000| Complete 
| 104|0x0000000086800000, 0x0000000086900000, 0x0000000086900000|100%| E|CS|TAMS 0x0000000086800000, 0x0000000086800000| Complete 
| 105|0x0000000086900000, 0x0000000086a00000, 0x0000000086a00000|100%| E|CS|TAMS 0x0000000086900000, 0x0000000086900000| Complete 
| 106|0x0000000086a00000, 0x0000000086b00000, 0x0000000086b00000|100%| E|CS|TAMS 0x0000000086a00000, 0x0000000086a00000| Complete 
| 107|0x0000000086b00000, 0x0000000086c00000, 0x0000000086c00000|100%| E|CS|TAMS 0x0000000086b00000, 0x0000000086b00000| Complete 
| 108|0x0000000086c00000, 0x0000000086d00000, 0x0000000086d00000|100%| E|CS|TAMS 0x0000000086c00000, 0x0000000086c00000| Complete 
| 109|0x0000000086d00000, 0x0000000086e00000, 0x0000000086e00000|100%| E|CS|TAMS 0x0000000086d00000, 0x0000000086d00000| Complete 
| 110|0x0000000086e00000, 0x0000000086f00000, 0x0000000086f00000|100%| E|CS|TAMS 0x0000000086e00000, 0x0000000086e00000| Complete 
| 111|0x0000000086f00000, 0x0000000087000000, 0x0000000087000000|100%| E|CS|TAMS 0x0000000086f00000, 0x0000000086f00000| Complete 
| 112|0x0000000087000000, 0x0000000087100000, 0x0000000087100000|100%| E|CS|TAMS 0x0000000087000000, 0x0000000087000000| Complete 
| 113|0x0000000087100000, 0x0000000087200000, 0x0000000087200000|100%| E|CS|TAMS 0x0000000087100000, 0x0000000087100000| Complete 
| 114|0x0000000087200000, 0x0000000087300000, 0x0000000087300000|100%| E|CS|TAMS 0x0000000087200000, 0x0000000087200000| Complete 
| 115|0x0000000087300000, 0x0000000087400000, 0x0000000087400000|100%| E|CS|TAMS 0x0000000087300000, 0x0000000087300000| Complete 
| 116|0x0000000087400000, 0x0000000087500000, 0x0000000087500000|100%| E|CS|TAMS 0x0000000087400000, 0x0000000087400000| Complete 
| 117|0x0000000087500000, 0x0000000087600000, 0x0000000087600000|100%| E|CS|TAMS 0x0000000087500000, 0x0000000087500000| Complete 
| 118|0x0000000087600000, 0x0000000087700000, 0x0000000087700000|100%| E|CS|TAMS 0x0000000087600000, 0x0000000087600000| Complete 
| 119|0x0000000087700000, 0x0000000087800000, 0x0000000087800000|100%| E|CS|TAMS 0x0000000087700000, 0x0000000087700000| Complete 
| 120|0x0000000087800000, 0x0000000087900000, 0x0000000087900000|100%| E|CS|TAMS 0x0000000087800000, 0x0000000087800000| Complete 
| 121|0x0000000087900000, 0x0000000087a00000, 0x0000000087a00000|100%| E|CS|TAMS 0x0000000087900000, 0x0000000087900000| Complete 
| 122|0x0000000087a00000, 0x0000000087b00000, 0x0000000087b00000|100%| E|CS|TAMS 0x0000000087a00000, 0x0000000087a00000| Complete 
| 123|0x0000000087b00000, 0x0000000087c00000, 0x0000000087c00000|100%| E|CS|TAMS 0x0000000087b00000, 0x0000000087b00000| Complete 
| 124|0x0000000087c00000, 0x0000000087d00000, 0x0000000087d00000|100%| E|CS|TAMS 0x0000000087c00000, 0x0000000087c00000| Complete 
| 125|0x0000000087d00000, 0x0000000087e00000, 0x0000000087e00000|100%| E|CS|TAMS 0x0000000087d00000, 0x0000000087d00000| Complete 
| 126|0x0000000087e00000, 0x0000000087f00000, 0x0000000087f00000|100%| E|CS|TAMS 0x0000000087e00000, 0x0000000087e00000| Complete 
| 127|0x0000000087f00000, 0x0000000088000000, 0x0000000088000000|100%| E|CS|TAMS 0x0000000087f00000, 0x0000000087f00000| Complete 
| 128|0x0000000088000000, 0x0000000088100000, 0x0000000088100000|100%| E|CS|TAMS 0x0000000088000000, 0x0000000088000000| Complete 
| 129|0x0000000088100000, 0x0000000088200000, 0x0000000088200000|100%| E|CS|TAMS 0x0000000088100000, 0x0000000088100000| Complete 
| 130|0x0000000088200000, 0x0000000088300000, 0x0000000088300000|100%| E|CS|TAMS 0x0000000088200000, 0x0000000088200000| Complete 
| 131|0x0000000088300000, 0x0000000088400000, 0x0000000088400000|100%| E|CS|TAMS 0x0000000088300000, 0x0000000088300000| Complete 
| 132|0x0000000088400000, 0x0000000088500000, 0x0000000088500000|100%| E|CS|TAMS 0x0000000088400000, 0x0000000088400000| Complete 
| 133|0x0000000088500000, 0x0000000088600000, 0x0000000088600000|100%| E|CS|TAMS 0x0000000088500000, 0x0000000088500000| Complete 
| 134|0x0000000088600000, 0x0000000088700000, 0x0000000088700000|100%| E|CS|TAMS 0x0000000088600000, 0x0000000088600000| Complete 
| 135|0x0000000088700000, 0x0000000088800000, 0x0000000088800000|100%| E|CS|TAMS 0x0000000088700000, 0x0000000088700000| Complete 
| 136|0x0000000088800000, 0x0000000088900000, 0x0000000088900000|100%| E|CS|TAMS 0x0000000088800000, 0x0000000088800000| Complete 
| 137|0x0000000088900000, 0x0000000088a00000, 0x0000000088a00000|100%| E|CS|TAMS 0x0000000088900000, 0x0000000088900000| Complete 
| 138|0x0000000088a00000, 0x0000000088b00000, 0x0000000088b00000|100%| E|CS|TAMS 0x0000000088a00000, 0x0000000088a00000| Complete 
| 139|0x0000000088b00000, 0x0000000088c00000, 0x0000000088c00000|100%| E|CS|TAMS 0x0000000088b00000, 0x0000000088b00000| Complete 
| 140|0x0000000088c00000, 0x0000000088d00000, 0x0000000088d00000|100%| E|CS|TAMS 0x0000000088c00000, 0x0000000088c00000| Complete 
| 141|0x0000000088d00000, 0x0000000088e00000, 0x0000000088e00000|100%| E|CS|TAMS 0x0000000088d00000, 0x0000000088d00000| Complete 
| 142|0x0000000088e00000, 0x0000000088f00000, 0x0000000088f00000|100%| E|CS|TAMS 0x0000000088e00000, 0x0000000088e00000| Complete 
| 143|0x0000000088f00000, 0x0000000089000000, 0x0000000089000000|100%| E|CS|TAMS 0x0000000088f00000, 0x0000000088f00000| Complete 
| 144|0x0000000089000000, 0x0000000089100000, 0x0000000089100000|100%| E|CS|TAMS 0x0000000089000000, 0x0000000089000000| Complete 
| 145|0x0000000089100000, 0x0000000089200000, 0x0000000089200000|100%| E|CS|TAMS 0x0000000089100000, 0x0000000089100000| Complete 
| 146|0x0000000089200000, 0x0000000089300000, 0x0000000089300000|100%| E|CS|TAMS 0x0000000089200000, 0x0000000089200000| Complete 
| 147|0x0000000089300000, 0x0000000089400000, 0x0000000089400000|100%| E|CS|TAMS 0x0000000089300000, 0x0000000089300000| Complete 
| 148|0x0000000089400000, 0x0000000089500000, 0x0000000089500000|100%| E|CS|TAMS 0x0000000089400000, 0x0000000089400000| Complete 
| 149|0x0000000089500000, 0x0000000089600000, 0x0000000089600000|100%| E|CS|TAMS 0x0000000089500000, 0x0000000089500000| Complete 
| 150|0x0000000089600000, 0x0000000089700000, 0x0000000089700000|100%| E|CS|TAMS 0x0000000089600000, 0x0000000089600000| Complete 
| 151|0x0000000089700000, 0x0000000089800000, 0x0000000089800000|100%| E|CS|TAMS 0x0000000089700000, 0x0000000089700000| Complete 
| 152|0x0000000089800000, 0x0000000089900000, 0x0000000089900000|100%| E|CS|TAMS 0x0000000089800000, 0x0000000089800000| Complete 
| 153|0x0000000089900000, 0x0000000089a00000, 0x0000000089a00000|100%| E|CS|TAMS 0x0000000089900000, 0x0000000089900000| Complete 

Card table byte_map: [0x0000024bb1790000,0x0000024bb1b90000] _byte_map_base: 0x0000024bb1390000

Marking Bits (Prev, Next): (CMBitMap*) 0x0000024b9c68ab70, (CMBitMap*) 0x0000024b9c68ab38
 Prev Bits: [0x0000024bb3f90000, 0x0000024bb5f90000)
 Next Bits: [0x0000024bb1f90000, 0x0000024bb3f90000)

Polling page: 0x0000024b9c500000

Metaspace:

Usage:
  Non-class:     68.89 MB capacity,    67.62 MB ( 98%) used,     1.05 MB (  2%) free+waste,   222.81 KB ( <1%) overhead. 
      Class:     10.95 MB capacity,    10.20 MB ( 93%) used,   663.29 KB (  6%) free+waste,   104.13 KB ( <1%) overhead. 
       Both:     79.84 MB capacity,    77.82 MB ( 97%) used,     1.70 MB (  2%) free+waste,   326.94 KB ( <1%) overhead. 

Virtual space:
  Non-class space:       70.00 MB reserved,      69.11 MB ( 99%) committed 
      Class space:        1.00 GB reserved,      10.97 MB (  1%) committed 
             Both:        1.07 GB reserved,      80.08 MB (  7%) committed 

Chunk freelists:
   Non-Class:  32.00 KB
       Class:  0 bytes
        Both:  32.00 KB

MaxMetaspaceSize: 17179869184.00 GB
CompressedClassSpaceSize: 1.00 GB
Initial GC threshold: 20.80 MB
Current GC threshold: 126.38 MB
CDS: off

CodeHeap 'non-profiled nmethods': size=120000Kb used=5003Kb max_used=5003Kb free=114996Kb
 bounds [0x0000024ba93f0000, 0x0000024ba98e0000, 0x0000024bb0920000]
CodeHeap 'profiled nmethods': size=120000Kb used=16959Kb max_used=16959Kb free=103040Kb
 bounds [0x0000024ba1ec0000, 0x0000024ba2f50000, 0x0000024ba93f0000]
CodeHeap 'non-nmethods': size=5760Kb used=2369Kb max_used=2438Kb free=3390Kb
 bounds [0x0000024ba1920000, 0x0000024ba1b90000, 0x0000024ba1ec0000]
 total_blobs=8881 nmethods=7988 adapters=804
 compilation: enabled
              stopped_count=0, restarted_count=0
 full_count=0

Compilation events (20 events):
Event: 19.151 Thread 0x0000024bb9324000 nmethod 7954 0x0000024ba2f18890 code [0x0000024ba2f18a40, 0x0000024ba2f18c08]
Event: 19.152 Thread 0x0000024bb9324000 7955       3       org.objectweb.asm.AnnotationWriter::computeAnnotationsSize (42 bytes)
Event: 19.153 Thread 0x0000024bb9324000 nmethod 7955 0x0000024ba2f18d10 code [0x0000024ba2f18ee0, 0x0000024ba2f19128]
Event: 19.154 Thread 0x0000024bb9324000 7956       3       org.gradle.api.internal.tasks.DefaultTaskInputs$1::visitInputProperty (16 bytes)
Event: 19.155 Thread 0x0000024bb9324000 nmethod 7956 0x0000024ba2f19290 code [0x0000024ba2f19460, 0x0000024ba2f196f8]
Event: 19.161 Thread 0x0000024bb9324000 7957       3       org.gradle.internal.snapshot.impl.IsolatedImmutableManagedValue::hashCode (5 bytes)
Event: 19.162 Thread 0x0000024bb9324000 nmethod 7957 0x0000024ba2f19810 code [0x0000024ba2f199e0, 0x0000024ba2f19c08]
Event: 19.176 Thread 0x0000024bb9324000 7958       3       org.gradle.internal.instantiation.generator.AsmBackedClassGenerator$ClassBuilderImpl::includeNotInheritedAnnotations (121 bytes)
Event: 19.178 Thread 0x0000024bb9324000 nmethod 7958 0x0000024ba2f19d10 code [0x0000024ba2f1a0a0, 0x0000024ba2f1b768]
Event: 19.178 Thread 0x0000024bb9324000 7959       3       org.gradle.internal.instantiation.generator.AsmBackedClassGenerator$ClassBuilderImpl::generateInitMethod (16 bytes)
Event: 19.178 Thread 0x0000024bb9324000 nmethod 7959 0x0000024ba2f1bf10 code [0x0000024ba2f1c120, 0x0000024ba2f1c768]
Event: 19.178 Thread 0x0000024bb9324000 7961       3       org.gradle.util.internal.DeferredUtil::unpack (8 bytes)
Event: 19.178 Thread 0x0000024bb9324000 nmethod 7961 0x0000024ba2f1c990 code [0x0000024ba2f1cb40, 0x0000024ba2f1cc48]
Event: 19.178 Thread 0x0000024bb9324000 7962       3       org.gradle.util.internal.DeferredUtil::unpack (46 bytes)
Event: 19.179 Thread 0x0000024bb9324000 nmethod 7962 0x0000024ba2f1cd10 code [0x0000024ba2f1cf20, 0x0000024ba2f1d6a8]
Event: 19.179 Thread 0x0000024bb9324000 7963   !   3       org.gradle.api.internal.file.FileOrUriNotationConverter::convert (310 bytes)
Event: 19.183 Thread 0x0000024bb9324000 nmethod 7963 0x0000024ba2f1d810 code [0x0000024ba2f1dda0, 0x0000024ba2f21068]
Event: 19.183 Thread 0x0000024bb9324000 7964       3       org.apache.commons.io.FilenameUtils::getPrefixLength (343 bytes)
Event: 19.190 Thread 0x0000024bb9324000 nmethod 7964 0x0000024ba2f21f90 code [0x0000024ba2f224a0, 0x0000024ba2f24f68]
Event: 19.190 Thread 0x0000024bb9324000 7965       3       org.gradle.api.internal.tasks.DefaultTaskDependency::visitDependencies (712 bytes)

GC Heap History (20 events):
Event: 4.553 GC heap before
{Heap before GC invocations=2 (full 0):
 garbage-first heap   total 131072K, used 58985K [0x0000000080000000, 0x0000000100000000)
  region size 1024K, 51 young (52224K), 8 survivors (8192K)
 Metaspace       used 20838K, capacity 21166K, committed 21296K, reserved 1069056K
  class space    used 2526K, capacity 2653K, committed 2688K, reserved 1048576K
}
Event: 4.571 GC heap after
{Heap after GC invocations=3 (full 0):
 garbage-first heap   total 131072K, used 17846K [0x0000000080000000, 0x0000000100000000)
  region size 1024K, 3 young (3072K), 3 survivors (3072K)
 Metaspace       used 20838K, capacity 21166K, committed 21296K, reserved 1069056K
  class space    used 2526K, capacity 2653K, committed 2688K, reserved 1048576K
}
Event: 5.918 GC heap before
{Heap before GC invocations=4 (full 0):
 garbage-first heap   total 131072K, used 75190K [0x0000000080000000, 0x0000000100000000)
  region size 1024K, 59 young (60416K), 3 survivors (3072K)
 Metaspace       used 26987K, capacity 27604K, committed 27772K, reserved 1073152K
  class space    used 3501K, capacity 3770K, committed 3788K, reserved 1048576K
}
Event: 5.927 GC heap after
{Heap after GC invocations=5 (full 0):
 garbage-first heap   total 131072K, used 19891K [0x0000000080000000, 0x0000000100000000)
  region size 1024K, 5 young (5120K), 5 survivors (5120K)
 Metaspace       used 26987K, capacity 27604K, committed 27772K, reserved 1073152K
  class space    used 3501K, capacity 3770K, committed 3788K, reserved 1048576K
}
Event: 7.644 GC heap before
{Heap before GC invocations=5 (full 0):
 garbage-first heap   total 131072K, used 86451K [0x0000000080000000, 0x0000000100000000)
  region size 1024K, 71 young (72704K), 5 survivors (5120K)
 Metaspace       used 35123K, capacity 35979K, committed 36048K, reserved 1081344K
  class space    used 4580K, capacity 4925K, committed 4940K, reserved 1048576K
}
Event: 7.662 GC heap after
{Heap after GC invocations=6 (full 0):
 garbage-first heap   total 131072K, used 23293K [0x0000000080000000, 0x0000000100000000)
  region size 1024K, 8 young (8192K), 8 survivors (8192K)
 Metaspace       used 35123K, capacity 35979K, committed 36048K, reserved 1081344K
  class space    used 4580K, capacity 4925K, committed 4940K, reserved 1048576K
}
Event: 9.311 GC heap before
{Heap before GC invocations=7 (full 0):
 garbage-first heap   total 131072K, used 95997K [0x0000000080000000, 0x0000000100000000)
  region size 1024K, 76 young (77824K), 8 survivors (8192K)
 Metaspace       used 41111K, capacity 42093K, committed 42396K, reserved 1085440K
  class space    used 5216K, capacity 5568K, committed 5656K, reserved 1048576K
}
Event: 9.343 GC heap after
{Heap after GC invocations=8 (full 0):
 garbage-first heap   total 157696K, used 29365K [0x0000000080000000, 0x0000000100000000)
  region size 1024K, 10 young (10240K), 10 survivors (10240K)
 Metaspace       used 41111K, capacity 42093K, committed 42396K, reserved 1085440K
  class space    used 5216K, capacity 5568K, committed 5656K, reserved 1048576K
}
Event: 10.861 GC heap before
{Heap before GC invocations=9 (full 0):
 garbage-first heap   total 157696K, used 112309K [0x0000000080000000, 0x0000000100000000)
  region size 1024K, 91 young (93184K), 10 survivors (10240K)
 Metaspace       used 48268K, capacity 49461K, committed 49564K, reserved 1091584K
  class space    used 6179K, capacity 6654K, committed 6680K, reserved 1048576K
}
Event: 10.877 GC heap after
{Heap after GC invocations=10 (full 0):
 garbage-first heap   total 157696K, used 31505K [0x0000000080000000, 0x0000000100000000)
  region size 1024K, 9 young (9216K), 9 survivors (9216K)
 Metaspace       used 48268K, capacity 49461K, committed 49564K, reserved 1091584K
  class space    used 6179K, capacity 6654K, committed 6680K, reserved 1048576K
}
Event: 12.877 GC heap before
{Heap before GC invocations=10 (full 0):
 garbage-first heap   total 157696K, used 118545K [0x0000000080000000, 0x0000000100000000)
  region size 1024K, 92 young (94208K), 9 survivors (9216K)
 Metaspace       used 54313K, capacity 55697K, committed 56092K, reserved 1097728K
  class space    used 6886K, capacity 7436K, committed 7576K, reserved 1048576K
}
Event: 12.893 GC heap after
{Heap after GC invocations=11 (full 0):
 garbage-first heap   total 157696K, used 41731K [0x0000000080000000, 0x0000000100000000)
  region size 1024K, 11 young (11264K), 11 survivors (11264K)
 Metaspace       used 54313K, capacity 55697K, committed 56092K, reserved 1097728K
  class space    used 6886K, capacity 7436K, committed 7576K, reserved 1048576K
}
Event: 14.827 GC heap before
{Heap before GC invocations=11 (full 0):
 garbage-first heap   total 157696K, used 126723K [0x0000000080000000, 0x0000000100000000)
  region size 1024K, 87 young (89088K), 11 survivors (11264K)
 Metaspace       used 62843K, capacity 64496K, committed 64668K, reserved 1105920K
  class space    used 7953K, capacity 8592K, committed 8728K, reserved 1048576K
}
Event: 14.841 GC heap after
{Heap after GC invocations=12 (full 0):
 garbage-first heap   total 157696K, used 48814K [0x0000000080000000, 0x0000000100000000)
  region size 1024K, 7 young (7168K), 7 survivors (7168K)
 Metaspace       used 62843K, capacity 64496K, committed 64668K, reserved 1105920K
  class space    used 7953K, capacity 8592K, committed 8728K, reserved 1048576K
}
Event: 15.878 GC heap before
{Heap before GC invocations=12 (full 0):
 garbage-first heap   total 157696K, used 121518K [0x0000000080000000, 0x0000000100000000)
  region size 1024K, 77 young (78848K), 7 survivors (7168K)
 Metaspace       used 65259K, capacity 66995K, committed 67356K, reserved 1107968K
  class space    used 8290K, capacity 8965K, committed 9112K, reserved 1048576K
}
Event: 15.892 GC heap after
{Heap after GC invocations=13 (full 0):
 garbage-first heap   total 157696K, used 54172K [0x0000000080000000, 0x0000000100000000)
  region size 1024K, 6 young (6144K), 6 survivors (6144K)
 Metaspace       used 65259K, capacity 66995K, committed 67356K, reserved 1107968K
  class space    used 8290K, capacity 8965K, committed 9112K, reserved 1048576K
}
Event: 16.514 GC heap before
{Heap before GC invocations=13 (full 0):
 garbage-first heap   total 157696K, used 82844K [0x0000000080000000, 0x0000000100000000)
  region size 1024K, 35 young (35840K), 6 survivors (6144K)
 Metaspace       used 68878K, capacity 70560K, committed 70660K, reserved 1110016K
  class space    used 8900K, capacity 9577K, committed 9624K, reserved 1048576K
}
Event: 16.527 GC heap after
{Heap after GC invocations=14 (full 0):
 garbage-first heap   total 157696K, used 55642K [0x0000000080000000, 0x0000000100000000)
  region size 1024K, 2 young (2048K), 2 survivors (2048K)
 Metaspace       used 68878K, capacity 70560K, committed 70660K, reserved 1110016K
  class space    used 8900K, capacity 9577K, committed 9624K, reserved 1048576K
}
Event: 18.131 GC heap before
{Heap before GC invocations=15 (full 0):
 garbage-first heap   total 157696K, used 124250K [0x0000000080000000, 0x0000000100000000)
  region size 1024K, 69 young (70656K), 2 survivors (2048K)
 Metaspace       used 75274K, capacity 77139K, committed 77392K, reserved 1116160K
  class space    used 9896K, capacity 10613K, committed 10724K, reserved 1048576K
}
Event: 18.147 GC heap after
{Heap after GC invocations=16 (full 0):
 garbage-first heap   total 157696K, used 59068K [0x0000000080000000, 0x0000000100000000)
  region size 1024K, 6 young (6144K), 6 survivors (6144K)
 Metaspace       used 75274K, capacity 77139K, committed 77392K, reserved 1116160K
  class space    used 9896K, capacity 10613K, committed 10724K, reserved 1048576K
}

Deoptimization events (20 events):
Event: 18.679 Thread 0x0000024bba43d800 DEOPT PACKING pc=0x0000024ba2a0887c sp=0x0000005f0def77a0
Event: 18.679 Thread 0x0000024bba43d800 DEOPT UNPACKING pc=0x0000024ba196a95e sp=0x0000005f0def6d40 mode 0
Event: 18.700 Thread 0x0000024bba43d800 Uncommon trap: trap_request=0xffffff4d fr.pc=0x0000024ba9720608 relative=0x0000000000000708
Event: 18.700 Thread 0x0000024bba43d800 Uncommon trap: reason=unstable_if action=reinterpret pc=0x0000024ba9720608 method=java.util.HashMap.putVal(ILjava/lang/Object;Ljava/lang/Object;ZZ)Ljava/lang/Object; @ 109 c2
Event: 18.700 Thread 0x0000024bba43d800 DEOPT PACKING pc=0x0000024ba9720608 sp=0x0000005f0def7500
Event: 18.700 Thread 0x0000024bba43d800 DEOPT UNPACKING pc=0x0000024ba196a1af sp=0x0000005f0def7418 mode 2
Event: 18.700 Thread 0x0000024bba43d800 Uncommon trap: trap_request=0xffffff4d fr.pc=0x0000024ba969a588 relative=0x0000000000000688
Event: 18.700 Thread 0x0000024bba43d800 Uncommon trap: reason=unstable_if action=reinterpret pc=0x0000024ba969a588 method=java.util.HashMap.putVal(ILjava/lang/Object;Ljava/lang/Object;ZZ)Ljava/lang/Object; @ 109 c2
Event: 18.700 Thread 0x0000024bba43d800 DEOPT PACKING pc=0x0000024ba969a588 sp=0x0000005f0def7450
Event: 18.700 Thread 0x0000024bba43d800 DEOPT UNPACKING pc=0x0000024ba196a1af sp=0x0000005f0def7408 mode 2
Event: 18.766 Thread 0x0000024bba43d800 DEOPT PACKING pc=0x0000024ba2a08856 sp=0x0000005f0def7240
Event: 18.766 Thread 0x0000024bba43d800 DEOPT UNPACKING pc=0x0000024ba196a95e sp=0x0000005f0def67e0 mode 0
Event: 18.786 Thread 0x0000024bba43d800 Uncommon trap: trap_request=0xffffff4d fr.pc=0x0000024ba9879f24 relative=0x00000000000001e4
Event: 18.786 Thread 0x0000024bba43d800 Uncommon trap: reason=unstable_if action=reinterpret pc=0x0000024ba9879f24 method=org.gradle.internal.instantiation.generator.AbstractClassGenerator.isNameProperty(Lorg/gradle/internal/instantiation/generator/AbstractClassGenerator$PropertyMetadata;)Z @ 2
Event: 18.786 Thread 0x0000024bba43d800 DEOPT PACKING pc=0x0000024ba9879f24 sp=0x0000005f0def71c0
Event: 18.786 Thread 0x0000024bba43d800 DEOPT UNPACKING pc=0x0000024ba196a1af sp=0x0000005f0def7150 mode 2
Event: 18.969 Thread 0x0000024bba43d800 DEOPT PACKING pc=0x0000024ba2a08856 sp=0x0000005f0def8d50
Event: 18.969 Thread 0x0000024bba43d800 DEOPT UNPACKING pc=0x0000024ba196a95e sp=0x0000005f0def82f0 mode 0
Event: 19.129 Thread 0x0000024bba43d800 DEOPT PACKING pc=0x0000024ba2c8577e sp=0x0000005f0def8f70
Event: 19.129 Thread 0x0000024bba43d800 DEOPT UNPACKING pc=0x0000024ba196a95e sp=0x0000005f0def84c8 mode 0

Classes redefined (0 events):
No events

Internal exceptions (20 events):
Event: 15.847 Thread 0x0000024bba43d800 Exception <a 'java/lang/ClassNotFoundException'{0x0000000085560f88}: org/gradle/api/internal/artifacts/dsl/dependencies/DefaultDependencyHandler_DecoratedCustomizer> (0x0000000085560f88) thrown at [src/hotspot/share/classfile/systemDictionary.cpp, line 230]
Event: 17.152 Thread 0x0000024bba43d800 Exception <a 'java/lang/ClassNotFoundException'{0x00000000886e3b78}: com/android/build/gradle/internal/api/ApkVariantOutputImpl_DecoratedBeanInfo> (0x00000000886e3b78) thrown at [src/hotspot/share/classfile/systemDictionary.cpp, line 230]
Event: 17.153 Thread 0x0000024bba43d800 Exception <a 'java/lang/ClassNotFoundException'{0x0000000088500c28}: com/android/build/gradle/internal/api/ApkVariantOutputImplBeanInfo> (0x0000000088500c28) thrown at [src/hotspot/share/classfile/systemDictionary.cpp, line 230]
Event: 17.154 Thread 0x0000024bba43d800 Exception <a 'java/lang/ClassNotFoundException'{0x000000008851ed18}: com/android/build/gradle/internal/api/BaseVariantOutputImplBeanInfo> (0x000000008851ed18) thrown at [src/hotspot/share/classfile/systemDictionary.cpp, line 230]
Event: 17.156 Thread 0x0000024bba43d800 Exception <a 'java/lang/ClassNotFoundException'{0x000000008853c148}: com/android/build/gradle/internal/api/BaseVariantOutputImplCustomizer> (0x000000008853c148) thrown at [src/hotspot/share/classfile/systemDictionary.cpp, line 230]
Event: 17.158 Thread 0x0000024bba43d800 Exception <a 'java/lang/ClassNotFoundException'{0x000000008856b948}: com/android/build/gradle/internal/api/ApkVariantOutputImplCustomizer> (0x000000008856b948) thrown at [src/hotspot/share/classfile/systemDictionary.cpp, line 230]
Event: 17.159 Thread 0x0000024bba43d800 Exception <a 'java/lang/ClassNotFoundException'{0x0000000088597b30}: com/android/build/gradle/internal/api/ApkVariantOutputImpl_DecoratedCustomizer> (0x0000000088597b30) thrown at [src/hotspot/share/classfile/systemDictionary.cpp, line 230]
Event: 17.176 Thread 0x0000024bba43d800 Exception <a 'java/lang/NoClassDefFoundError'{0x0000000088481038}: org/jetbrains/kotlin/gradle/plugin/KotlinBasePluginWrapper> (0x0000000088481038) thrown at [src/hotspot/share/classfile/systemDictionary.cpp, line 219]
Event: 17.305 Thread 0x0000024bba43d800 Implicit null exception at 0x0000024ba9682fb1 to 0x0000024ba9683649
Event: 17.673 Thread 0x0000024bba43d800 Exception <a 'java/lang/NoSuchMethodError'{0x0000000086fe3b40}: 'java.lang.Object java.lang.invoke.DirectMethodHandle$Holder.invokeStatic(java.lang.Object, java.lang.Object, java.lang.Object, java.lang.Object, java.lang.Object, java.lang.Object, int)'> (0x0000000086fe3b40) thrown at [src/hotspot/share/interpreter/linkResolver.cpp, line 773]
Event: 17.675 Thread 0x0000024bba43d800 Exception <a 'java/lang/NoSuchMethodError'{0x0000000086ffb490}: 'java.lang.Object java.lang.invoke.DirectMethodHandle$Holder.invokeStatic(java.lang.Object, java.lang.Object, java.lang.Object, java.lang.Object, java.lang.Object, java.lang.Object, int, int)'> (0x0000000086ffb490) thrown at [src/hotspot/share/interpreter/linkResolver.cpp, line 773]
Event: 17.676 Thread 0x0000024bba43d800 Exception <a 'java/lang/NoSuchMethodError'{0x0000000086e16eb0}: 'java.lang.Object java.lang.invoke.DirectMethodHandle$Holder.invokeStatic(java.lang.Object, java.lang.Object, java.lang.Object, java.lang.Object, java.lang.Object, java.lang.Object, int, int, java.lang.Object)'> (0x0000000086e16eb0) thrown at [src/hotspot/share/interpreter/linkResolver.cpp, line 773]
Event: 17.893 Thread 0x0000024bba43d800 Exception <a 'sun/nio/fs/WindowsException'{0x00000000864b7390}> (0x00000000864b7390) thrown at [src/hotspot/share/prims/jni.cpp, line 617]
Event: 18.050 Thread 0x0000024bba43d800 Exception <a 'java/lang/NullPointerException'{0x0000000085ae05d8}> (0x0000000085ae05d8) thrown at [src/hotspot/share/interpreter/linkResolver.cpp, line 1440]
Event: 18.183 Thread 0x0000024bba43d800 Implicit null exception at 0x0000024ba9740409 to 0x0000024ba9740acc
Event: 18.539 Thread 0x0000024bba43d800 Exception <a 'sun/nio/fs/WindowsException'{0x0000000088dd0ec8}> (0x0000000088dd0ec8) thrown at [src/hotspot/share/prims/jni.cpp, line 617]
Event: 18.539 Thread 0x0000024bba43d800 Exception <a 'sun/nio/fs/WindowsException'{0x0000000088dd2268}> (0x0000000088dd2268) thrown at [src/hotspot/share/prims/jni.cpp, line 617]
Event: 18.540 Thread 0x0000024bba43d800 Exception <a 'sun/nio/fs/WindowsException'{0x0000000088dd3640}> (0x0000000088dd3640) thrown at [src/hotspot/share/prims/jni.cpp, line 617]
Event: 18.540 Thread 0x0000024bba43d800 Exception <a 'sun/nio/fs/WindowsException'{0x0000000088dd4a18}> (0x0000000088dd4a18) thrown at [src/hotspot/share/prims/jni.cpp, line 617]
Event: 18.731 Thread 0x0000024bba43d800 Exception <a 'java/lang/NoSuchMethodError'{0x0000000088438ce8}: 'java.lang.Object java.lang.invoke.Invokers$Holder.linkToTargetMethod(java.lang.Object, int, java.lang.Object)'> (0x0000000088438ce8) thrown at [src/hotspot/share/interpreter/linkResolver.cpp, line 773]

Events (20 events):
Event: 19.130 loading class org/gradle/api/internal/provider/ValueSupplier$ExternalValueProducer
Event: 19.130 loading class org/gradle/api/internal/provider/ValueSupplier$ExternalValueProducer done
Event: 19.146 loading class com/android/build/api/variant/impl/FlatSourceDirectoriesImpl$getAsFileTrees$1$1$1
Event: 19.146 loading class com/android/build/api/variant/impl/FlatSourceDirectoriesImpl$getAsFileTrees$1$1$1 done
Event: 19.147 loading class org/gradle/api/specs/OrSpec
Event: 19.147 loading class org/gradle/api/specs/OrSpec done
Event: 19.147 loading class com/android/build/api/variant/impl/FileBasedDirectoryEntryImpl$asFileTree$1$1
Event: 19.147 loading class com/android/build/api/variant/impl/FileBasedDirectoryEntryImpl$asFileTree$1$1 done
Event: 19.161 loading class com/android/build/gradle/internal/dependency/VariantDependencies$Companion$getComponentFilter$3
Event: 19.161 loading class com/android/build/gradle/internal/dependency/VariantDependencies$Companion$getComponentFilter$3 done
Event: 19.162 loading class com/android/build/gradle/internal/tasks/DexArchiveBuilderTask$DexingOutputs
Event: 19.162 loading class com/android/build/gradle/internal/tasks/DexArchiveBuilderTask$DexingOutputs done
Event: 19.163 loading class com/android/build/gradle/internal/tasks/DexParameterInputs
Event: 19.163 loading class com/android/build/gradle/internal/tasks/DexParameterInputs done
Event: 19.163 loading class com/android/build/gradle/internal/tasks/DexArchiveBuilderTask$Companion
Event: 19.163 loading class com/android/build/gradle/internal/tasks/DexArchiveBuilderTask$Companion done
Event: 19.169 loading class com/android/build/gradle/internal/dexing/DexParameters
Event: 19.169 loading class com/android/build/gradle/internal/dexing/DexParameters done
Event: 19.174 loading class com/android/build/gradle/internal/tasks/DexArchiveBuilderTask$CreationAction$configure$1
Event: 19.174 loading class com/android/build/gradle/internal/tasks/DexArchiveBuilderTask$CreationAction$configure$1 done


Dynamic libraries:
0x00007ff76acb0000 - 0x00007ff76acba000 	C:\Program Files\Android\Android Studio\jbr\bin\java.exe
0x00007ffc3a960000 - 0x00007ffc3ab50000 	C:\WINDOWS\SYSTEM32\ntdll.dll
0x00007ffc39020000 - 0x00007ffc390d2000 	C:\WINDOWS\System32\KERNEL32.DLL
0x00007ffc37e20000 - 0x00007ffc380c5000 	C:\WINDOWS\System32\KERNELBASE.dll
0x00007ffc37cc0000 - 0x00007ffc37dba000 	C:\WINDOWS\System32\ucrtbase.dll
0x00007ffc2f8b0000 - 0x00007ffc2f8cb000 	C:\Program Files\Android\Android Studio\jbr\bin\VCRUNTIME140.dll
0x00007ffc1a7a0000 - 0x00007ffc1a7b7000 	C:\Program Files\Android\Android Studio\jbr\bin\jli.dll
0x00007ffc38e80000 - 0x00007ffc39014000 	C:\WINDOWS\System32\USER32.dll
0x00007ffc38230000 - 0x00007ffc38251000 	C:\WINDOWS\System32\win32u.dll
0x00007ffc20fa0000 - 0x00007ffc21224000 	C:\WINDOWS\WinSxS\amd64_microsoft.windows.common-controls_6595b64144ccf1df_6.0.18362.2274_none_9e8067a5e45c3d75\COMCTL32.dll
0x00007ffc390e0000 - 0x00007ffc39106000 	C:\WINDOWS\System32\GDI32.dll
0x00007ffc39930000 - 0x00007ffc399ce000 	C:\WINDOWS\System32\msvcrt.dll
0x00007ffc37ad0000 - 0x00007ffc37c68000 	C:\WINDOWS\System32\gdi32full.dll
0x00007ffc380d0000 - 0x00007ffc3816e000 	C:\WINDOWS\System32\msvcp_win.dll
0x00007ffc3a200000 - 0x00007ffc3a536000 	C:\WINDOWS\System32\combase.dll
0x00007ffc3a800000 - 0x00007ffc3a91b000 	C:\WINDOWS\System32\RPCRT4.dll
0x00007ffc381a0000 - 0x00007ffc38224000 	C:\WINDOWS\System32\bcryptPrimitives.dll
0x00007ffc39c80000 - 0x00007ffc39cae000 	C:\WINDOWS\System32\IMM32.DLL
0x00007ffc34940000 - 0x00007ffc3494c000 	C:\Program Files\Android\Android Studio\jbr\bin\vcruntime140_1.dll
0x00007ffc067c0000 - 0x00007ffc0684d000 	C:\Program Files\Android\Android Studio\jbr\bin\msvcp140.dll
0x00007ffbeb350000 - 0x00007ffbebf0c000 	C:\Program Files\Android\Android Studio\jbr\bin\server\jvm.dll
0x00007ffc38a00000 - 0x00007ffc38aa5000 	C:\WINDOWS\System32\ADVAPI32.dll
0x00007ffc39b10000 - 0x00007ffc39ba8000 	C:\WINDOWS\System32\sechost.dll
0x00007ffc38ab0000 - 0x00007ffc38ab8000 	C:\WINDOWS\System32\PSAPI.DLL
0x00007ffc2d320000 - 0x00007ffc2d329000 	C:\WINDOWS\SYSTEM32\WSOCK32.dll
0x00007ffc34fc0000 - 0x00007ffc34fe4000 	C:\WINDOWS\SYSTEM32\WINMM.dll
0x00007ffc2d6f0000 - 0x00007ffc2d6fa000 	C:\WINDOWS\SYSTEM32\VERSION.dll
0x00007ffc3a730000 - 0x00007ffc3a79f000 	C:\WINDOWS\System32\WS2_32.dll
0x00007ffc348d0000 - 0x00007ffc348fd000 	C:\WINDOWS\SYSTEM32\winmmbase.dll
0x00007ffc37c70000 - 0x00007ffc37cba000 	C:\WINDOWS\System32\cfgmgr32.dll
0x00007ffc37820000 - 0x00007ffc37831000 	C:\WINDOWS\System32\kernel.appcore.dll
0x00007ffc342d0000 - 0x00007ffc342e0000 	C:\Program Files\Android\Android Studio\jbr\bin\verify.dll
0x00007ffc24710000 - 0x00007ffc24904000 	C:\WINDOWS\SYSTEM32\DBGHELP.DLL
0x00007ffc246d0000 - 0x00007ffc246fa000 	C:\WINDOWS\SYSTEM32\dbgcore.DLL
0x00007ffc226a0000 - 0x00007ffc226c8000 	C:\Program Files\Android\Android Studio\jbr\bin\java.dll
0x00007ffc33fd0000 - 0x00007ffc33fda000 	C:\Program Files\Android\Android Studio\jbr\bin\jimage.dll
0x00007ffc2e4c0000 - 0x00007ffc2e4d8000 	C:\Program Files\Android\Android Studio\jbr\bin\zip.dll
0x00007ffc391c0000 - 0x00007ffc398a7000 	C:\WINDOWS\System32\SHELL32.dll
0x00007ffc39110000 - 0x00007ffc391b9000 	C:\WINDOWS\System32\shcore.dll
0x00007ffc38280000 - 0x00007ffc389fc000 	C:\WINDOWS\System32\windows.storage.dll
0x00007ffc378b0000 - 0x00007ffc378ce000 	C:\WINDOWS\System32\profapi.dll
0x00007ffc37840000 - 0x00007ffc3788a000 	C:\WINDOWS\System32\powrprof.dll
0x00007ffc37810000 - 0x00007ffc37820000 	C:\WINDOWS\System32\UMPDC.dll
0x00007ffc39a30000 - 0x00007ffc39a82000 	C:\WINDOWS\System32\shlwapi.dll
0x00007ffc38260000 - 0x00007ffc38277000 	C:\WINDOWS\System32\cryptsp.dll
0x00007ffc2e240000 - 0x00007ffc2e259000 	C:\Program Files\Android\Android Studio\jbr\bin\net.dll
0x00007ffc2ea00000 - 0x00007ffc2eaf9000 	C:\WINDOWS\SYSTEM32\WINHTTP.dll
0x00007ffc36ff0000 - 0x00007ffc37057000 	C:\WINDOWS\system32\mswsock.dll
0x00007ffc2d250000 - 0x00007ffc2d263000 	C:\Program Files\Android\Android Studio\jbr\bin\nio.dll
0x00007ffc19bb0000 - 0x00007ffc19bd7000 	C:\Users\442200404\.gradle\native\e1d6ef7f7dcc3fd88c89a11ec53ec762bb8ba0a96d01ffa2cd45eb1d1d8dd5c5\windows-amd64\native-platform.dll
0x00007ffc016e0000 - 0x00007ffc01824000 	C:\Users\442200404\.gradle\native\0d407fdbe67a94daf76414ababcb853783967236a71b16ec16e742cd7a986fd3\windows-amd64\native-platform-file-events.dll
0x00007ffc33ee0000 - 0x00007ffc33eea000 	C:\Program Files\Android\Android Studio\jbr\bin\management.dll
0x00007ffc33860000 - 0x00007ffc3386b000 	C:\Program Files\Android\Android Studio\jbr\bin\management_ext.dll
0x00007ffc368f0000 - 0x00007ffc36923000 	C:\WINDOWS\system32\rsaenh.dll
0x00007ffc38170000 - 0x00007ffc38196000 	C:\WINDOWS\System32\bcrypt.dll
0x00007ffc37730000 - 0x00007ffc37755000 	C:\WINDOWS\SYSTEM32\USERENV.dll
0x00007ffc371c0000 - 0x00007ffc371cc000 	C:\WINDOWS\SYSTEM32\CRYPTBASE.dll
0x00007ffc36d00000 - 0x00007ffc36d3a000 	C:\WINDOWS\SYSTEM32\IPHLPAPI.DLL
0x00007ffc38ac0000 - 0x00007ffc38ac8000 	C:\WINDOWS\System32\NSI.dll
0x00007ffc31f00000 - 0x00007ffc31f16000 	C:\WINDOWS\SYSTEM32\dhcpcsvc6.DLL
0x00007ffc31ee0000 - 0x00007ffc31efc000 	C:\WINDOWS\SYSTEM32\dhcpcsvc.DLL
0x00007ffc36d40000 - 0x00007ffc36e0a000 	C:\WINDOWS\SYSTEM32\DNSAPI.dll

dbghelp: loaded successfully - version: 4.0.5 - missing functions: none
symbol engine: initialized successfully - sym options: 0x614 - pdb path: .;C:\Program Files\Android\Android Studio\jbr\bin;C:\WINDOWS\SYSTEM32;C:\WINDOWS\WinSxS\amd64_microsoft.windows.common-controls_6595b64144ccf1df_6.0.18362.2274_none_9e8067a5e45c3d75;C:\Program Files\Android\Android Studio\jbr\bin\server;C:\Users\442200404\.gradle\native\e1d6ef7f7dcc3fd88c89a11ec53ec762bb8ba0a96d01ffa2cd45eb1d1d8dd5c5\windows-amd64;C:\Users\442200404\.gradle\native\0d407fdbe67a94daf76414ababcb853783967236a71b16ec16e742cd7a986fd3\windows-amd64

VM Arguments:
jvm_args: --add-opens=java.base/java.util=ALL-UNNAMED --add-opens=java.base/java.lang=ALL-UNNAMED --add-opens=java.base/java.lang.invoke=ALL-UNNAMED --add-opens=java.base/java.util=ALL-UNNAMED --add-opens=java.prefs/java.util.prefs=ALL-UNNAMED --add-opens=java.prefs/java.util.prefs=ALL-UNNAMED --add-opens=java.base/java.nio.charset=ALL-UNNAMED --add-opens=java.base/java.net=ALL-UNNAMED --add-opens=java.base/java.util.concurrent.atomic=ALL-UNNAMED -Xmx2048m -Dfile.encoding=UTF-8 -Duser.country=US -Duser.language=en -Duser.variant 
java_command: org.gradle.launcher.daemon.bootstrap.GradleDaemon 7.5
java_class_path (initial): C:\Users\442200404\.gradle\wrapper\dists\gradle-7.5-bin\f1w0cc9nuo0eivz97x2xlu9sv\gradle-7.5\lib\gradle-launcher-7.5.jar
Launcher Type: SUN_STANDARD

[Global flags]
     intx CICompilerCount                          = 4                                         {product} {ergonomic}
     uint ConcGCThreads                            = 2                                         {product} {ergonomic}
     uint G1ConcRefinementThreads                  = 8                                         {product} {ergonomic}
   size_t G1HeapRegionSize                         = 1048576                                   {product} {ergonomic}
    uintx GCDrainStackTargetSize                   = 64                                        {product} {ergonomic}
   size_t InitialHeapSize                          = 134217728                                 {product} {ergonomic}
   size_t MarkStackSize                            = 4194304                                   {product} {ergonomic}
   size_t MaxHeapSize                              = 2147483648                                {product} {command line}
   size_t MaxNewSize                               = 1287651328                                {product} {ergonomic}
   size_t MinHeapDeltaBytes                        = 1048576                                   {product} {ergonomic}
    uintx NonNMethodCodeHeapSize                   = 5836300                                {pd product} {ergonomic}
    uintx NonProfiledCodeHeapSize                  = 122910970                              {pd product} {ergonomic}
    uintx ProfiledCodeHeapSize                     = 122910970                              {pd product} {ergonomic}
    uintx ReservedCodeCacheSize                    = 251658240                              {pd product} {ergonomic}
     bool SegmentedCodeCache                       = true                                      {product} {ergonomic}
     bool UseCompressedClassPointers               = true                                 {lp64_product} {ergonomic}
     bool UseCompressedOops                        = true                                 {lp64_product} {ergonomic}
     bool UseG1GC                                  = true                                      {product} {ergonomic}
     bool UseLargePagesIndividualAllocation        = false                                  {pd product} {ergonomic}

Logging:
Log output configuration:
 #0: stdout all=warning uptime,level,tags
 #1: stderr all=off uptime,level,tags

Environment Variables:
PATH=C:\Program Files\Common Files\Oracle\Java\javapath;C:\ProgramData\Oracle\Java\javapath;C:\Program Files (x86)\Intel\iCLS Client\;C:\Program Files\Intel\iCLS Client\;C:\Program Files\Common Files\Microsoft Shared\Windows Live;C:\Program Files (x86)\Common Files\Microsoft Shared\Windows Live;C:\WINDOWS\system32;C:\WINDOWS;C:\WINDOWS\System32\Wbem;C:\WINDOWS\System32\WindowsPowerShell\v1.0\;C:\Program Files (x86)\Windows Live\Shared;C:\Program Files\Intel\Intel(R) Management Engine Components\DAL;C:\Program Files\Intel\Intel(R) Management Engine Components\IPT;C:\Program Files (x86)\Intel\Intel(R) Management Engine Components\DAL;C:\Program Files (x86)\Intel\Intel(R) Management Engine Components\IPT;C:\Program Files (x86)\Intel\OpenCL SDK\2.0\bin\x86;C:\Program Files (x86)\Intel\OpenCL SDK\2.0\bin\x64;c:\Program Files (x86)\Microsoft SQL Server\90\Tools\binn\;C:\Program Files (x86)\Windows Kits\8.1\Windows Performance Toolkit\;C:\Program Files\Microsoft SQL Server\110\Tools\Binn\;C:\Program Files (x86)\Common Files\Netop\;C:\Program Files (x86)\Netop\Vision\XL\;C:\WINDOWS\System32\OpenSSH\;C:\Program Files\Git\cmd;C:\Users\442200404\AppData\Local\Microsoft\WindowsApps
USERNAME=442200404
OS=Windows_NT
PROCESSOR_IDENTIFIER=Intel64 Family 6 Model 58 Stepping 9, GenuineIntel



---------------  S Y S T E M  ---------------

OS: Windows 10 , 64 bit Build 18362 (10.0.18362.2274)
OS uptime: 8 days 21:08 hours

CPU:total 8 (initial active 8) (4 cores per cpu, 2 threads per core) family 6 model 58 stepping 9 microcode 0x21, cmov, cx8, fxsr, mmx, sse, sse2, sse3, ssse3, sse4.1, sse4.2, popcnt, avx, aes, clmul, erms, ht, tsc, tscinvbit, tscinv

Memory: 4k page, system-wide physical 8078M (590M free)
TotalPageFile size 9102M (AvailPageFile size 5M)
current process WorkingSet (physical memory assigned to process): 393M, peak: 395M
current process commit charge ("private bytes"): 432M, peak: 434M

vm_info: OpenJDK 64-Bit Server VM (11.0.15+0-b2043.56-9505619) for windows-amd64 JRE (11.0.15+0-b2043.56-9505619), built on Jan 19 2023 02:48:00 by "builduser" with unknown MS VC++:1929

END.
